Overlap Grad Matrix:
            0            0            0            0   1.7605e-01   1.7605e-01  -1.7605e-01  -1.7605e-01            0            0            0            0  -9.1659e-02  -9.1659e-02  -9.1659e-02  -9.1659e-02            0            0            0            0   1.3631e-01  -1.3631e-01  -1.3631e-01   1.3631e-01            0            0            0            0   1.3631e-01  -1.3631e-01   1.3631e-01   1.3631e-01  -1.7605e-01   9.1659e-02  -1.3631e-01  -1.3631e-01            0  -2.4018e-19  -9.8533e-02  -4.6778e-02  -1.7605e-01   9.1659e-02   1.3631e-01   1.3631e-01  -2.4018e-19            0  -9.8533e-02  -2.5256e-01   1.7605e-01   9.1659e-02   1.3631e-01  -1.3631e-01   9.8533e-02   9.8533e-02            0   4.6813e-18   1.7605e-01   9.1659e-02  -1.3631e-01  -1.3631e-01   4.6778e-02   2.5256e-01   4.6813e-18            0
            0            0            0            0   1.7605e-01  -1.7605e-01   1.7605e-01  -1.7605e-01            0            0            0            0   1.3631e-01  -1.3631e-01  -1.3631e-01   1.3631e-01            0            0            0            0  -9.1659e-02  -9.1659e-02  -9.1659e-02  -9.1659e-02            0            0            0            0   1.3631e-01   1.3631e-01  -1.3631e-01   1.3631e-01  -1.7605e-01  -1.3631e-01   9.1659e-02  -1.3631e-01            0  -9.8533e-02  -2.4018e-19  -4.6778e-02   1.7605e-01   1.3631e-01   9.1659e-02  -1.3631e-01   9.8533e-02            0   9.8533e-02   4.6813e-18  -1.7605e-01   1.3631e-01   9.1659e-02   1.3631e-01  -2.4018e-19  -9.8533e-02            0  -2.5256e-01   1.7605e-01  -1.3631e-01   9.1659e-02  -1.3631e-01   4.6778e-02   4.6813e-18   2.5256e-01            0
            0            0            0            0   1.7605e-01  -1.7605e-01  -1.7605e-01  -1.7605e-01            0            0            0            0   1.3631e-01  -1.3631e-01   1.3631e-01   1.3631e-01            0            0            0            0   1.3631e-01   1.3631e-01  -1.3631e-01   1.3631e-01            0            0            0            0  -9.1659e-02  -9.1659e-02  -9.1659e-02  -9.1659e-02  -1.7605e-01  -1.3631e-01  -1.3631e-01   9.1659e-02            0  -9.8533e-02  -9.8533e-02  -4.6778e-02   1.7605e-01   1.3631e-01  -1.3631e-01   9.1659e-02   9.8533e-02            0   2.4018e-19   4.6813e-18   1.7605e-01  -1.3631e-01   1.3631e-01   9.1659e-02   9.8533e-02   2.4018e-19            0   4.6813e-18   1.7605e-01  -1.3631e-01  -1.3631e-01   9.1659e-02   4.6778e-02   4.6813e-18   4.6813e-18            0
Gamma Grad Matrix:
        0   2.2682   2.2682  -2.2682  -2.2682  -2.2682        0        0  -1.6143  -0.9155  -2.2682        0        0  -1.6143  -3.7741   2.2682   1.6143   1.6143        0        0   2.2682   0.9155   3.7741        0        0
        0   2.2682  -2.2682   2.2682  -2.2682  -2.2682        0  -1.6143        0  -0.9155   2.2682   1.6143        0   1.6143        0  -2.2682        0  -1.6143        0  -3.7741   2.2682   0.9155        0   3.7741        0
        0   2.2682  -2.2682  -2.2682  -2.2682  -2.2682        0  -1.6143  -1.6143  -0.9155   2.2682   1.6143        0        0        0   2.2682   1.6143        0        0        0   2.2682   0.9155        0        0        0
Nuclear Repulsion Grad Matrix (V):
         0  -17.5329  -21.4385   18.3120   20.6594
         0  -17.5329   18.3120  -21.4385   20.6594
  -29.7844  -19.2428   16.6021   16.6021   15.8230
Electron Grad Matrix:
   -0.4034   18.8053   19.9666  -19.2364  -19.1321
   -0.4034   18.8053  -19.2364   19.9666  -19.1321
   31.9892   18.9374  -16.3284  -16.3284  -18.2699
Total Grad Matrix:
  -0.4034   1.2725  -1.4719  -0.9243   1.5272
  -0.4034   1.2725  -0.9243  -1.4719   1.5272
   2.2048  -0.3054   0.2737   0.2737  -2.4469
Nuclear Repulsion Energy is 265.847 eV.
Electron Energy is -543.203 eV.
The molecule in file ../input/CH4.txt has energy -277.3559684 eV.

Beginning Steepest Descent with Backtracking (Armijo condition) to optimize location.
Step = 0; E = -277.3559684; F_norm = 10.8854707
Step = 1; E = -277.3555517; F_norm = 10.88779208
Step = 2; E = -277.3551349; F_norm = 10.89011448
Step = 3; E = -277.354718; F_norm = 10.89243791
Step = 4; E = -277.354301; F_norm = 10.89476236
Step = 5; E = -277.353884; F_norm = 10.89708784
Step = 6; E = -277.3534668; F_norm = 10.89941434
Step = 7; E = -277.3530496; F_norm = 10.90174187
Step = 8; E = -277.3526324; F_norm = 10.90407043
Step = 9; E = -277.352215; F_norm = 10.90640001
Step = 10; E = -277.3517976; F_norm = 10.90873061
Step = 11; E = -277.35138; F_norm = 10.91106225
Step = 12; E = -277.3509625; F_norm = 10.91339491
Step = 13; E = -277.3505448; F_norm = 10.9157286
Step = 14; E = -277.350127; F_norm = 10.91806332
Step = 15; E = -277.3497092; F_norm = 10.92039907
Step = 16; E = -277.3492913; F_norm = 10.92273584
Step = 17; E = -277.3488733; F_norm = 10.92507365
Step = 18; E = -277.3484552; F_norm = 10.92741249
Step = 19; E = -277.3480371; F_norm = 10.92975235
Step = 20; E = -277.3476189; F_norm = 10.93209325
Step = 21; E = -277.3472006; F_norm = 10.93443518
Step = 22; E = -277.3467822; F_norm = 10.93677814
Step = 23; E = -277.3463637; F_norm = 10.93912214
Step = 24; E = -277.3459452; F_norm = 10.94146716
Step = 25; E = -277.3455266; F_norm = 10.94381322
Step = 26; E = -277.3451079; F_norm = 10.94616032
Step = 27; E = -277.3446891; F_norm = 10.94850844
Step = 28; E = -277.3442702; F_norm = 10.95085761
Step = 29; E = -277.3438513; F_norm = 10.9532078
Step = 30; E = -277.3434323; F_norm = 10.95555903
Step = 31; E = -277.3430132; F_norm = 10.9579113
Step = 32; E = -277.342594; F_norm = 10.96026461
Step = 33; E = -277.3421748; F_norm = 10.96261895
Step = 34; E = -277.3417555; F_norm = 10.96497432
Step = 35; E = -277.3413361; F_norm = 10.96733074
Step = 36; E = -277.3409166; F_norm = 10.96968819
Step = 37; E = -277.340497; F_norm = 10.97204668
Step = 38; E = -277.3400774; F_norm = 10.97440621
Step = 39; E = -277.3396577; F_norm = 10.97676678
Step = 40; E = -277.3392379; F_norm = 10.97912839
Step = 41; E = -277.338818; F_norm = 10.98149104
Step = 42; E = -277.338398; F_norm = 10.98385473
Step = 43; E = -277.337978; F_norm = 10.98621946
Step = 44; E = -277.3375579; F_norm = 10.98858523
Step = 45; E = -277.3371377; F_norm = 10.99095204
Step = 46; E = -277.3367174; F_norm = 10.9933199
Step = 47; E = -277.3362971; F_norm = 10.9956888
Step = 48; E = -277.3358766; F_norm = 10.99805874
Step = 49; E = -277.3354561; F_norm = 11.00042973
Step = 50; E = -277.3350355; F_norm = 11.00280176
Step = 51; E = -277.3346149; F_norm = 11.00517483
Step = 52; E = -277.3341941; F_norm = 11.00754895
Step = 53; E = -277.3337733; F_norm = 11.00992411
Step = 54; E = -277.3333524; F_norm = 11.01230032
Step = 55; E = -277.3329314; F_norm = 11.01467758
Step = 56; E = -277.3325104; F_norm = 11.01705588
Step = 57; E = -277.3320892; F_norm = 11.01943523
Step = 58; E = -277.331668; F_norm = 11.02181563
Step = 59; E = -277.3312467; F_norm = 11.02419707
Step = 60; E = -277.3308253; F_norm = 11.02657957
Step = 61; E = -277.3304039; F_norm = 11.02896311
Step = 62; E = -277.3299824; F_norm = 11.0313477
Step = 63; E = -277.3295607; F_norm = 11.03373334
Step = 64; E = -277.329139; F_norm = 11.03612003
Step = 65; E = -277.3287173; F_norm = 11.03850778
Step = 66; E = -277.3282954; F_norm = 11.04089657
Step = 67; E = -277.3278735; F_norm = 11.04328641
Step = 68; E = -277.3274515; F_norm = 11.04567731
Step = 69; E = -277.3270294; F_norm = 11.04806926
Step = 70; E = -277.3266072; F_norm = 11.05046226
Step = 71; E = -277.326185; F_norm = 11.05285632
Step = 72; E = -277.3257627; F_norm = 11.05525143
Step = 73; E = -277.3253403; F_norm = 11.05764759
Step = 74; E = -277.3249178; F_norm = 11.06004481
Step = 75; E = -277.3244952; F_norm = 11.06244308
Step = 76; E = -277.3240726; F_norm = 11.06484241
Step = 77; E = -277.3236499; F_norm = 11.0672428
Step = 78; E = -277.3232271; F_norm = 11.06964424
Step = 79; E = -277.3228042; F_norm = 11.07204674
Step = 80; E = -277.3223813; F_norm = 11.07445029
Step = 81; E = -277.3219582; F_norm = 11.07685491
Step = 82; E = -277.3215351; F_norm = 11.07926058
Step = 83; E = -277.3211119; F_norm = 11.08166731
Step = 84; E = -277.3206887; F_norm = 11.0840751
Step = 85; E = -277.3202653; F_norm = 11.08648395
Step = 86; E = -277.3198419; F_norm = 11.08889386
Step = 87; E = -277.3194184; F_norm = 11.09130483
Step = 88; E = -277.3189948; F_norm = 11.09371686
Step = 89; E = -277.3185711; F_norm = 11.09612995
Step = 90; E = -277.3181474; F_norm = 11.09854411
Step = 91; E = -277.3177236; F_norm = 11.10095933
Step = 92; E = -277.3172997; F_norm = 11.10337561
Step = 93; E = -277.3168757; F_norm = 11.10579295
Step = 94; E = -277.3164516; F_norm = 11.10821135
Step = 95; E = -277.3160275; F_norm = 11.11063083
Step = 96; E = -277.3156033; F_norm = 11.11305136
Step = 97; E = -277.315179; F_norm = 11.11547296
Step = 98; E = -277.3147546; F_norm = 11.11789563
Step = 99; E = -277.3143301; F_norm = 11.12031936
Step = 100; E = -277.3139056; F_norm = 11.12274416
Step = 101; E = -277.313481; F_norm = 11.12517003
Step = 102; E = -277.3130563; F_norm = 11.12759696
Step = 103; E = -277.3126315; F_norm = 11.13002496
Step = 104; E = -277.3122067; F_norm = 11.13245403
Step = 105; E = -277.3117818; F_norm = 11.13488417
Step = 106; E = -277.3113568; F_norm = 11.13731538
Step = 107; E = -277.3109317; F_norm = 11.13974765
Step = 108; E = -277.3105065; F_norm = 11.142181
Step = 109; E = -277.3100813; F_norm = 11.14461542
Step = 110; E = -277.3096559; F_norm = 11.14705091
Step = 111; E = -277.3092305; F_norm = 11.14948747
Step = 112; E = -277.308805; F_norm = 11.1519251
Step = 113; E = -277.3083795; F_norm = 11.15436381
Step = 114; E = -277.3079538; F_norm = 11.15680359
Step = 115; E = -277.3075281; F_norm = 11.15924444
Step = 116; E = -277.3071023; F_norm = 11.16168636
Step = 117; E = -277.3066764; F_norm = 11.16412936
Step = 118; E = -277.3062505; F_norm = 11.16657344
Step = 119; E = -277.3058244; F_norm = 11.16901859
Step = 120; E = -277.3053983; F_norm = 11.17146481
Step = 121; E = -277.3049721; F_norm = 11.17391212
Step = 122; E = -277.3045459; F_norm = 11.1763605
Step = 123; E = -277.3041195; F_norm = 11.17880995
Step = 124; E = -277.3036931; F_norm = 11.18126049
Step = 125; E = -277.3032666; F_norm = 11.1837121
Step = 126; E = -277.30284; F_norm = 11.18616479
Step = 127; E = -277.3024133; F_norm = 11.18861856
Step = 128; E = -277.3019865; F_norm = 11.19107341
Step = 129; E = -277.3015597; F_norm = 11.19352934
Step = 130; E = -277.3011328; F_norm = 11.19598635
Step = 131; E = -277.3007058; F_norm = 11.19844444
Step = 132; E = -277.3002787; F_norm = 11.20090361
Step = 133; E = -277.2998516; F_norm = 11.20336386
Step = 134; E = -277.2994244; F_norm = 11.2058252
Step = 135; E = -277.2989971; F_norm = 11.20828762
Step = 136; E = -277.2985697; F_norm = 11.21075112
Step = 137; E = -277.2981422; F_norm = 11.21321571
Step = 138; E = -277.2977147; F_norm = 11.21568138
Step = 139; E = -277.297287; F_norm = 11.21814813
Step = 140; E = -277.2968593; F_norm = 11.22061597
Step = 141; E = -277.2964316; F_norm = 11.2230849
Step = 142; E = -277.2960037; F_norm = 11.22555491
Step = 143; E = -277.2955758; F_norm = 11.22802601
Step = 144; E = -277.2951477; F_norm = 11.2304982
Step = 145; E = -277.2947196; F_norm = 11.23297147
Step = 146; E = -277.2942915; F_norm = 11.23544583
Step = 147; E = -277.2938632; F_norm = 11.23792128
Step = 148; E = -277.2934349; F_norm = 11.24039782
Step = 149; E = -277.2930065; F_norm = 11.24287545
Step = 150; E = -277.292578; F_norm = 11.24535417
Step = 151; E = -277.2921494; F_norm = 11.24783398
Step = 152; E = -277.2917207; F_norm = 11.25031488
Step = 153; E = -277.291292; F_norm = 11.25279688
Step = 154; E = -277.2908632; F_norm = 11.25527996
Step = 155; E = -277.2904343; F_norm = 11.25776414
Step = 156; E = -277.2900053; F_norm = 11.26024941
Step = 157; E = -277.2895763; F_norm = 11.26273577
Step = 158; E = -277.2891471; F_norm = 11.26522323
Step = 159; E = -277.2887179; F_norm = 11.26771178
Step = 160; E = -277.2882886; F_norm = 11.27020142
Step = 161; E = -277.2878593; F_norm = 11.27269216
Step = 162; E = -277.2874298; F_norm = 11.275184
Step = 163; E = -277.2870003; F_norm = 11.27767694
Step = 164; E = -277.2865707; F_norm = 11.28017097
Step = 165; E = -277.286141; F_norm = 11.28266609
Step = 166; E = -277.2857112; F_norm = 11.28516232
Step = 167; E = -277.2852814; F_norm = 11.28765964
Step = 168; E = -277.2848514; F_norm = 11.29015806
Step = 169; E = -277.2844214; F_norm = 11.29265759
Step = 170; E = -277.2839913; F_norm = 11.29515821
Step = 171; E = -277.2835612; F_norm = 11.29765993
Step = 172; E = -277.2831309; F_norm = 11.30016275
Step = 173; E = -277.2827006; F_norm = 11.30266667
Step = 174; E = -277.2822702; F_norm = 11.3051717
Step = 175; E = -277.2818397; F_norm = 11.30767783
Step = 176; E = -277.2814091; F_norm = 11.31018506
Step = 177; E = -277.2809785; F_norm = 11.31269339
Step = 178; E = -277.2805478; F_norm = 11.31520283
Step = 179; E = -277.280117; F_norm = 11.31771337
Step = 180; E = -277.2796861; F_norm = 11.32022501
Step = 181; E = -277.2792551; F_norm = 11.32273776
Step = 182; E = -277.2788241; F_norm = 11.32525162
Step = 183; E = -277.278393; F_norm = 11.32776658
Step = 184; E = -277.2779618; F_norm = 11.33028265
Step = 185; E = -277.2775305; F_norm = 11.33279983
Step = 186; E = -277.2770991; F_norm = 11.33531811
Step = 187; E = -277.2766677; F_norm = 11.3378375
Step = 188; E = -277.2762362; F_norm = 11.340358
Step = 189; E = -277.2758046; F_norm = 11.34287961
Step = 190; E = -277.2753729; F_norm = 11.34540233
Step = 191; E = -277.2749411; F_norm = 11.34792616
Step = 192; E = -277.2745093; F_norm = 11.3504511
Step = 193; E = -277.2740774; F_norm = 11.35297715
Step = 194; E = -277.2736454; F_norm = 11.35550432
Step = 195; E = -277.2732133; F_norm = 11.35803259
Step = 196; E = -277.2727811; F_norm = 11.36056198
Step = 197; E = -277.2723489; F_norm = 11.36309248
Step = 198; E = -277.2719166; F_norm = 11.36562409
Step = 199; E = -277.2714842; F_norm = 11.36815682
Step = 200; E = -277.2710517; F_norm = 11.37069066
Step = 201; E = -277.2706191; F_norm = 11.37322562
Step = 202; E = -277.2701865; F_norm = 11.3757617
Step = 203; E = -277.2697538; F_norm = 11.37829889
Step = 204; E = -277.269321; F_norm = 11.38083719
Step = 205; E = -277.2688881; F_norm = 11.38337662
Step = 206; E = -277.2684551; F_norm = 11.38591716
Step = 207; E = -277.2680221; F_norm = 11.38845882
Step = 208; E = -277.267589; F_norm = 11.39100159
Step = 209; E = -277.2671558; F_norm = 11.39354549
Step = 210; E = -277.2667225; F_norm = 11.39609051
Step = 211; E = -277.2662891; F_norm = 11.39863664
Step = 212; E = -277.2658557; F_norm = 11.4011839
Step = 213; E = -277.2654222; F_norm = 11.40373228
Step = 214; E = -277.2649886; F_norm = 11.40628178
Step = 215; E = -277.2645549; F_norm = 11.4088324
Step = 216; E = -277.2641212; F_norm = 11.41138415
Step = 217; E = -277.2636873; F_norm = 11.41393702
Step = 218; E = -277.2632534; F_norm = 11.41649101
Step = 219; E = -277.2628194; F_norm = 11.41904612
Step = 220; E = -277.2623853; F_norm = 11.42160236
Step = 221; E = -277.2619512; F_norm = 11.42415973
Step = 222; E = -277.2615169; F_norm = 11.42671822
Step = 223; E = -277.2610826; F_norm = 11.42927784
Step = 224; E = -277.2606482; F_norm = 11.43183859
Step = 225; E = -277.2602137; F_norm = 11.43440046
Step = 226; E = -277.2597792; F_norm = 11.43696346
Step = 227; E = -277.2593445; F_norm = 11.43952759
Step = 228; E = -277.2589098; F_norm = 11.44209284
Step = 229; E = -277.258475; F_norm = 11.44465923
Step = 230; E = -277.2580401; F_norm = 11.44722675
Step = 231; E = -277.2576052; F_norm = 11.44979539
Step = 232; E = -277.2571701; F_norm = 11.45236517
Step = 233; E = -277.256735; F_norm = 11.45493608
Step = 234; E = -277.2562998; F_norm = 11.45750812
Step = 235; E = -277.2558645; F_norm = 11.4600813
Step = 236; E = -277.2554292; F_norm = 11.4626556
Step = 237; E = -277.2549937; F_norm = 11.46523104
Step = 238; E = -277.2545582; F_norm = 11.46780762
Step = 239; E = -277.2541226; F_norm = 11.47038532
Step = 240; E = -277.2536869; F_norm = 11.47296417
Step = 241; E = -277.2532512; F_norm = 11.47554415
Step = 242; E = -277.2528153; F_norm = 11.47812526
Step = 243; E = -277.2523794; F_norm = 11.48070751
Step = 244; E = -277.2519434; F_norm = 11.4832909
Step = 245; E = -277.2515073; F_norm = 11.48587543
Step = 246; E = -277.2510712; F_norm = 11.48846109
Step = 247; E = -277.2506349; F_norm = 11.4910479
Step = 248; E = -277.2501986; F_norm = 11.49363584
Step = 249; E = -277.2497622; F_norm = 11.49622492
Step = 250; E = -277.2493257; F_norm = 11.49881515
Step = 251; E = -277.2488891; F_norm = 11.50140651
Step = 252; E = -277.2484525; F_norm = 11.50399901
Step = 253; E = -277.2480158; F_norm = 11.50659266
Step = 254; E = -277.247579; F_norm = 11.50918745
Step = 255; E = -277.2471421; F_norm = 11.51178338
Step = 256; E = -277.2467051; F_norm = 11.51438046
Step = 257; E = -277.2462681; F_norm = 11.51697867
Step = 258; E = -277.2458309; F_norm = 11.51957804
Step = 259; E = -277.2453937; F_norm = 11.52217855
Step = 260; E = -277.2449564; F_norm = 11.5247802
Step = 261; E = -277.2445191; F_norm = 11.527383
Step = 262; E = -277.2440816; F_norm = 11.52998695
Step = 263; E = -277.2436441; F_norm = 11.53259204
Step = 264; E = -277.2432065; F_norm = 11.53519828
Step = 265; E = -277.2427688; F_norm = 11.53780567
Step = 266; E = -277.242331; F_norm = 11.54041421
Step = 267; E = -277.2418932; F_norm = 11.5430239
Step = 268; E = -277.2414552; F_norm = 11.54563474
Step = 269; E = -277.2410172; F_norm = 11.54824672
Step = 270; E = -277.2405791; F_norm = 11.55085986
Step = 271; E = -277.240141; F_norm = 11.55347415
Step = 272; E = -277.2397027; F_norm = 11.55608959
Step = 273; E = -277.2392644; F_norm = 11.55870619
Step = 274; E = -277.238826; F_norm = 11.56132393
Step = 275; E = -277.2383875; F_norm = 11.56394283
Step = 276; E = -277.2379489; F_norm = 11.56656289
Step = 277; E = -277.2375102; F_norm = 11.5691841
Step = 278; E = -277.2370715; F_norm = 11.57180646
Step = 279; E = -277.2366327; F_norm = 11.57442998
Step = 280; E = -277.2361938; F_norm = 11.57705466
Step = 281; E = -277.2357548; F_norm = 11.57968049
Step = 282; E = -277.2353157; F_norm = 11.58230748
Step = 283; E = -277.2348766; F_norm = 11.58493563
Step = 284; E = -277.2344374; F_norm = 11.58756493
Step = 285; E = -277.233998; F_norm = 11.5901954
Step = 286; E = -277.2335587; F_norm = 11.59282702
Step = 287; E = -277.2331192; F_norm = 11.59545981
Step = 288; E = -277.2326797; F_norm = 11.59809375
Step = 289; E = -277.23224; F_norm = 11.60072886
Step = 290; E = -277.2318003; F_norm = 11.60336513
Step = 291; E = -277.2313605; F_norm = 11.60600255
Step = 292; E = -277.2309207; F_norm = 11.60864115
Step = 293; E = -277.2304807; F_norm = 11.6112809
Step = 294; E = -277.2300407; F_norm = 11.61392182
Step = 295; E = -277.2296006; F_norm = 11.6165639
Step = 296; E = -277.2291604; F_norm = 11.61920715
Step = 297; E = -277.2287201; F_norm = 11.62185157
Step = 298; E = -277.2282797; F_norm = 11.62449714
Step = 299; E = -277.2278393; F_norm = 11.62714389
Step = 300; E = -277.2273988; F_norm = 11.6297918
Step = 301; E = -277.2269582; F_norm = 11.63244088
Step = 302; E = -277.2265175; F_norm = 11.63509113
Step = 303; E = -277.2260768; F_norm = 11.63774255
Step = 304; E = -277.2256359; F_norm = 11.64039514
Step = 305; E = -277.225195; F_norm = 11.64304889
Step = 306; E = -277.224754; F_norm = 11.64570382
Step = 307; E = -277.2243129; F_norm = 11.64835991
Step = 308; E = -277.2238717; F_norm = 11.65101718
Step = 309; E = -277.2234305; F_norm = 11.65367562
Step = 310; E = -277.2229892; F_norm = 11.65633524
Step = 311; E = -277.2225478; F_norm = 11.65899602
Step = 312; E = -277.2221063; F_norm = 11.66165798
Step = 313; E = -277.2216647; F_norm = 11.66432111
Step = 314; E = -277.221223; F_norm = 11.66698542
Step = 315; E = -277.2207813; F_norm = 11.66965091
Step = 316; E = -277.2203395; F_norm = 11.67231757
Step = 317; E = -277.2198976; F_norm = 11.6749854
Step = 318; E = -277.2194556; F_norm = 11.67765441
Step = 319; E = -277.2190136; F_norm = 11.6803246
Step = 320; E = -277.2185714; F_norm = 11.68299597
Step = 321; E = -277.2181292; F_norm = 11.68566852
Step = 322; E = -277.2176869; F_norm = 11.68834224
Step = 323; E = -277.2172445; F_norm = 11.69101715
Step = 324; E = -277.2168021; F_norm = 11.69369324
Step = 325; E = -277.2163595; F_norm = 11.6963705
Step = 326; E = -277.2159169; F_norm = 11.69904895
Step = 327; E = -277.2154742; F_norm = 11.70172858
Step = 328; E = -277.2150314; F_norm = 11.70440939
Step = 329; E = -277.2145885; F_norm = 11.70709139
Step = 330; E = -277.2141456; F_norm = 11.70977457
Step = 331; E = -277.2137026; F_norm = 11.71245893
Step = 332; E = -277.2132594; F_norm = 11.71514448
Step = 333; E = -277.2128162; F_norm = 11.71783121
Step = 334; E = -277.212373; F_norm = 11.72051913
Step = 335; E = -277.2119296; F_norm = 11.72320823
Step = 336; E = -277.2114862; F_norm = 11.72589852
Step = 337; E = -277.2110427; F_norm = 11.72859
Step = 338; E = -277.2105991; F_norm = 11.73128267
Step = 339; E = -277.2101554; F_norm = 11.73397653
Step = 340; E = -277.2097116; F_norm = 11.73667157
Step = 341; E = -277.2092678; F_norm = 11.73936781
Step = 342; E = -277.2088238; F_norm = 11.74206523
Step = 343; E = -277.2083798; F_norm = 11.74476385
Step = 344; E = -277.2079357; F_norm = 11.74746366
Step = 345; E = -277.2074916; F_norm = 11.75016466
Step = 346; E = -277.2070473; F_norm = 11.75286685
Step = 347; E = -277.206603; F_norm = 11.75557023
Step = 348; E = -277.2061586; F_norm = 11.75827481
Step = 349; E = -277.2057141; F_norm = 11.76098059
Step = 350; E = -277.2052695; F_norm = 11.76368756
Step = 351; E = -277.2048248; F_norm = 11.76639572
Step = 352; E = -277.2043801; F_norm = 11.76910508
Step = 353; E = -277.2039352; F_norm = 11.77181564
Step = 354; E = -277.2034903; F_norm = 11.77452739
Step = 355; E = -277.2030454; F_norm = 11.77724034
Step = 356; E = -277.2026003; F_norm = 11.77995449
Step = 357; E = -277.2021551; F_norm = 11.78266984
Step = 358; E = -277.2017099; F_norm = 11.78538639
Step = 359; E = -277.2012646; F_norm = 11.78810413
Step = 360; E = -277.2008192; F_norm = 11.79082308
Step = 361; E = -277.2003737; F_norm = 11.79354323
Step = 362; E = -277.1999282; F_norm = 11.79626458
Step = 363; E = -277.1994825; F_norm = 11.79898714
Step = 364; E = -277.1990368; F_norm = 11.80171089
Step = 365; E = -277.198591; F_norm = 11.80443585
Step = 366; E = -277.1981451; F_norm = 11.80716202
Step = 367; E = -277.1976991; F_norm = 11.80988938
Step = 368; E = -277.1972531; F_norm = 11.81261796
Step = 369; E = -277.196807; F_norm = 11.81534774
Step = 370; E = -277.1963607; F_norm = 11.81807872
Step = 371; E = -277.1959144; F_norm = 11.82081092
Step = 372; E = -277.1954681; F_norm = 11.82354432
Step = 373; E = -277.1950216; F_norm = 11.82627892
Step = 374; E = -277.1945751; F_norm = 11.82901474
Step = 375; E = -277.1941284; F_norm = 11.83175177
Step = 376; E = -277.1936817; F_norm = 11.83449
Step = 377; E = -277.1932349; F_norm = 11.83722945
Step = 378; E = -277.1927881; F_norm = 11.8399701
Step = 379; E = -277.1923411; F_norm = 11.84271197
Step = 380; E = -277.1918941; F_norm = 11.84545505
Step = 381; E = -277.191447; F_norm = 11.84819935
Step = 382; E = -277.1909998; F_norm = 11.85094485
Step = 383; E = -277.1905525; F_norm = 11.85369157
Step = 384; E = -277.1901051; F_norm = 11.85643951
Step = 385; E = -277.1896577; F_norm = 11.85918866
Step = 386; E = -277.1892102; F_norm = 11.86193902
Step = 387; E = -277.1887626; F_norm = 11.86469061
Step = 388; E = -277.1883149; F_norm = 11.8674434
Step = 389; E = -277.1878671; F_norm = 11.87019742
Step = 390; E = -277.1874193; F_norm = 11.87295265
Step = 391; E = -277.1869713; F_norm = 11.87570911
Step = 392; E = -277.1865233; F_norm = 11.87846678
Step = 393; E = -277.1860752; F_norm = 11.88122567
Step = 394; E = -277.185627; F_norm = 11.88398578
Step = 395; E = -277.1851788; F_norm = 11.88674711
Step = 396; E = -277.1847304; F_norm = 11.88950967
Step = 397; E = -277.184282; F_norm = 11.89227344
Step = 398; E = -277.1838335; F_norm = 11.89503844
Step = 399; E = -277.1833849; F_norm = 11.89780467
Step = 400; E = -277.1829362; F_norm = 11.90057211
Step = 401; E = -277.1824875; F_norm = 11.90334078
Step = 402; E = -277.1820386; F_norm = 11.90611068
Step = 403; E = -277.1815897; F_norm = 11.9088818
Step = 404; E = -277.1811407; F_norm = 11.91165415
Step = 405; E = -277.1806916; F_norm = 11.91442772
Step = 406; E = -277.1802424; F_norm = 11.91720252
Step = 407; E = -277.1797932; F_norm = 11.91997855
Step = 408; E = -277.1793438; F_norm = 11.92275581
Step = 409; E = -277.1788944; F_norm = 11.9255343
Step = 410; E = -277.1784449; F_norm = 11.92831401
Step = 411; E = -277.1779954; F_norm = 11.93109496
Step = 412; E = -277.1775457; F_norm = 11.93387714
Step = 413; E = -277.1770959; F_norm = 11.93666055
Step = 414; E = -277.1766461; F_norm = 11.93944519
Step = 415; E = -277.1761962; F_norm = 11.94223107
Step = 416; E = -277.1757462; F_norm = 11.94501817
Step = 417; E = -277.1752961; F_norm = 11.94780652
Step = 418; E = -277.174846; F_norm = 11.95059609
Step = 419; E = -277.1743957; F_norm = 11.95338691
Step = 420; E = -277.1739454; F_norm = 11.95617895
Step = 421; E = -277.173495; F_norm = 11.95897224
Step = 422; E = -277.1730445; F_norm = 11.96176676
Step = 423; E = -277.172594; F_norm = 11.96456252
Step = 424; E = -277.1721433; F_norm = 11.96735952
Step = 425; E = -277.1716926; F_norm = 11.97015775
Step = 426; E = -277.1712417; F_norm = 11.97295723
Step = 427; E = -277.1707908; F_norm = 11.97575794
Step = 428; E = -277.1703399; F_norm = 11.9785599
Step = 429; E = -277.1698888; F_norm = 11.9813631
Step = 430; E = -277.1694376; F_norm = 11.98416754
Step = 431; E = -277.1689864; F_norm = 11.98697322
Step = 432; E = -277.1685351; F_norm = 11.98978014
Step = 433; E = -277.1680837; F_norm = 11.99258831
Step = 434; E = -277.1676322; F_norm = 11.99539772
Step = 435; E = -277.1671807; F_norm = 11.99820838
Step = 436; E = -277.166729; F_norm = 12.00102028
Step = 437; E = -277.1662773; F_norm = 12.00383343
Step = 438; E = -277.1658255; F_norm = 12.00664783
Step = 439; E = -277.1653736; F_norm = 12.00946347
Step = 440; E = -277.1649216; F_norm = 12.01228036
Step = 441; E = -277.1644695; F_norm = 12.0150985
Step = 442; E = -277.1640174; F_norm = 12.01791789
Step = 443; E = -277.1635652; F_norm = 12.02073852
Step = 444; E = -277.1631129; F_norm = 12.02356041
Step = 445; E = -277.1626605; F_norm = 12.02638355
Step = 446; E = -277.162208; F_norm = 12.02920794
Step = 447; E = -277.1617554; F_norm = 12.03203359
Step = 448; E = -277.1613028; F_norm = 12.03486048
Step = 449; E = -277.1608501; F_norm = 12.03768863
Step = 450; E = -277.1603973; F_norm = 12.04051803
Step = 451; E = -277.1599444; F_norm = 12.04334869
Step = 452; E = -277.1594914; F_norm = 12.0461806
Step = 453; E = -277.1590384; F_norm = 12.04901377
Step = 454; E = -277.1585852; F_norm = 12.0518482
Step = 455; E = -277.158132; F_norm = 12.05468388
Step = 456; E = -277.1576787; F_norm = 12.05752082
Step = 457; E = -277.1572253; F_norm = 12.06035902
Step = 458; E = -277.1567718; F_norm = 12.06319848
Step = 459; E = -277.1563183; F_norm = 12.0660392
Step = 460; E = -277.1558647; F_norm = 12.06888117
Step = 461; E = -277.1554109; F_norm = 12.07172441
Step = 462; E = -277.1549571; F_norm = 12.07456891
Step = 463; E = -277.1545033; F_norm = 12.07741467
Step = 464; E = -277.1540493; F_norm = 12.0802617
Step = 465; E = -277.1535952; F_norm = 12.08310999
Step = 466; E = -277.1531411; F_norm = 12.08595954
Step = 467; E = -277.1526869; F_norm = 12.08881035
Step = 468; E = -277.1522326; F_norm = 12.09166244
Step = 469; E = -277.1517782; F_norm = 12.09451578
Step = 470; E = -277.1513237; F_norm = 12.0973704
Step = 471; E = -277.1508692; F_norm = 12.10022628
Step = 472; E = -277.1504145; F_norm = 12.10308343
Step = 473; E = -277.1499598; F_norm = 12.10594184
Step = 474; E = -277.149505; F_norm = 12.10880153
Step = 475; E = -277.1490501; F_norm = 12.11166248
Step = 476; E = -277.1485952; F_norm = 12.11452471
Step = 477; E = -277.1481401; F_norm = 12.11738821
Step = 478; E = -277.147685; F_norm = 12.12025297
Step = 479; E = -277.1472298; F_norm = 12.12311901
Step = 480; E = -277.1467745; F_norm = 12.12598633
Step = 481; E = -277.1463191; F_norm = 12.12885491
Step = 482; E = -277.1458636; F_norm = 12.13172477
Step = 483; E = -277.1454081; F_norm = 12.13459591
Step = 484; E = -277.1449524; F_norm = 12.13746832
Step = 485; E = -277.1444967; F_norm = 12.140342
Step = 486; E = -277.1440409; F_norm = 12.14321697
Step = 487; E = -277.143585; F_norm = 12.1460932
Step = 488; E = -277.143129; F_norm = 12.14897072
Step = 489; E = -277.142673; F_norm = 12.15184952
Step = 490; E = -277.1422169; F_norm = 12.15472959
Step = 491; E = -277.1417606; F_norm = 12.15761095
Step = 492; E = -277.1413043; F_norm = 12.16049358
Step = 493; E = -277.1408479; F_norm = 12.1633775
Step = 494; E = -277.1403915; F_norm = 12.16626269
Step = 495; E = -277.1399349; F_norm = 12.16914917
Step = 496; E = -277.1394783; F_norm = 12.17203693
Step = 497; E = -277.1390216; F_norm = 12.17492598
Step = 498; E = -277.1385647; F_norm = 12.17781631
Step = 499; E = -277.1381079; F_norm = 12.18070792
Step = 500; E = -277.1376509; F_norm = 12.18360082
Step = 501; E = -277.1371938; F_norm = 12.18649501
Step = 502; E = -277.1367367; F_norm = 12.18939048
Step = 503; E = -277.1362795; F_norm = 12.19228724
Step = 504; E = -277.1358222; F_norm = 12.19518529
Step = 505; E = -277.1353648; F_norm = 12.19808463
Step = 506; E = -277.1349073; F_norm = 12.20098525
Step = 507; E = -277.1344497; F_norm = 12.20388717
Step = 508; E = -277.1339921; F_norm = 12.20679038
Step = 509; E = -277.1335344; F_norm = 12.20969487
Step = 510; E = -277.1330765; F_norm = 12.21260066
Step = 511; E = -277.1326186; F_norm = 12.21550775
Step = 512; E = -277.1321607; F_norm = 12.21841612
Step = 513; E = -277.1317026; F_norm = 12.22132579
Step = 514; E = -277.1312445; F_norm = 12.22423675
Step = 515; E = -277.1307862; F_norm = 12.22714901
Step = 516; E = -277.1303279; F_norm = 12.23006256
Step = 517; E = -277.1298695; F_norm = 12.23297741
Step = 518; E = -277.129411; F_norm = 12.23589356
Step = 519; E = -277.1289525; F_norm = 12.23881101
Step = 520; E = -277.1284938; F_norm = 12.24172975
Step = 521; E = -277.1280351; F_norm = 12.24464979
Step = 522; E = -277.1275763; F_norm = 12.24757113
Step = 523; E = -277.1271174; F_norm = 12.25049378
Step = 524; E = -277.1266584; F_norm = 12.25341772
Step = 525; E = -277.1261993; F_norm = 12.25634296
Step = 526; E = -277.1257401; F_norm = 12.25926951
Step = 527; E = -277.1252809; F_norm = 12.26219736
Step = 528; E = -277.1248216; F_norm = 12.26512651
Step = 529; E = -277.1243622; F_norm = 12.26805697
Step = 530; E = -277.1239027; F_norm = 12.27098873
Step = 531; E = -277.1234431; F_norm = 12.2739218
Step = 532; E = -277.1229834; F_norm = 12.27685618
Step = 533; E = -277.1225237; F_norm = 12.27979186
Step = 534; E = -277.1220639; F_norm = 12.28272885
Step = 535; E = -277.121604; F_norm = 12.28566714
Step = 536; E = -277.121144; F_norm = 12.28860675
Step = 537; E = -277.1206839; F_norm = 12.29154766
Step = 538; E = -277.1202237; F_norm = 12.29448989
Step = 539; E = -277.1197635; F_norm = 12.29743342
Step = 540; E = -277.1193031; F_norm = 12.30037827
Step = 541; E = -277.1188427; F_norm = 12.30332443
Step = 542; E = -277.1183822; F_norm = 12.3062719
Step = 543; E = -277.1179216; F_norm = 12.30922068
Step = 544; E = -277.1174609; F_norm = 12.31217078
Step = 545; E = -277.1170002; F_norm = 12.3151222
Step = 546; E = -277.1165393; F_norm = 12.31807493
Step = 547; E = -277.1160784; F_norm = 12.32102897
Step = 548; E = -277.1156174; F_norm = 12.32398433
Step = 549; E = -277.1151563; F_norm = 12.32694101
Step = 550; E = -277.1146951; F_norm = 12.32989901
Step = 551; E = -277.1142339; F_norm = 12.33285833
Step = 552; E = -277.1137725; F_norm = 12.33581896
Step = 553; E = -277.1133111; F_norm = 12.33878092
Step = 554; E = -277.1128496; F_norm = 12.34174419
Step = 555; E = -277.112388; F_norm = 12.34470879
Step = 556; E = -277.1119263; F_norm = 12.34767471
Step = 557; E = -277.1114645; F_norm = 12.35064195
Step = 558; E = -277.1110026; F_norm = 12.35361052
Step = 559; E = -277.1105407; F_norm = 12.35658041
Step = 560; E = -277.1100787; F_norm = 12.35955162
Step = 561; E = -277.1096166; F_norm = 12.36252416
Step = 562; E = -277.1091544; F_norm = 12.36549803
Step = 563; E = -277.1086921; F_norm = 12.36847322
Step = 564; E = -277.1082297; F_norm = 12.37144974
Step = 565; E = -277.1077673; F_norm = 12.37442759
Step = 566; E = -277.1073047; F_norm = 12.37740677
Step = 567; E = -277.1068421; F_norm = 12.38038727
Step = 568; E = -277.1063794; F_norm = 12.38336911
Step = 569; E = -277.1059166; F_norm = 12.38635228
Step = 570; E = -277.1054538; F_norm = 12.38933678
Step = 571; E = -277.1049908; F_norm = 12.39232261
Step = 572; E = -277.1045278; F_norm = 12.39530977
Step = 573; E = -277.1040646; F_norm = 12.39829827
Step = 574; E = -277.1036014; F_norm = 12.4012881
Step = 575; E = -277.1031381; F_norm = 12.40427926
Step = 576; E = -277.1026747; F_norm = 12.40727177
Step = 577; E = -277.1022113; F_norm = 12.4102656
Step = 578; E = -277.1017477; F_norm = 12.41326078
Step = 579; E = -277.1012841; F_norm = 12.41625729
Step = 580; E = -277.1008204; F_norm = 12.41925514
Step = 581; E = -277.1003566; F_norm = 12.42225433
Step = 582; E = -277.0998927; F_norm = 12.42525486
Step = 583; E = -277.0994287; F_norm = 12.42825673
Step = 584; E = -277.0989646; F_norm = 12.43125994
Step = 585; E = -277.0985005; F_norm = 12.43426449
Step = 586; E = -277.0980362; F_norm = 12.43727038
Step = 587; E = -277.0975719; F_norm = 12.44027762
Step = 588; E = -277.0971075; F_norm = 12.4432862
Step = 589; E = -277.096643; F_norm = 12.44629613
Step = 590; E = -277.0961785; F_norm = 12.4493074
Step = 591; E = -277.0957138; F_norm = 12.45232001
Step = 592; E = -277.0952491; F_norm = 12.45533398
Step = 593; E = -277.0947842; F_norm = 12.45834929
Step = 594; E = -277.0943193; F_norm = 12.46136594
Step = 595; E = -277.0938543; F_norm = 12.46438395
Step = 596; E = -277.0933892; F_norm = 12.46740331
Step = 597; E = -277.0929241; F_norm = 12.47042401
Step = 598; E = -277.0924588; F_norm = 12.47344607
Step = 599; E = -277.0919935; F_norm = 12.47646947
Step = 600; E = -277.091528; F_norm = 12.47949423
Step = 601; E = -277.0910625; F_norm = 12.48252034
Step = 602; E = -277.0905969; F_norm = 12.48554781
Step = 603; E = -277.0901312; F_norm = 12.48857663
Step = 604; E = -277.0896655; F_norm = 12.4916068
Step = 605; E = -277.0891996; F_norm = 12.49463833
Step = 606; E = -277.0887337; F_norm = 12.49767122
Step = 607; E = -277.0882677; F_norm = 12.50070546
Step = 608; E = -277.0878016; F_norm = 12.50374106
Step = 609; E = -277.0873354; F_norm = 12.50677801
Step = 610; E = -277.0868691; F_norm = 12.50981633
Step = 611; E = -277.0864027; F_norm = 12.51285601
Step = 612; E = -277.0859363; F_norm = 12.51589704
Step = 613; E = -277.0854697; F_norm = 12.51893944
Step = 614; E = -277.0850031; F_norm = 12.5219832
Step = 615; E = -277.0845364; F_norm = 12.52502832
Step = 616; E = -277.0840696; F_norm = 12.52807481
Step = 617; E = -277.0836027; F_norm = 12.53112266
Step = 618; E = -277.0831358; F_norm = 12.53417187
Step = 619; E = -277.0826687; F_norm = 12.53722245
Step = 620; E = -277.0822016; F_norm = 12.54027439
Step = 621; E = -277.0817344; F_norm = 12.5433277
Step = 622; E = -277.081267; F_norm = 12.54638238
Step = 623; E = -277.0807997; F_norm = 12.54943843
Step = 624; E = -277.0803322; F_norm = 12.55249584
Step = 625; E = -277.0798646; F_norm = 12.55555462
Step = 626; E = -277.079397; F_norm = 12.55861478
Step = 627; E = -277.0789292; F_norm = 12.5616763
Step = 628; E = -277.0784614; F_norm = 12.5647392
Step = 629; E = -277.0779935; F_norm = 12.56780347
Step = 630; E = -277.0775255; F_norm = 12.57086911
Step = 631; E = -277.0770574; F_norm = 12.57393613
Step = 632; E = -277.0765893; F_norm = 12.57700452
Step = 633; E = -277.076121; F_norm = 12.58007428
Step = 634; E = -277.0756527; F_norm = 12.58314542
Step = 635; E = -277.0751843; F_norm = 12.58621794
Step = 636; E = -277.0747157; F_norm = 12.58929183
Step = 637; E = -277.0742472; F_norm = 12.5923671
Step = 638; E = -277.0737785; F_norm = 12.59544376
Step = 639; E = -277.0733097; F_norm = 12.59852179
Step = 640; E = -277.0728409; F_norm = 12.6016012
Step = 641; E = -277.0723719; F_norm = 12.60468199
Step = 642; E = -277.0719029; F_norm = 12.60776416
Step = 643; E = -277.0714338; F_norm = 12.61084771
Step = 644; E = -277.0709646; F_norm = 12.61393265
Step = 645; E = -277.0704953; F_norm = 12.61701897
Step = 646; E = -277.0700259; F_norm = 12.62010668
Step = 647; E = -277.0695565; F_norm = 12.62319577
Step = 648; E = -277.0690869; F_norm = 12.62628624
Step = 649; E = -277.0686173; F_norm = 12.62937811
Step = 650; E = -277.0681476; F_norm = 12.63247136
Step = 651; E = -277.0676778; F_norm = 12.635566
Step = 652; E = -277.0672079; F_norm = 12.63866202
Step = 653; E = -277.066738; F_norm = 12.64175944
Step = 654; E = -277.0662679; F_norm = 12.64485824
Step = 655; E = -277.0657977; F_norm = 12.64795844
Step = 656; E = -277.0653275; F_norm = 12.65106003
Step = 657; E = -277.0648572; F_norm = 12.65416301
Step = 658; E = -277.0643868; F_norm = 12.65726738
Step = 659; E = -277.0639163; F_norm = 12.66037315
Step = 660; E = -277.0634457; F_norm = 12.66348031
Step = 661; E = -277.0629751; F_norm = 12.66658887
Step = 662; E = -277.0625043; F_norm = 12.66969882
Step = 663; E = -277.0620335; F_norm = 12.67281017
Step = 664; E = -277.0615626; F_norm = 12.67592292
Step = 665; E = -277.0610916; F_norm = 12.67903706
Step = 666; E = -277.0606205; F_norm = 12.68215261
Step = 667; E = -277.0601493; F_norm = 12.68526955
Step = 668; E = -277.059678; F_norm = 12.68838789
Step = 669; E = -277.0592067; F_norm = 12.69150764
Step = 670; E = -277.0587352; F_norm = 12.69462878
Step = 671; E = -277.0582637; F_norm = 12.69775133
Step = 672; E = -277.0577921; F_norm = 12.70087528
Step = 673; E = -277.0573204; F_norm = 12.70400064
Step = 674; E = -277.0568486; F_norm = 12.7071274
Step = 675; E = -277.0563768; F_norm = 12.71025556
Step = 676; E = -277.0559048; F_norm = 12.71338514
Step = 677; E = -277.0554327; F_norm = 12.71651611
Step = 678; E = -277.0549606; F_norm = 12.7196485
Step = 679; E = -277.0544884; F_norm = 12.72278229
Step = 680; E = -277.0540161; F_norm = 12.7259175
Step = 681; E = -277.0535437; F_norm = 12.72905411
Step = 682; E = -277.0530712; F_norm = 12.73219213
Step = 683; E = -277.0525987; F_norm = 12.73533157
Step = 684; E = -277.052126; F_norm = 12.73847241
Step = 685; E = -277.0516533; F_norm = 12.74161467
Step = 686; E = -277.0511805; F_norm = 12.74475835
Step = 687; E = -277.0507075; F_norm = 12.74790343
Step = 688; E = -277.0502345; F_norm = 12.75104993
Step = 689; E = -277.0497615; F_norm = 12.75419785
Step = 690; E = -277.0492883; F_norm = 12.75734718
Step = 691; E = -277.048815; F_norm = 12.76049794
Step = 692; E = -277.0483417; F_norm = 12.7636501
Step = 693; E = -277.0478683; F_norm = 12.76680369
Step = 694; E = -277.0473947; F_norm = 12.7699587
Step = 695; E = -277.0469211; F_norm = 12.77311513
Step = 696; E = -277.0464474; F_norm = 12.77627297
Step = 697; E = -277.0459737; F_norm = 12.77943224
Step = 698; E = -277.0454998; F_norm = 12.78259293
Step = 699; E = -277.0450258; F_norm = 12.78575505
Step = 700; E = -277.0445518; F_norm = 12.78891859
Step = 701; E = -277.0440777; F_norm = 12.79208355
Step = 702; E = -277.0436035; F_norm = 12.79524994
Step = 703; E = -277.0431292; F_norm = 12.79841775
Step = 704; E = -277.0426548; F_norm = 12.801587
Step = 705; E = -277.0421803; F_norm = 12.80475767
Step = 706; E = -277.0417057; F_norm = 12.80792976
Step = 707; E = -277.0412311; F_norm = 12.81110329
Step = 708; E = -277.0407563; F_norm = 12.81427825
Step = 709; E = -277.0402815; F_norm = 12.81745463
Step = 710; E = -277.0398066; F_norm = 12.82063245
Step = 711; E = -277.0393316; F_norm = 12.8238117
Step = 712; E = -277.0388565; F_norm = 12.82699238
Step = 713; E = -277.0383814; F_norm = 12.8301745
Step = 714; E = -277.0379061; F_norm = 12.83335805
Step = 715; E = -277.0374307; F_norm = 12.83654304
Step = 716; E = -277.0369553; F_norm = 12.83972946
Step = 717; E = -277.0364798; F_norm = 12.84291732
Step = 718; E = -277.0360042; F_norm = 12.84610661
Step = 719; E = -277.0355285; F_norm = 12.84929735
Step = 720; E = -277.0350527; F_norm = 12.85248952
Step = 721; E = -277.0345768; F_norm = 12.85568313
Step = 722; E = -277.0341009; F_norm = 12.85887819
Step = 723; E = -277.0336248; F_norm = 12.86207468
Step = 724; E = -277.0331487; F_norm = 12.86527262
Step = 725; E = -277.0326725; F_norm = 12.868472
Step = 726; E = -277.0321962; F_norm = 12.87167282
Step = 727; E = -277.0317198; F_norm = 12.87487509
Step = 728; E = -277.0312433; F_norm = 12.8780788
Step = 729; E = -277.0307667; F_norm = 12.88128395
Step = 730; E = -277.0302901; F_norm = 12.88449056
Step = 731; E = -277.0298133; F_norm = 12.88769861
Step = 732; E = -277.0293365; F_norm = 12.89090811
Step = 733; E = -277.0288596; F_norm = 12.89411906
Step = 734; E = -277.0283826; F_norm = 12.89733145
Step = 735; E = -277.0279055; F_norm = 12.9005453
Step = 736; E = -277.0274283; F_norm = 12.9037606
Step = 737; E = -277.026951; F_norm = 12.90697735
Step = 738; E = -277.0264737; F_norm = 12.91019555
Step = 739; E = -277.0259962; F_norm = 12.91341521
Step = 740; E = -277.0255187; F_norm = 12.91663632
Step = 741; E = -277.0250411; F_norm = 12.91985889
Step = 742; E = -277.0245634; F_norm = 12.92308291
Step = 743; E = -277.0240856; F_norm = 12.92630839
Step = 744; E = -277.0236077; F_norm = 12.92953532
Step = 745; E = -277.0231297; F_norm = 12.93276372
Step = 746; E = -277.0226517; F_norm = 12.93599357
Step = 747; E = -277.0221735; F_norm = 12.93922488
Step = 748; E = -277.0216953; F_norm = 12.94245765
Step = 749; E = -277.021217; F_norm = 12.94569189
Step = 750; E = -277.0207386; F_norm = 12.94892758
Step = 751; E = -277.0202601; F_norm = 12.95216474
Step = 752; E = -277.0197815; F_norm = 12.95540336
Step = 753; E = -277.0193028; F_norm = 12.95864345
Step = 754; E = -277.0188241; F_norm = 12.961885
Step = 755; E = -277.0183452; F_norm = 12.96512801
Step = 756; E = -277.0178663; F_norm = 12.96837249
Step = 757; E = -277.0173873; F_norm = 12.97161845
Step = 758; E = -277.0169081; F_norm = 12.97486586
Step = 759; E = -277.0164289; F_norm = 12.97811475
Step = 760; E = -277.0159497; F_norm = 12.98136511
Step = 761; E = -277.0154703; F_norm = 12.98461693
Step = 762; E = -277.0149908; F_norm = 12.98787023
Step = 763; E = -277.0145113; F_norm = 12.991125
Step = 764; E = -277.0140316; F_norm = 12.99438125
Step = 765; E = -277.0135519; F_norm = 12.99763896
Step = 766; E = -277.0130721; F_norm = 13.00089816
Step = 767; E = -277.0125922; F_norm = 13.00415882
Step = 768; E = -277.0121122; F_norm = 13.00742097
Step = 769; E = -277.0116321; F_norm = 13.01068459
Step = 770; E = -277.0111519; F_norm = 13.01394968
Step = 771; E = -277.0106717; F_norm = 13.01721626
Step = 772; E = -277.0101914; F_norm = 13.02048431
Step = 773; E = -277.0097109; F_norm = 13.02375385
Step = 774; E = -277.0092304; F_norm = 13.02702486
Step = 775; E = -277.0087498; F_norm = 13.03029736
Step = 776; E = -277.0082691; F_norm = 13.03357134
Step = 777; E = -277.0077883; F_norm = 13.0368468
Step = 778; E = -277.0073074; F_norm = 13.04012374
Step = 779; E = -277.0068265; F_norm = 13.04340217
Step = 780; E = -277.0063454; F_norm = 13.04668209
Step = 781; E = -277.0058643; F_norm = 13.04996349
Step = 782; E = -277.0053831; F_norm = 13.05324638
Step = 783; E = -277.0049018; F_norm = 13.05653076
Step = 784; E = -277.0044204; F_norm = 13.05981662
Step = 785; E = -277.0039389; F_norm = 13.06310398
Step = 786; E = -277.0034573; F_norm = 13.06639282
Step = 787; E = -277.0029756; F_norm = 13.06968316
Step = 788; E = -277.0024939; F_norm = 13.07297499
Step = 789; E = -277.002012; F_norm = 13.07626831
Step = 790; E = -277.0015301; F_norm = 13.07956312
Step = 791; E = -277.0010481; F_norm = 13.08285943
Step = 792; E = -277.000566; F_norm = 13.08615723
Step = 793; E = -277.0000838; F_norm = 13.08945653
Step = 794; E = -276.9996015; F_norm = 13.09275733
Step = 795; E = -276.9991191; F_norm = 13.09605962
Step = 796; E = -276.9986366; F_norm = 13.09936341
Step = 797; E = -276.9981541; F_norm = 13.10266871
Step = 798; E = -276.9976715; F_norm = 13.1059755
Step = 799; E = -276.9971887; F_norm = 13.10928379
Step = 800; E = -276.9967059; F_norm = 13.11259358
Step = 801; E = -276.996223; F_norm = 13.11590487
Step = 802; E = -276.99574; F_norm = 13.11921767
Step = 803; E = -276.9952569; F_norm = 13.12253197
Step = 804; E = -276.9947738; F_norm = 13.12584778
Step = 805; E = -276.9942905; F_norm = 13.12916509
Step = 806; E = -276.9938071; F_norm = 13.13248391
Step = 807; E = -276.9933237; F_norm = 13.13580423
Step = 808; E = -276.9928402; F_norm = 13.13912607
Step = 809; E = -276.9923566; F_norm = 13.14244941
Step = 810; E = -276.9918729; F_norm = 13.14577426
Step = 811; E = -276.9913891; F_norm = 13.14910062
Step = 812; E = -276.9909052; F_norm = 13.1524285
Step = 813; E = -276.9904212; F_norm = 13.15575788
Step = 814; E = -276.9899372; F_norm = 13.15908878
Step = 815; E = -276.989453; F_norm = 13.16242119
Step = 816; E = -276.9889688; F_norm = 13.16575512
Step = 817; E = -276.9884845; F_norm = 13.16909056
Step = 818; E = -276.988; F_norm = 13.17242751
Step = 819; E = -276.9875155; F_norm = 13.17576599
Step = 820; E = -276.987031; F_norm = 13.17910598
Step = 821; E = -276.9865463; F_norm = 13.18244749
Step = 822; E = -276.9860615; F_norm = 13.18579052
Step = 823; E = -276.9855766; F_norm = 13.18913507
Step = 824; E = -276.9850917; F_norm = 13.19248114
Step = 825; E = -276.9846067; F_norm = 13.19582873
Step = 826; E = -276.9841215; F_norm = 13.19917785
Step = 827; E = -276.9836363; F_norm = 13.20252849
Step = 828; E = -276.983151; F_norm = 13.20588065
Step = 829; E = -276.9826656; F_norm = 13.20923434
Step = 830; E = -276.9821802; F_norm = 13.21258955
Step = 831; E = -276.9816946; F_norm = 13.21594629
Step = 832; E = -276.9812089; F_norm = 13.21930456
Step = 833; E = -276.9807232; F_norm = 13.22266436
Step = 834; E = -276.9802373; F_norm = 13.22602568
Step = 835; E = -276.9797514; F_norm = 13.22938854
Step = 836; E = -276.9792654; F_norm = 13.23275293
Step = 837; E = -276.9787793; F_norm = 13.23611884
Step = 838; E = -276.9782931; F_norm = 13.2394863
Step = 839; E = -276.9778068; F_norm = 13.24285528
Step = 840; E = -276.9773205; F_norm = 13.2462258
Step = 841; E = -276.976834; F_norm = 13.24959785
Step = 842; E = -276.9763474; F_norm = 13.25297144
Step = 843; E = -276.9758608; F_norm = 13.25634657
Step = 844; E = -276.9753741; F_norm = 13.25972323
Step = 845; E = -276.9748873; F_norm = 13.26310143
Step = 846; E = -276.9744004; F_norm = 13.26648118
Step = 847; E = -276.9739134; F_norm = 13.26986246
Step = 848; E = -276.9734263; F_norm = 13.27324528
Step = 849; E = -276.9729391; F_norm = 13.27662964
Step = 850; E = -276.9724518; F_norm = 13.28001555
Step = 851; E = -276.9719645; F_norm = 13.283403
Step = 852; E = -276.971477; F_norm = 13.28679199
Step = 853; E = -276.9709895; F_norm = 13.29018253
Step = 854; E = -276.9705019; F_norm = 13.29357462
Step = 855; E = -276.9700142; F_norm = 13.29696825
Step = 856; E = -276.9695264; F_norm = 13.30036343
Step = 857; E = -276.9690385; F_norm = 13.30376016
Step = 858; E = -276.9685505; F_norm = 13.30715844
Step = 859; E = -276.9680624; F_norm = 13.31055826
Step = 860; E = -276.9675743; F_norm = 13.31395964
Step = 861; E = -276.967086; F_norm = 13.31736257
Step = 862; E = -276.9665977; F_norm = 13.32076705
Step = 863; E = -276.9661093; F_norm = 13.32417309
Step = 864; E = -276.9656208; F_norm = 13.32758068
Step = 865; E = -276.9651322; F_norm = 13.33098983
Step = 866; E = -276.9646435; F_norm = 13.33440053
Step = 867; E = -276.9641547; F_norm = 13.33781279
Step = 868; E = -276.9636658; F_norm = 13.3412266
Step = 869; E = -276.9631768; F_norm = 13.34464198
Step = 870; E = -276.9626878; F_norm = 13.34805891
Step = 871; E = -276.9621986; F_norm = 13.35147741
Step = 872; E = -276.9617094; F_norm = 13.35489747
Step = 873; E = -276.9612201; F_norm = 13.35831908
Step = 874; E = -276.9607307; F_norm = 13.36174226
Step = 875; E = -276.9602412; F_norm = 13.36516701
Step = 876; E = -276.9597516; F_norm = 13.36859332
Step = 877; E = -276.9592619; F_norm = 13.37202119
Step = 878; E = -276.9587721; F_norm = 13.37545063
Step = 879; E = -276.9582823; F_norm = 13.37888164
Step = 880; E = -276.9577923; F_norm = 13.38231422
Step = 881; E = -276.9573023; F_norm = 13.38574836
Step = 882; E = -276.9568121; F_norm = 13.38918408
Step = 883; E = -276.9563219; F_norm = 13.39262136
Step = 884; E = -276.9558316; F_norm = 13.39606022
Step = 885; E = -276.9553412; F_norm = 13.39950065
Step = 886; E = -276.9548507; F_norm = 13.40294265
Step = 887; E = -276.9543602; F_norm = 13.40638622
Step = 888; E = -276.9538695; F_norm = 13.40983137
Step = 889; E = -276.9533787; F_norm = 13.4132781
Step = 890; E = -276.9528879; F_norm = 13.4167264
Step = 891; E = -276.9523969; F_norm = 13.42017628
Step = 892; E = -276.9519059; F_norm = 13.42362774
Step = 893; E = -276.9514148; F_norm = 13.42708078
Step = 894; E = -276.9509236; F_norm = 13.4305354
Step = 895; E = -276.9504323; F_norm = 13.4339916
Step = 896; E = -276.9499409; F_norm = 13.43744938
Step = 897; E = -276.9494494; F_norm = 13.44090874
Step = 898; E = -276.9489579; F_norm = 13.44436969
Step = 899; E = -276.9484662; F_norm = 13.44783222
Step = 900; E = -276.9479744; F_norm = 13.45129634
Step = 901; E = -276.9474826; F_norm = 13.45476204
Step = 902; E = -276.9469907; F_norm = 13.45822933
Step = 903; E = -276.9464987; F_norm = 13.46169821
Step = 904; E = -276.9460066; F_norm = 13.46516867
Step = 905; E = -276.9455144; F_norm = 13.46864073
Step = 906; E = -276.9450221; F_norm = 13.47211437
Step = 907; E = -276.9445297; F_norm = 13.47558961
Step = 908; E = -276.9440372; F_norm = 13.47906644
Step = 909; E = -276.9435447; F_norm = 13.48254486
Step = 910; E = -276.943052; F_norm = 13.48602488
Step = 911; E = -276.9425593; F_norm = 13.48950649
Step = 912; E = -276.9420664; F_norm = 13.4929897
Step = 913; E = -276.9415735; F_norm = 13.49647451
Step = 914; E = -276.9410805; F_norm = 13.49996091
Step = 915; E = -276.9405874; F_norm = 13.50344891
Step = 916; E = -276.9400942; F_norm = 13.50693851
Step = 917; E = -276.9396009; F_norm = 13.51042971
Step = 918; E = -276.9391076; F_norm = 13.51392251
Step = 919; E = -276.9386141; F_norm = 13.51741691
Step = 920; E = -276.9381206; F_norm = 13.52091292
Step = 921; E = -276.9376269; F_norm = 13.52441053
Step = 922; E = -276.9371332; F_norm = 13.52790974
Step = 923; E = -276.9366394; F_norm = 13.53141056
Step = 924; E = -276.9361454; F_norm = 13.53491298
Step = 925; E = -276.9356514; F_norm = 13.53841702
Step = 926; E = -276.9351573; F_norm = 13.54192266
Step = 927; E = -276.9346632; F_norm = 13.54542991
Step = 928; E = -276.9341689; F_norm = 13.54893877
Step = 929; E = -276.9336745; F_norm = 13.55244924
Step = 930; E = -276.9331801; F_norm = 13.55596132
Step = 931; E = -276.9326855; F_norm = 13.55947502
Step = 932; E = -276.9321909; F_norm = 13.56299032
Step = 933; E = -276.9316962; F_norm = 13.56650725
Step = 934; E = -276.9312013; F_norm = 13.57002579
Step = 935; E = -276.9307064; F_norm = 13.57354594
Step = 936; E = -276.9302114; F_norm = 13.57706771
Step = 937; E = -276.9297163; F_norm = 13.5805911
Step = 938; E = -276.9292212; F_norm = 13.58411611
Step = 939; E = -276.9287259; F_norm = 13.58764274
Step = 940; E = -276.9282305; F_norm = 13.59117098
Step = 941; E = -276.9277351; F_norm = 13.59470085
Step = 942; E = -276.9272395; F_norm = 13.59823235
Step = 943; E = -276.9267439; F_norm = 13.60176546
Step = 944; E = -276.9262482; F_norm = 13.6053002
Step = 945; E = -276.9257524; F_norm = 13.60883657
Step = 946; E = -276.9252565; F_norm = 13.61237456
Step = 947; E = -276.9247605; F_norm = 13.61591418
Step = 948; E = -276.9242644; F_norm = 13.61945542
Step = 949; E = -276.9237682; F_norm = 13.6229983
Step = 950; E = -276.9232719; F_norm = 13.6265428
Step = 951; E = -276.9227756; F_norm = 13.63008894
Step = 952; E = -276.9222791; F_norm = 13.6336367
Step = 953; E = -276.9217826; F_norm = 13.6371861
Step = 954; E = -276.921286; F_norm = 13.64073713
Step = 955; E = -276.9207892; F_norm = 13.6442898
Step = 956; E = -276.9202924; F_norm = 13.6478441
Step = 957; E = -276.9197955; F_norm = 13.65140004
Step = 958; E = -276.9192985; F_norm = 13.65495761
Step = 959; E = -276.9188015; F_norm = 13.65851682
Step = 960; E = -276.9183043; F_norm = 13.66207767
Step = 961; E = -276.917807; F_norm = 13.66564016
Step = 962; E = -276.9173097; F_norm = 13.6692043
Step = 963; E = -276.9168122; F_norm = 13.67277007
Step = 964; E = -276.9163147; F_norm = 13.67633748
Step = 965; E = -276.915817; F_norm = 13.67990654
Step = 966; E = -276.9153193; F_norm = 13.68347724
Step = 967; E = -276.9148215; F_norm = 13.68704959
Step = 968; E = -276.9143236; F_norm = 13.69062358
Step = 969; E = -276.9138256; F_norm = 13.69419922
Step = 970; E = -276.9133275; F_norm = 13.69777651
Step = 971; E = -276.9128294; F_norm = 13.70135545
Step = 972; E = -276.9123311; F_norm = 13.70493604
Step = 973; E = -276.9118327; F_norm = 13.70851827
Step = 974; E = -276.9113343; F_norm = 13.71210216
Step = 975; E = -276.9108357; F_norm = 13.7156877
Step = 976; E = -276.9103371; F_norm = 13.7192749
Step = 977; E = -276.9098384; F_norm = 13.72286375
Step = 978; E = -276.9093396; F_norm = 13.72645425
Step = 979; E = -276.9088407; F_norm = 13.73004641
Step = 980; E = -276.9083417; F_norm = 13.73364023
Step = 981; E = -276.9078426; F_norm = 13.73723571
Step = 982; E = -276.9073434; F_norm = 13.74083284
Step = 983; E = -276.9068441; F_norm = 13.74443164
Step = 984; E = -276.9063448; F_norm = 13.74803209
Step = 985; E = -276.9058453; F_norm = 13.75163421
Step = 986; E = -276.9053458; F_norm = 13.75523799
Step = 987; E = -276.9048462; F_norm = 13.75884343
Step = 988; E = -276.9043464; F_norm = 13.76245054
Step = 989; E = -276.9038466; F_norm = 13.76605931
Step = 990; E = -276.9033467; F_norm = 13.76966975
Step = 991; E = -276.9028467; F_norm = 13.77328186
Step = 992; E = -276.9023466; F_norm = 13.77689564
Step = 993; E = -276.9018465; F_norm = 13.78051108
Step = 994; E = -276.9013462; F_norm = 13.7841282
Step = 995; E = -276.9008458; F_norm = 13.78774698
Step = 996; E = -276.9003454; F_norm = 13.79136744
Step = 997; E = -276.8998448; F_norm = 13.79498957
Step = 998; E = -276.8993442; F_norm = 13.79861338
Step = 999; E = -276.8988435; F_norm = 13.80223886
----Optimized Positions----
0.005825397454, 0.005825397454, -0.02794482798
1.172405806, 1.172405806, 1.191529202
1.201817498, -1.177248766, -1.18870233
-1.177248766, 1.201817498, -1.18870233
-1.202799936, -1.202799936, -1.158163775
Optimized Grad
  -0.8225   1.4746  -1.7049  -0.7963   1.8490
  -0.8225   1.4746  -0.7963  -1.7049   1.8490
   3.4672  -0.8236   0.2597   0.2597  -3.1629

Beginning Vibrational Analysis.
Hessian
   16.5989    0.1717    7.1230   -4.0822   -3.5170   -3.6878   -4.6520    3.6682    3.5335   -4.0279    4.2405   -3.4315   -3.8368   -4.5634   -3.5372
    0.1717   16.5989    7.1230   -3.5170   -4.0822   -3.6878    4.2405   -4.0279   -3.4315    3.6682   -4.6520    3.5335   -4.5634   -3.8368   -3.5372
    7.1230    7.1230   15.4757   -4.0629   -4.0629   -4.0826    4.0978   -3.0123   -4.4270   -3.0123    4.0978   -4.4270   -4.1456   -4.1456   -2.5392
   -4.0822   -3.5170   -4.0629    4.2360    3.3398    4.0151    0.1775    0.1722    0.3863   -0.1332   -0.0877   -0.3186   -0.1981    0.0928   -0.0198
   -3.5170   -4.0822   -4.0629    3.3398    4.2360    4.0151   -0.0877   -0.1332   -0.3186    0.1722    0.1775    0.3863    0.0928   -0.1981   -0.0198
   -3.6878   -3.6878   -4.0826    4.0151    4.0151    5.0465   -0.1853   -0.3253   -0.4330   -0.3253   -0.1853   -0.4330    0.1833    0.1833   -0.0979
   -4.6520    4.2405    4.0978    0.1775   -0.0877   -0.1853    6.0414   -4.1579   -4.0598   -0.2194    0.1040    0.1254   -1.3476   -0.0989    0.0219
    3.6682   -4.0279   -3.0123    0.1722   -0.1332   -0.3253   -4.1579    4.1503    3.7797    0.3829   -0.2194   -0.3729   -0.0655    0.2302   -0.0692
    3.5335   -3.4315   -4.4270    0.3863   -0.3186   -0.4330   -4.0598    3.7797    4.3822   -0.3729    0.1254    0.4265    0.5129   -0.1550    0.0513
   -4.0279    3.6682   -3.0123   -0.1332    0.1722   -0.3253   -0.2194    0.3829   -0.3729    4.1503   -4.1579    3.7797    0.2302   -0.0655   -0.0692
    4.2405   -4.6520    4.0978   -0.0877    0.1775   -0.1853    0.1040   -0.2194    0.1254   -4.1579    6.0414   -4.0598   -0.0989   -1.3476    0.0219
   -3.4315    3.5335   -4.4270   -0.3186    0.3863   -0.4330    0.1254   -0.3729    0.4265    3.7797   -4.0598    4.3822   -0.1550    0.5129    0.0513
   -3.8368   -4.5634   -4.1456   -0.1981    0.0928    0.1833   -1.3476   -0.0655    0.5129    0.2302   -0.0989   -0.1550    5.1523    4.6350    3.6044
   -4.5634   -3.8368   -4.1456    0.0928   -0.1981    0.1833   -0.0989    0.2302   -0.1550   -0.0655   -1.3476    0.5129    4.6350    5.1523    3.6044
   -3.5372   -3.5372   -2.5392   -0.0198   -0.0198   -0.0979    0.0219   -0.0692    0.0513   -0.0692    0.0219    0.0513    3.6044    3.6044    2.5345
Mass Weighted
   1.3820   0.0143   0.5930  -1.1733  -1.0109  -1.0600  -1.3371   1.0543   1.0156  -1.1577   1.2188  -0.9863  -1.1028  -1.3116  -1.0167
   0.0143   1.3820   0.5930  -1.0109  -1.1733  -1.0600   1.2188  -1.1577  -0.9863   1.0543  -1.3371   1.0156  -1.3116  -1.1028  -1.0167
   0.5930   0.5930   1.2885  -1.1678  -1.1678  -1.1734   1.1778  -0.8658  -1.2724  -0.8658   1.1778  -1.2724  -1.1915  -1.1915  -0.7298
  -1.1733  -1.0109  -1.1678   4.2032   3.3139   3.9840   0.1762   0.1709   0.3833  -0.1322  -0.0871  -0.3162  -0.1966   0.0921  -0.0197
  -1.0109  -1.1733  -1.1678   3.3139   4.2032   3.9840  -0.0871  -0.1322  -0.3162   0.1709   0.1762   0.3833   0.0921  -0.1966  -0.0197
  -1.0600  -1.0600  -1.1734   3.9840   3.9840   5.0074  -0.1839  -0.3228  -0.4296  -0.3228  -0.1839  -0.4296   0.1819   0.1819  -0.0971
  -1.3371   1.2188   1.1778   0.1762  -0.0871  -0.1839   5.9947  -4.1257  -4.0284  -0.2177   0.1032   0.1244  -1.3372  -0.0981   0.0218
   1.0543  -1.1577  -0.8658   0.1709  -0.1322  -0.3228  -4.1257   4.1182   3.7505   0.3799  -0.2177  -0.3700  -0.0650   0.2284  -0.0687
   1.0156  -0.9863  -1.2724   0.3833  -0.3162  -0.4296  -4.0284   3.7505   4.3483  -0.3700   0.1244   0.4232   0.5089  -0.1538   0.0509
  -1.1577   1.0543  -0.8658  -0.1322   0.1709  -0.3228  -0.2177   0.3799  -0.3700   4.1182  -4.1257   3.7505   0.2284  -0.0650  -0.0687
   1.2188  -1.3371   1.1778  -0.0871   0.1762  -0.1839   0.1032  -0.2177   0.1244  -4.1257   5.9947  -4.0284  -0.0981  -1.3372   0.0218
  -0.9863   1.0156  -1.2724  -0.3162   0.3833  -0.4296   0.1244  -0.3700   0.4232   3.7505  -4.0284   4.3483  -0.1538   0.5089   0.0509
  -1.1028  -1.3116  -1.1915  -0.1966   0.0921   0.1819  -1.3372  -0.0650   0.5089   0.2284  -0.0981  -0.1538   5.1124   4.5991   3.5765
  -1.3116  -1.1028  -1.1915   0.0921  -0.1966   0.1819  -0.0981   0.2284  -0.1538  -0.0650  -1.3372   0.5089   4.5991   5.1124   3.5765
  -1.0167  -1.0167  -0.7298  -0.0197  -0.0197  -0.0971   0.0218  -0.0687   0.0509  -0.0687   0.0218   0.0509   3.5765   3.5765   2.5149
Force constants
  -8.0721e-01
  -2.6806e-01
  -2.1072e-11
   1.2629e-11
   3.3491e-11
   8.7633e-02
   1.2584e-01
   9.2001e-01
   1.2061e+00
   1.9498e+00
   2.1003e+00
   1.1687e+01
   1.3015e+01
   1.4025e+01
   1.5087e+01
Modes
  -4.4022e-02  -1.4105e-01  -1.7967e-01   8.1845e-01   2.1579e-01   6.7022e-02   9.8966e-03  -2.7286e-01   2.1701e-01   1.1850e-01  -3.0710e-02  -4.9115e-02   1.4589e-01   2.0933e-01  -1.4428e-01
   4.4022e-02  -1.4105e-01  -7.2175e-02  -2.3461e-01   8.2974e-01  -6.7022e-02   9.8966e-03   2.7286e-01   2.1701e-01   1.1850e-01   3.0710e-02  -4.9115e-02   1.4589e-01  -2.0933e-01  -1.4428e-01
  -1.4043e-12   1.7946e-01   8.4334e-01   1.5429e-01   1.1698e-01   6.0818e-10   2.4180e-01   2.1147e-10  -1.8931e-01   2.1523e-01   2.5136e-10   8.6417e-02   3.1308e-02  -1.2897e-10  -2.6458e-01
   1.2233e-01  -1.7686e-02  -5.2045e-02   2.3708e-01   6.2506e-02   3.6668e-01   3.8811e-01   4.3977e-01  -1.1512e-01  -1.3510e-01   3.5431e-01  -2.7412e-01  -4.2453e-01   1.5505e-02   1.7541e-01
  -1.2233e-01  -1.7686e-02  -2.0907e-02  -6.7957e-02   2.4035e-01  -3.6668e-01   3.8811e-01  -4.3977e-01  -1.1512e-01  -1.3510e-01  -3.5431e-01  -2.7412e-01  -4.2453e-01  -1.5505e-02   1.7541e-01
  -7.4901e-11   8.1330e-03   2.4429e-01   4.4693e-02   3.3886e-02  -1.9977e-09  -6.3411e-01  -3.3186e-10   2.5095e-01   3.3438e-01   3.5432e-10  -2.7444e-01  -4.9903e-01   3.3531e-10   1.8945e-01
   7.8918e-02   1.4036e-01  -5.2045e-02   2.3708e-01   6.2506e-02  -3.5931e-01  -2.5594e-01  -7.8495e-02  -1.6815e-01  -3.9748e-01   3.7238e-01   2.0276e-01  -2.5076e-01  -4.3408e-01  -3.0516e-01
   4.3798e-01   6.5839e-02  -2.0907e-02  -6.7957e-02   2.4035e-01  -6.6435e-02  -2.1137e-01  -2.4328e-01  -5.2402e-01   4.1421e-02   2.9252e-01  -2.0423e-01   2.2996e-01   3.5720e-01   2.2062e-01
  -3.6599e-01   9.8944e-02   2.4429e-01   4.4693e-02   3.3886e-02  -3.6660e-01  -6.1961e-02   2.3011e-01   2.7202e-01  -4.5700e-01   2.0395e-01  -1.9052e-01   2.2837e-01   3.7028e-01   2.2860e-01
  -4.3798e-01   6.5839e-02  -5.2045e-02   2.3708e-01   6.2506e-02   6.6435e-02  -2.1137e-01   2.4328e-01  -5.2402e-01   4.1421e-02  -2.9252e-01  -2.0423e-01   2.2996e-01  -3.5720e-01   2.2062e-01
  -7.8918e-02   1.4036e-01  -2.0907e-02  -6.7957e-02   2.4035e-01   3.5931e-01  -2.5594e-01   7.8495e-02  -1.6815e-01  -3.9748e-01  -3.7238e-01   2.0276e-01  -2.5076e-01   4.3408e-01  -3.0516e-01
   3.6599e-01   9.8944e-02   2.4429e-01   4.4693e-02   3.3886e-02   3.6660e-01  -6.1961e-02  -2.3011e-01   2.7202e-01  -4.5700e-01  -2.0395e-01  -1.9052e-01   2.2837e-01  -3.7028e-01   2.2860e-01
   3.8871e-01   2.9842e-01  -5.2045e-02   2.3708e-01   6.2506e-02  -3.0518e-01   4.5024e-02   3.3742e-01   5.8114e-02   8.2070e-02  -3.2815e-01   4.4515e-01  -5.8339e-02   5.3117e-02   4.0723e-01
  -3.8871e-01   2.9842e-01  -2.0907e-02  -6.7957e-02   2.4035e-01   3.0518e-01   4.5024e-02  -3.3742e-01   5.8114e-02   8.2070e-02   3.2815e-01   4.4515e-01  -5.8339e-02  -5.3117e-02   4.0723e-01
  -1.0773e-10  -8.2556e-01   2.4429e-01   4.4693e-02   3.3886e-02  -2.8724e-10  -7.6739e-02   8.5478e-11  -1.4145e-01  -1.6339e-01  -2.2648e-10   3.5714e-01  -6.5798e-02   1.8274e-10   2.6676e-01
Frequencies (cm^-1)
            0
            0
            0
            0
            0
   3.8566e+02
   4.6216e+02
   1.2496e+03
   1.4307e+03
   1.8191e+03
   1.8880e+03
   4.4538e+03
   4.7000e+03
   4.8789e+03
   5.0603e+03

