Overlap Grad Matrix:
        0        0        0        0   0.3047  -0.2472        0        0   0.0250  -0.0390        0        0        0        0        0        0   0.1594   0.0311        0        0   0.0390  -0.0557        0        0        0        0        0        0        0        0   0.2481        0        0        0   0.0098        0        0        0        0        0        0        0        0   0.2481        0        0        0   0.0098  -0.3047  -0.1594        0        0        0        0        0        0   0.3047  -0.1594        0        0   0.2472  -0.0311        0        0        0        0        0        0   0.2472   0.0311        0        0        0        0  -0.2481        0        0        0        0        0        0        0   0.2481        0        0        0        0  -0.2481        0        0        0        0        0        0        0   0.2481  -0.0250  -0.0390        0        0  -0.3047  -0.2472        0        0        0        0        0        0   0.0390   0.0557        0        0   0.1594  -0.0311        0        0        0        0        0        0        0        0  -0.0098        0        0        0  -0.2481        0        0        0        0        0        0        0        0  -0.0098        0        0        0  -0.2481        0        0        0        0
        0        0        0        0        0        0   0.2120        0        0        0   0.0054        0        0        0        0        0        0        0   0.2481        0        0        0   0.0098        0        0        0        0        0  -0.1533   0.2481        0        0  -0.0054   0.0098        0        0        0        0        0        0        0        0        0        0        0        0        0        0        0        0   0.1533        0        0        0        0        0        0        0   0.1533        0        0        0  -0.2481        0        0        0        0        0        0        0   0.2481        0  -0.2120  -0.2481        0        0        0        0        0        0  -0.2120   0.2481        0        0        0        0        0        0        0        0        0        0        0        0        0        0        0        0   0.0054        0        0        0   0.2120        0        0        0        0        0        0        0  -0.0098        0        0        0  -0.2481        0        0        0        0        0  -0.0054  -0.0098        0        0  -0.1533  -0.2481        0        0        0        0        0        0        0        0        0        0        0        0        0        0        0        0        0        0
        0        0        0        0        0        0        0   0.2120        0        0        0   0.0054        0        0        0        0        0        0        0   0.2481        0        0        0   0.0098        0        0        0        0        0        0        0        0        0        0        0        0        0        0        0        0  -0.1533   0.2481        0        0  -0.0054   0.0098        0        0        0        0        0   0.1533        0        0        0        0        0        0        0   0.1533        0        0        0  -0.2481        0        0        0        0        0        0        0   0.2481        0        0        0        0        0        0        0        0        0        0        0        0  -0.2120  -0.2481        0        0        0        0        0        0  -0.2120   0.2481        0        0        0        0        0   0.0054        0        0        0   0.2120        0        0        0        0        0        0        0  -0.0098        0        0        0  -0.2481        0        0        0        0        0        0        0        0        0        0        0        0        0        0        0        0  -0.0054  -0.0098        0        0  -0.1533  -0.2481        0        0        0        0        0        0
Gamma Grad Matrix:
        0   3.9665   1.4076  -3.9665        0   3.9665  -1.4076  -3.9665        0
        0        0        0        0        0        0        0        0        0
        0        0        0        0        0        0        0        0        0
Nuclear Repulsion Grad Matrix (V):
   1.8591e+02            0  -1.8591e+02
            0            0            0
            0            0            0
Electron Grad Matrix:
  -1.8148e+02  -4.9738e-14   1.8148e+02
  -1.4143e-15   4.9843e-15  -3.5701e-15
  -5.0983e-16  -5.7817e-16   1.0880e-15
Total Grad Matrix:
   4.4330e+00  -4.9738e-14  -4.4330e+00
  -1.4143e-15   4.9843e-15  -3.5701e-15
  -5.0983e-16  -5.7817e-16   1.0880e-15
Nuclear Repulsion Energy is 817.165 eV.
Electron Energy is -2005.88 eV.
The molecule in file ../sample_input/CO2.txt has energy -1188.710724 eV.

Beginning Steepest Descent with Backtracking (Armijo condition) to optimize location.
Step = 0; E = -1188.710724; F_norm = 8.865969293
Step = 1; E = -1204.867503; F_norm = 5.69168784
Step = 2; E = -1194.5697; F_norm = 3.553291888
Step = 3; E = -1201.029371; F_norm = 2.259762613
Step = 4; E = -1196.933226; F_norm = 1.420965061
Step = 5; E = -1199.51378; F_norm = 0.9000554887
Step = 6; E = -1197.881143; F_norm = 0.5675209592
Step = 7; E = -1198.911355; F_norm = 0.3588815527
Step = 8; E = -1198.260188; F_norm = 0.2265326112
Step = 9; E = -1198.671339; F_norm = 0.1431563906
Step = 10; E = -1198.411563; F_norm = 0.09040143217
Step = 11; E = -1198.575627; F_norm = 0.05711358211
Step = 12; E = -1198.471983; F_norm = 0.03607261213
Step = 13; E = -1198.537447; F_norm = 0.02278743623
Step = 14; E = -1198.496094; F_norm = 0.01439340347
Step = 15; E = -1198.522215; F_norm = 0.009092115988
Converged in 16 steps. To a cluster energy of -1198.522215
----Optimized Positions----
-2.224459836, 6.367753376e-11, -7.323049538e-12
1.611710805e-10, -1.275578972e-10, 1.47964302e-11
2.224459836, 6.388036342e-11, -7.473380659e-12
