Overlap Grad Matrix:
            0            0   2.1722e-01            0            0            0            0            0            0            0            0            0  -2.1722e-01            0            0            0            0  -2.1722e-01            0            0            0            0            0            0            0            0            0            0            0            0            0            0   2.1722e-01            0            0            0
            0  -2.7375e-01            0  -3.2419e-02   1.9462e-01  -1.9211e-01   2.7375e-01            0            0            0            0  -2.7375e-01            0            0            0            0            0            0   3.2419e-02            0            0            0            0   3.2419e-02  -1.9462e-01            0            0            0            0   1.9462e-01   1.9211e-01   2.7375e-01            0  -3.2419e-02  -1.9462e-01            0
            0   2.1341e-01            0   1.9462e-01   6.5496e-02   7.1818e-18  -2.1341e-01            0            0            0            0  -2.1341e-01            0            0            0            0            0            0  -1.9462e-01            0            0            0            0   1.9462e-01  -6.5496e-02            0            0            0            0  -6.5496e-02   7.1818e-18   2.1341e-01            0  -1.9462e-01   6.5496e-02            0
Gamma Grad Matrix:
        0        0        0        0        0        0        0        0        0
        0  -4.0830  -2.9509   4.0830        0  -4.0830   2.9509   4.0830        0
        0   3.1831        0  -3.1831        0  -3.1831        0   3.1831        0
Nuclear Repulsion Grad Matrix (V):
         0         0         0
  -42.6338         0   42.6338
   30.6351  -61.2703   30.6351
Electron Grad Matrix:
   4.6218e-15  -4.7314e-15   1.0952e-16
   3.9408e+01   1.1546e-14  -3.9408e+01
  -2.8286e+01   5.6571e+01  -2.8286e+01
Total Grad Matrix:
   4.6218e-15  -4.7314e-15   1.0952e-16
  -3.2255e+00   1.1546e-14   3.2255e+00
   2.3495e+00  -4.6990e+00   2.3495e+00
Nuclear Repulsion Energy is 189.919 eV.
Electron Energy is -727.962 eV.
The molecule in file ../input/H2O.txt has energy -538.0434482 eV.

Beginning Steepest Descent with Backtracking (Armijo condition) to optimize location.
Step = 0; E = -538.0434482; F_norm = 12.68003091
Step = 1; E = -538.0505169; F_norm = 12.66905179
Step = 2; E = -538.0575792; F_norm = 12.65808404
Step = 3; E = -538.0646349; F_norm = 12.64712766
Step = 4; E = -538.0716842; F_norm = 12.63618263
Step = 5; E = -538.078727; F_norm = 12.62524895
Step = 6; E = -538.0857633; F_norm = 12.61432659
Step = 7; E = -538.0927931; F_norm = 12.60341555
Step = 8; E = -538.0998165; F_norm = 12.59251581
Step = 9; E = -538.1068334; F_norm = 12.58162736
Step = 10; E = -538.1138439; F_norm = 12.5707502
Step = 11; E = -538.120848; F_norm = 12.5598843
Step = 12; E = -538.1278456; F_norm = 12.54902966
Step = 13; E = -538.1348368; F_norm = 12.53818627
Step = 14; E = -538.1418216; F_norm = 12.52735411
Step = 15; E = -538.1488; F_norm = 12.51653317
Step = 16; E = -538.155772; F_norm = 12.50572344
Step = 17; E = -538.1627375; F_norm = 12.4949249
Step = 18; E = -538.1696968; F_norm = 12.48413756
Step = 19; E = -538.1766496; F_norm = 12.47336138
Step = 20; E = -538.183596; F_norm = 12.46259637
Step = 21; E = -538.1905361; F_norm = 12.45184251
Step = 22; E = -538.1974699; F_norm = 12.44109979
Step = 23; E = -538.2043972; F_norm = 12.43036819
Step = 24; E = -538.2113183; F_norm = 12.41964771
Step = 25; E = -538.218233; F_norm = 12.40893833
Step = 26; E = -538.2251414; F_norm = 12.39824004
Step = 27; E = -538.2320434; F_norm = 12.38755284
Step = 28; E = -538.2389392; F_norm = 12.3768767
Step = 29; E = -538.2458286; F_norm = 12.36621162
Step = 30; E = -538.2527117; F_norm = 12.35555759
Step = 31; E = -538.2595886; F_norm = 12.34491459
Step = 32; E = -538.2664591; F_norm = 12.33428261
Step = 33; E = -538.2733234; F_norm = 12.32366164
Step = 34; E = -538.2801814; F_norm = 12.31305167
Step = 35; E = -538.2870332; F_norm = 12.30245269
Step = 36; E = -538.2938787; F_norm = 12.29186469
Step = 37; E = -538.3007179; F_norm = 12.28128765
Step = 38; E = -538.3075509; F_norm = 12.27072156
Step = 39; E = -538.3143776; F_norm = 12.26016642
Step = 40; E = -538.3211982; F_norm = 12.2496222
Step = 41; E = -538.3280125; F_norm = 12.23908891
Step = 42; E = -538.3348206; F_norm = 12.22856652
Step = 43; E = -538.3416224; F_norm = 12.21805503
Step = 44; E = -538.3484181; F_norm = 12.20755443
Step = 45; E = -538.3552076; F_norm = 12.1970647
Step = 46; E = -538.3619909; F_norm = 12.18658583
Step = 47; E = -538.368768; F_norm = 12.17611781
Step = 48; E = -538.375539; F_norm = 12.16566064
Step = 49; E = -538.3823037; F_norm = 12.15521429
Step = 50; E = -538.3890623; F_norm = 12.14477876
Step = 51; E = -538.3958148; F_norm = 12.13435403
Step = 52; E = -538.4025611; F_norm = 12.12394011
Step = 53; E = -538.4093013; F_norm = 12.11353696
Step = 54; E = -538.4160353; F_norm = 12.10314459
Step = 55; E = -538.4227633; F_norm = 12.09276298
Step = 56; E = -538.429485; F_norm = 12.08239213
Step = 57; E = -538.4362007; F_norm = 12.07203201
Step = 58; E = -538.4429103; F_norm = 12.06168262
Step = 59; E = -538.4496138; F_norm = 12.05134395
Step = 60; E = -538.4563112; F_norm = 12.04101598
Step = 61; E = -538.4630025; F_norm = 12.03069871
Step = 62; E = -538.4696877; F_norm = 12.02039213
Step = 63; E = -538.4763669; F_norm = 12.01009622
Step = 64; E = -538.48304; F_norm = 11.99981097
Step = 65; E = -538.489707; F_norm = 11.98953637
Step = 66; E = -538.496368; F_norm = 11.97927242
Step = 67; E = -538.5030229; F_norm = 11.96901909
Step = 68; E = -538.5096718; F_norm = 11.95877638
Step = 69; E = -538.5163147; F_norm = 11.94854429
Step = 70; E = -538.5229516; F_norm = 11.93832279
Step = 71; E = -538.5295824; F_norm = 11.92811187
Step = 72; E = -538.5362072; F_norm = 11.91791153
Step = 73; E = -538.542826; F_norm = 11.90772176
Step = 74; E = -538.5494388; F_norm = 11.89754254
Step = 75; E = -538.5560457; F_norm = 11.88737387
Step = 76; E = -538.5626465; F_norm = 11.87721572
Step = 77; E = -538.5692414; F_norm = 11.8670681
Step = 78; E = -538.5758303; F_norm = 11.85693099
Step = 79; E = -538.5824132; F_norm = 11.84680438
Step = 80; E = -538.5889902; F_norm = 11.83668826
Step = 81; E = -538.5955612; F_norm = 11.82658262
Step = 82; E = -538.6021263; F_norm = 11.81648745
Step = 83; E = -538.6086854; F_norm = 11.80640274
Step = 84; E = -538.6152386; F_norm = 11.79632847
Step = 85; E = -538.6217859; F_norm = 11.78626465
Step = 86; E = -538.6283273; F_norm = 11.77621124
Step = 87; E = -538.6348628; F_norm = 11.76616826
Step = 88; E = -538.6413923; F_norm = 11.75613568
Step = 89; E = -538.647916; F_norm = 11.74611349
Step = 90; E = -538.6544337; F_norm = 11.73610169
Step = 91; E = -538.6609456; F_norm = 11.72610026
Step = 92; E = -538.6674516; F_norm = 11.71610919
Step = 93; E = -538.6739517; F_norm = 11.70612848
Step = 94; E = -538.680446; F_norm = 11.69615811
Step = 95; E = -538.6869344; F_norm = 11.68619807
Step = 96; E = -538.693417; F_norm = 11.67624836
Step = 97; E = -538.6998937; F_norm = 11.66630895
Step = 98; E = -538.7063645; F_norm = 11.65637985
Step = 99; E = -538.7128296; F_norm = 11.64646104
Step = 100; E = -538.7192888; F_norm = 11.6365525
Step = 101; E = -538.7257422; F_norm = 11.62665424
Step = 102; E = -538.7321897; F_norm = 11.61676624
Step = 103; E = -538.7386315; F_norm = 11.60688849
Step = 104; E = -538.7450675; F_norm = 11.59702097
Step = 105; E = -538.7514977; F_norm = 11.58716369
Step = 106; E = -538.757922; F_norm = 11.57731662
Step = 107; E = -538.7643406; F_norm = 11.56747976
Step = 108; E = -538.7707535; F_norm = 11.5576531
Step = 109; E = -538.7771605; F_norm = 11.54783663
Step = 110; E = -538.7835618; F_norm = 11.53803034
Step = 111; E = -538.7899574; F_norm = 11.52823421
Step = 112; E = -538.7963472; F_norm = 11.51844824
Step = 113; E = -538.8027312; F_norm = 11.50867242
Step = 114; E = -538.8091095; F_norm = 11.49890674
Step = 115; E = -538.8154821; F_norm = 11.48915119
Step = 116; E = -538.821849; F_norm = 11.47940575
Step = 117; E = -538.8282101; F_norm = 11.46967042
Step = 118; E = -538.8345655; F_norm = 11.45994519
Step = 119; E = -538.8409152; F_norm = 11.45023004
Step = 120; E = -538.8472593; F_norm = 11.44052498
Step = 121; E = -538.8535976; F_norm = 11.43082998
Step = 122; E = -538.8599302; F_norm = 11.42114504
Step = 123; E = -538.8662572; F_norm = 11.41147014
Step = 124; E = -538.8725785; F_norm = 11.40180529
Step = 125; E = -538.8788941; F_norm = 11.39215046
Step = 126; E = -538.8852041; F_norm = 11.38250565
Step = 127; E = -538.8915084; F_norm = 11.37287084
Step = 128; E = -538.897807; F_norm = 11.36324604
Step = 129; E = -538.9041; F_norm = 11.35363122
Step = 130; E = -538.9103874; F_norm = 11.34402639
Step = 131; E = -538.9166692; F_norm = 11.33443152
Step = 132; E = -538.9229453; F_norm = 11.32484661
Step = 133; E = -538.9292158; F_norm = 11.31527165
Step = 134; E = -538.9354807; F_norm = 11.30570663
Step = 135; E = -538.94174; F_norm = 11.29615154
Step = 136; E = -538.9479936; F_norm = 11.28660637
Step = 137; E = -538.9542417; F_norm = 11.27707111
Step = 138; E = -538.9604842; F_norm = 11.26754575
Step = 139; E = -538.9667212; F_norm = 11.25803028
Step = 140; E = -538.9729525; F_norm = 11.2485247
Step = 141; E = -538.9791783; F_norm = 11.23902898
Step = 142; E = -538.9853985; F_norm = 11.22954313
Step = 143; E = -538.9916132; F_norm = 11.22006713
Step = 144; E = -538.9978223; F_norm = 11.21060097
Step = 145; E = -539.0040258; F_norm = 11.20114465
Step = 146; E = -539.0102239; F_norm = 11.19169815
Step = 147; E = -539.0164164; F_norm = 11.18226146
Step = 148; E = -539.0226033; F_norm = 11.17283458
Step = 149; E = -539.0287848; F_norm = 11.16341749
Step = 150; E = -539.0349607; F_norm = 11.1540102
Step = 151; E = -539.0411311; F_norm = 11.14461267
Step = 152; E = -539.0472961; F_norm = 11.13522492
Step = 153; E = -539.0534555; F_norm = 11.12584692
Step = 154; E = -539.0596094; F_norm = 11.11647867
Step = 155; E = -539.0657579; F_norm = 11.10712015
Step = 156; E = -539.0719009; F_norm = 11.09777137
Step = 157; E = -539.0780384; F_norm = 11.08843231
Step = 158; E = -539.0841704; F_norm = 11.07910295
Step = 159; E = -539.090297; F_norm = 11.0697833
Step = 160; E = -539.0964181; F_norm = 11.06047334
Step = 161; E = -539.1025338; F_norm = 11.05117306
Step = 162; E = -539.108644; F_norm = 11.04188246
Step = 163; E = -539.1147488; F_norm = 11.03260152
Step = 164; E = -539.1208482; F_norm = 11.02333023
Step = 165; E = -539.1269421; F_norm = 11.01406859
Step = 166; E = -539.1330307; F_norm = 11.00481659
Step = 167; E = -539.1391138; F_norm = 10.99557421
Step = 168; E = -539.1451915; F_norm = 10.98634145
Step = 169; E = -539.1512638; F_norm = 10.9771183
Step = 170; E = -539.1573307; F_norm = 10.96790475
Step = 171; E = -539.1633922; F_norm = 10.95870079
Step = 172; E = -539.1694484; F_norm = 10.94950641
Step = 173; E = -539.1754991; F_norm = 10.9403216
Step = 174; E = -539.1815445; F_norm = 10.93114636
Step = 175; E = -539.1875846; F_norm = 10.92198067
Step = 176; E = -539.1936192; F_norm = 10.91282452
Step = 177; E = -539.1996486; F_norm = 10.90367791
Step = 178; E = -539.2056725; F_norm = 10.89454082
Step = 179; E = -539.2116911; F_norm = 10.88541326
Step = 180; E = -539.2177044; F_norm = 10.8762952
Step = 181; E = -539.2237124; F_norm = 10.86718664
Step = 182; E = -539.229715; F_norm = 10.85808757
Step = 183; E = -539.2357123; F_norm = 10.84899799
Step = 184; E = -539.2417043; F_norm = 10.83991787
Step = 185; E = -539.247691; F_norm = 10.83084722
Step = 186; E = -539.2536724; F_norm = 10.82178603
Step = 187; E = -539.2596485; F_norm = 10.81273428
Step = 188; E = -539.2656193; F_norm = 10.80369196
Step = 189; E = -539.2715849; F_norm = 10.79465908
Step = 190; E = -539.2775451; F_norm = 10.78563562
Step = 191; E = -539.2835001; F_norm = 10.77662156
Step = 192; E = -539.2894498; F_norm = 10.76761691
Step = 193; E = -539.2953943; F_norm = 10.75862165
Step = 194; E = -539.3013334; F_norm = 10.74963577
Step = 195; E = -539.3072674; F_norm = 10.74065927
Step = 196; E = -539.3131961; F_norm = 10.73169213
Step = 197; E = -539.3191195; F_norm = 10.72273436
Step = 198; E = -539.3250378; F_norm = 10.71378593
Step = 199; E = -539.3309508; F_norm = 10.70484684
Step = 200; E = -539.3368586; F_norm = 10.69591708
Step = 201; E = -539.3427611; F_norm = 10.68699665
Step = 202; E = -539.3486585; F_norm = 10.67808553
Step = 203; E = -539.3545506; F_norm = 10.66918372
Step = 204; E = -539.3604376; F_norm = 10.6602912
Step = 205; E = -539.3663193; F_norm = 10.65140797
Step = 206; E = -539.3721959; F_norm = 10.64253402
Step = 207; E = -539.3780673; F_norm = 10.63366934
Step = 208; E = -539.3839335; F_norm = 10.62481393
Step = 209; E = -539.3897946; F_norm = 10.61596776
Step = 210; E = -539.3956504; F_norm = 10.60713085
Step = 211; E = -539.4015012; F_norm = 10.59830317
Step = 212; E = -539.4073467; F_norm = 10.58948471
Step = 213; E = -539.4131871; F_norm = 10.58067548
Step = 214; E = -539.4190224; F_norm = 10.57187546
Step = 215; E = -539.4248526; F_norm = 10.56308464
Step = 216; E = -539.4306776; F_norm = 10.55430302
Step = 217; E = -539.4364975; F_norm = 10.54553058
Step = 218; E = -539.4423122; F_norm = 10.53676731
Step = 219; E = -539.4481219; F_norm = 10.52801322
Step = 220; E = -539.4539264; F_norm = 10.51926829
Step = 221; E = -539.4597258; F_norm = 10.51053251
Step = 222; E = -539.4655202; F_norm = 10.50180587
Step = 223; E = -539.4713094; F_norm = 10.49308837
Step = 224; E = -539.4770936; F_norm = 10.48438
Step = 225; E = -539.4828727; F_norm = 10.47568074
Step = 226; E = -539.4886467; F_norm = 10.4669906
Step = 227; E = -539.4944156; F_norm = 10.45830955
Step = 228; E = -539.5001795; F_norm = 10.4496376
Step = 229; E = -539.5059383; F_norm = 10.44097474
Step = 230; E = -539.511692; F_norm = 10.43232095
Step = 231; E = -539.5174407; F_norm = 10.42367623
Step = 232; E = -539.5231844; F_norm = 10.41504058
Step = 233; E = -539.528923; F_norm = 10.40641397
Step = 234; E = -539.5346566; F_norm = 10.39779641
Step = 235; E = -539.5403852; F_norm = 10.38918789
Step = 236; E = -539.5461087; F_norm = 10.38058839
Step = 237; E = -539.5518272; F_norm = 10.37199791
Step = 238; E = -539.5575407; F_norm = 10.36341645
Step = 239; E = -539.5632492; F_norm = 10.35484398
Step = 240; E = -539.5689528; F_norm = 10.34628052
Step = 241; E = -539.5746513; F_norm = 10.33772604
Step = 242; E = -539.5803448; F_norm = 10.32918054
Step = 243; E = -539.5860333; F_norm = 10.32064401
Step = 244; E = -539.5917169; F_norm = 10.31211644
Step = 245; E = -539.5973955; F_norm = 10.30359783
Step = 246; E = -539.6030691; F_norm = 10.29508817
Step = 247; E = -539.6087378; F_norm = 10.28658744
Step = 248; E = -539.6144015; F_norm = 10.27809565
Step = 249; E = -539.6200603; F_norm = 10.26961278
Step = 250; E = -539.6257141; F_norm = 10.26113882
Step = 251; E = -539.6313629; F_norm = 10.25267377
Step = 252; E = -539.6370069; F_norm = 10.24421762
Step = 253; E = -539.6426459; F_norm = 10.23577036
Step = 254; E = -539.6482799; F_norm = 10.22733199
Step = 255; E = -539.6539091; F_norm = 10.21890248
Step = 256; E = -539.6595333; F_norm = 10.21048185
Step = 257; E = -539.6651527; F_norm = 10.20207008
Step = 258; E = -539.6707671; F_norm = 10.19366716
Step = 259; E = -539.6763766; F_norm = 10.18527308
Step = 260; E = -539.6819813; F_norm = 10.17688783
Step = 261; E = -539.687581; F_norm = 10.16851142
Step = 262; E = -539.6931759; F_norm = 10.16014383
Step = 263; E = -539.6987659; F_norm = 10.15178505
Step = 264; E = -539.704351; F_norm = 10.14343507
Step = 265; E = -539.7099313; F_norm = 10.13509389
Step = 266; E = -539.7155067; F_norm = 10.1267615
Step = 267; E = -539.7210772; F_norm = 10.11843789
Step = 268; E = -539.7266429; F_norm = 10.11012306
Step = 269; E = -539.7322037; F_norm = 10.10181699
Step = 270; E = -539.7377597; F_norm = 10.09351968
Step = 271; E = -539.7433109; F_norm = 10.08523112
Step = 272; E = -539.7488572; F_norm = 10.0769513
Step = 273; E = -539.7543987; F_norm = 10.06868022
Step = 274; E = -539.7599354; F_norm = 10.06041787
Step = 275; E = -539.7654673; F_norm = 10.05216424
Step = 276; E = -539.7709943; F_norm = 10.04391932
Step = 277; E = -539.7765166; F_norm = 10.0356831
Step = 278; E = -539.782034; F_norm = 10.02745558
Step = 279; E = -539.7875467; F_norm = 10.01923676
Step = 280; E = -539.7930546; F_norm = 10.01102661
Step = 281; E = -539.7985577; F_norm = 10.00282514
Step = 282; E = -539.804056; F_norm = 9.994632336
Step = 283; E = -539.8095495; F_norm = 9.986448192
Step = 284; E = -539.8150383; F_norm = 9.9782727
Step = 285; E = -539.8205223; F_norm = 9.970105853
Step = 286; E = -539.8260015; F_norm = 9.961947644
Step = 287; E = -539.831476; F_norm = 9.953798064
Step = 288; E = -539.8369457; F_norm = 9.945657107
Step = 289; E = -539.8424107; F_norm = 9.937524764
Step = 290; E = -539.847871; F_norm = 9.929401029
Step = 291; E = -539.8533265; F_norm = 9.921285894
Step = 292; E = -539.8587773; F_norm = 9.913179352
Step = 293; E = -539.8642234; F_norm = 9.905081395
Step = 294; E = -539.8696648; F_norm = 9.896992017
Step = 295; E = -539.8751014; F_norm = 9.888911209
Step = 296; E = -539.8805334; F_norm = 9.880838964
Step = 297; E = -539.8859606; F_norm = 9.872775275
Step = 298; E = -539.8913831; F_norm = 9.864720135
Step = 299; E = -539.896801; F_norm = 9.856673536
Step = 300; E = -539.9022141; F_norm = 9.848635472
Step = 301; E = -539.9076226; F_norm = 9.840605934
Step = 302; E = -539.9130264; F_norm = 9.832584916
Step = 303; E = -539.9184255; F_norm = 9.82457241
Step = 304; E = -539.92382; F_norm = 9.81656841
Step = 305; E = -539.9292098; F_norm = 9.808572907
Step = 306; E = -539.9345949; F_norm = 9.800585895
Step = 307; E = -539.9399754; F_norm = 9.792607367
Step = 308; E = -539.9453512; F_norm = 9.784637315
Step = 309; E = -539.9507224; F_norm = 9.776675732
Step = 310; E = -539.956089; F_norm = 9.768722612
Step = 311; E = -539.9614509; F_norm = 9.760777946
Step = 312; E = -539.9668082; F_norm = 9.752841728
Step = 313; E = -539.9721609; F_norm = 9.744913951
Step = 314; E = -539.9775089; F_norm = 9.736994608
Step = 315; E = -539.9828524; F_norm = 9.729083691
Step = 316; E = -539.9881912; F_norm = 9.721181193
Step = 317; E = -539.9935254; F_norm = 9.713287108
Step = 318; E = -539.9988551; F_norm = 9.705401429
Step = 319; E = -540.0041801; F_norm = 9.697524148
Step = 320; E = -540.0095005; F_norm = 9.689655258
Step = 321; E = -540.0148164; F_norm = 9.681794752
Step = 322; E = -540.0201277; F_norm = 9.673942624
Step = 323; E = -540.0254344; F_norm = 9.666098867
Step = 324; E = -540.0307365; F_norm = 9.658263472
Step = 325; E = -540.0360341; F_norm = 9.650436435
Step = 326; E = -540.0413271; F_norm = 9.642617747
Step = 327; E = -540.0466156; F_norm = 9.634807401
Step = 328; E = -540.0518995; F_norm = 9.627005392
Step = 329; E = -540.0571789; F_norm = 9.619211711
Step = 330; E = -540.0624537; F_norm = 9.611426352
Step = 331; E = -540.067724; F_norm = 9.603649309
Step = 332; E = -540.0729897; F_norm = 9.595880573
Step = 333; E = -540.078251; F_norm = 9.588120139
Step = 334; E = -540.0835077; F_norm = 9.580368
Step = 335; E = -540.0887599; F_norm = 9.572624149
Step = 336; E = -540.0940076; F_norm = 9.564888578
Step = 337; E = -540.0992507; F_norm = 9.557161282
Step = 338; E = -540.1044894; F_norm = 9.549442253
Step = 339; E = -540.1097236; F_norm = 9.541731485
Step = 340; E = -540.1149533; F_norm = 9.534028971
Step = 341; E = -540.1201785; F_norm = 9.526334704
Step = 342; E = -540.1253992; F_norm = 9.518648677
Step = 343; E = -540.1306155; F_norm = 9.510970885
Step = 344; E = -540.1358272; F_norm = 9.503301319
Step = 345; E = -540.1410345; F_norm = 9.495639974
Step = 346; E = -540.1462374; F_norm = 9.487986842
Step = 347; E = -540.1514357; F_norm = 9.480341918
Step = 348; E = -540.1566297; F_norm = 9.472705194
Step = 349; E = -540.1618191; F_norm = 9.465076663
Step = 350; E = -540.1670042; F_norm = 9.45745632
Step = 351; E = -540.1721848; F_norm = 9.449844158
Step = 352; E = -540.1773609; F_norm = 9.442240169
Step = 353; E = -540.1825326; F_norm = 9.434644348
Step = 354; E = -540.1876999; F_norm = 9.427056688
Step = 355; E = -540.1928628; F_norm = 9.419477182
Step = 356; E = -540.1980213; F_norm = 9.411905824
Step = 357; E = -540.2031753; F_norm = 9.404342606
Step = 358; E = -540.2083249; F_norm = 9.396787524
Step = 359; E = -540.2134702; F_norm = 9.38924057
Step = 360; E = -540.218611; F_norm = 9.381701737
Step = 361; E = -540.2237475; F_norm = 9.37417102
Step = 362; E = -540.2288795; F_norm = 9.366648412
Step = 363; E = -540.2340072; F_norm = 9.359133906
Step = 364; E = -540.2391305; F_norm = 9.351627495
Step = 365; E = -540.2442494; F_norm = 9.344129175
Step = 366; E = -540.249364; F_norm = 9.336638937
Step = 367; E = -540.2544741; F_norm = 9.329156776
Step = 368; E = -540.25958; F_norm = 9.321682685
Step = 369; E = -540.2646814; F_norm = 9.314216658
Step = 370; E = -540.2697786; F_norm = 9.306758688
Step = 371; E = -540.2748713; F_norm = 9.29930877
Step = 372; E = -540.2799597; F_norm = 9.291866897
Step = 373; E = -540.2850438; F_norm = 9.284433062
Step = 374; E = -540.2901236; F_norm = 9.277007259
Step = 375; E = -540.295199; F_norm = 9.269589482
Step = 376; E = -540.3002701; F_norm = 9.262179725
Step = 377; E = -540.3053369; F_norm = 9.254777981
Step = 378; E = -540.3103994; F_norm = 9.247384244
Step = 379; E = -540.3154575; F_norm = 9.239998508
Step = 380; E = -540.3205114; F_norm = 9.232620767
Step = 381; E = -540.3255609; F_norm = 9.225251014
Step = 382; E = -540.3306062; F_norm = 9.217889243
Step = 383; E = -540.3356471; F_norm = 9.210535448
Step = 384; E = -540.3406838; F_norm = 9.203189623
Step = 385; E = -540.3457162; F_norm = 9.195851761
Step = 386; E = -540.3507443; F_norm = 9.188521857
Step = 387; E = -540.3557682; F_norm = 9.181199905
Step = 388; E = -540.3607877; F_norm = 9.173885897
Step = 389; E = -540.365803; F_norm = 9.166579829
Step = 390; E = -540.3708141; F_norm = 9.159281693
Step = 391; E = -540.3758209; F_norm = 9.151991484
Step = 392; E = -540.3808234; F_norm = 9.144709196
Step = 393; E = -540.3858217; F_norm = 9.137434823
Step = 394; E = -540.3908157; F_norm = 9.130168358
Step = 395; E = -540.3958055; F_norm = 9.122909796
Step = 396; E = -540.4007911; F_norm = 9.11565913
Step = 397; E = -540.4057724; F_norm = 9.108416355
Step = 398; E = -540.4107496; F_norm = 9.101181465
Step = 399; E = -540.4157225; F_norm = 9.093954453
Step = 400; E = -540.4206911; F_norm = 9.086735313
Step = 401; E = -540.4256556; F_norm = 9.07952404
Step = 402; E = -540.4306159; F_norm = 9.072320627
Step = 403; E = -540.4355719; F_norm = 9.06512507
Step = 404; E = -540.4405238; F_norm = 9.05793736
Step = 405; E = -540.4454715; F_norm = 9.050757494
Step = 406; E = -540.4504149; F_norm = 9.043585464
Step = 407; E = -540.4553542; F_norm = 9.036421266
Step = 408; E = -540.4602893; F_norm = 9.029264892
Step = 409; E = -540.4652203; F_norm = 9.022116338
Step = 410; E = -540.470147; F_norm = 9.014975597
Step = 411; E = -540.4750696; F_norm = 9.007842663
Step = 412; E = -540.4799881; F_norm = 9.000717532
Step = 413; E = -540.4849024; F_norm = 8.993600195
Step = 414; E = -540.4898125; F_norm = 8.986490649
Step = 415; E = -540.4947184; F_norm = 8.979388887
Step = 416; E = -540.4996203; F_norm = 8.972294904
Step = 417; E = -540.504518; F_norm = 8.965208693
Step = 418; E = -540.5094115; F_norm = 8.958130249
Step = 419; E = -540.5143009; F_norm = 8.951059566
Step = 420; E = -540.5191862; F_norm = 8.943996639
Step = 421; E = -540.5240674; F_norm = 8.936941461
Step = 422; E = -540.5289444; F_norm = 8.929894027
Step = 423; E = -540.5338173; F_norm = 8.922854331
Step = 424; E = -540.5386862; F_norm = 8.915822368
Step = 425; E = -540.5435509; F_norm = 8.908798131
Step = 426; E = -540.5484115; F_norm = 8.901781616
Step = 427; E = -540.553268; F_norm = 8.894772816
Step = 428; E = -540.5581204; F_norm = 8.887771727
Step = 429; E = -540.5629687; F_norm = 8.880778341
Step = 430; E = -540.567813; F_norm = 8.873792654
Step = 431; E = -540.5726531; F_norm = 8.86681466
Step = 432; E = -540.5774892; F_norm = 8.859844353
Step = 433; E = -540.5823212; F_norm = 8.852881729
Step = 434; E = -540.5871492; F_norm = 8.84592678
Step = 435; E = -540.591973; F_norm = 8.838979503
Step = 436; E = -540.5967929; F_norm = 8.83203989
Step = 437; E = -540.6016086; F_norm = 8.825107937
Step = 438; E = -540.6064203; F_norm = 8.818183638
Step = 439; E = -540.611228; F_norm = 8.811266988
Step = 440; E = -540.6160316; F_norm = 8.80435798
Step = 441; E = -540.6208312; F_norm = 8.797456611
Step = 442; E = -540.6256268; F_norm = 8.790562873
Step = 443; E = -540.6304183; F_norm = 8.783676762
Step = 444; E = -540.6352058; F_norm = 8.776798272
Step = 445; E = -540.6399893; F_norm = 8.769927398
Step = 446; E = -540.6447687; F_norm = 8.763064135
Step = 447; E = -540.6495442; F_norm = 8.756208476
Step = 448; E = -540.6543156; F_norm = 8.749360417
Step = 449; E = -540.659083; F_norm = 8.742519951
Step = 450; E = -540.6638465; F_norm = 8.735687075
Step = 451; E = -540.6686059; F_norm = 8.728861782
Step = 452; E = -540.6733613; F_norm = 8.722044067
Step = 453; E = -540.6781128; F_norm = 8.715233924
Step = 454; E = -540.6828603; F_norm = 8.708431349
Step = 455; E = -540.6876038; F_norm = 8.701636336
Step = 456; E = -540.6923433; F_norm = 8.69484888
Step = 457; E = -540.6970788; F_norm = 8.688068975
Step = 458; E = -540.7018104; F_norm = 8.681296616
Step = 459; E = -540.706538; F_norm = 8.674531797
Step = 460; E = -540.7112617; F_norm = 8.667774515
Step = 461; E = -540.7159814; F_norm = 8.661024762
Step = 462; E = -540.7206971; F_norm = 8.654282535
Step = 463; E = -540.7254089; F_norm = 8.647547828
Step = 464; E = -540.7301168; F_norm = 8.640820635
Step = 465; E = -540.7348207; F_norm = 8.634100952
Step = 466; E = -540.7395207; F_norm = 8.627388773
Step = 467; E = -540.7442168; F_norm = 8.620684092
Step = 468; E = -540.7489089; F_norm = 8.613986906
Step = 469; E = -540.7535971; F_norm = 8.607297209
Step = 470; E = -540.7582814; F_norm = 8.600614995
Step = 471; E = -540.7629618; F_norm = 8.593940259
Step = 472; E = -540.7676382; F_norm = 8.587272997
Step = 473; E = -540.7723108; F_norm = 8.580613203
Step = 474; E = -540.7769795; F_norm = 8.573960872
Step = 475; E = -540.7816442; F_norm = 8.567315999
Step = 476; E = -540.7863051; F_norm = 8.560678579
Step = 477; E = -540.7909621; F_norm = 8.554048607
Step = 478; E = -540.7956152; F_norm = 8.547426078
Step = 479; E = -540.8002644; F_norm = 8.540810986
Step = 480; E = -540.8049097; F_norm = 8.534203327
Step = 481; E = -540.8095512; F_norm = 8.527603096
Step = 482; E = -540.8141888; F_norm = 8.521010288
Step = 483; E = -540.8188225; F_norm = 8.514424897
Step = 484; E = -540.8234524; F_norm = 8.507846919
Step = 485; E = -540.8280784; F_norm = 8.501276349
Step = 486; E = -540.8327006; F_norm = 8.494713181
Step = 487; E = -540.8373189; F_norm = 8.488157412
Step = 488; E = -540.8419334; F_norm = 8.481609035
Step = 489; E = -540.846544; F_norm = 8.475068046
Step = 490; E = -540.8511508; F_norm = 8.468534441
Step = 491; E = -540.8557537; F_norm = 8.462008213
Step = 492; E = -540.8603529; F_norm = 8.455489359
Step = 493; E = -540.8649482; F_norm = 8.448977873
Step = 494; E = -540.8695397; F_norm = 8.442473751
Step = 495; E = -540.8741273; F_norm = 8.435976987
Step = 496; E = -540.8787112; F_norm = 8.429487577
Step = 497; E = -540.8832912; F_norm = 8.423005517
Step = 498; E = -540.8878675; F_norm = 8.4165308
Step = 499; E = -540.8924399; F_norm = 8.410063423
Step = 500; E = -540.8970085; F_norm = 8.40360338
Step = 501; E = -540.9015734; F_norm = 8.397150667
Step = 502; E = -540.9061344; F_norm = 8.390705278
Step = 503; E = -540.9106917; F_norm = 8.38426721
Step = 504; E = -540.9152452; F_norm = 8.377836458
Step = 505; E = -540.9197949; F_norm = 8.371413016
Step = 506; E = -540.9243409; F_norm = 8.36499688
Step = 507; E = -540.928883; F_norm = 8.358588046
Step = 508; E = -540.9334214; F_norm = 8.352186508
Step = 509; E = -540.9379561; F_norm = 8.345792261
Step = 510; E = -540.942487; F_norm = 8.339405302
Step = 511; E = -540.9470141; F_norm = 8.333025626
Step = 512; E = -540.9515375; F_norm = 8.326653227
Step = 513; E = -540.9560571; F_norm = 8.320288101
Step = 514; E = -540.960573; F_norm = 8.313930244
Step = 515; E = -540.9650851; F_norm = 8.307579651
Step = 516; E = -540.9695936; F_norm = 8.301236317
Step = 517; E = -540.9740982; F_norm = 8.294900237
Step = 518; E = -540.9785992; F_norm = 8.288571408
Step = 519; E = -540.9830964; F_norm = 8.282249824
Step = 520; E = -540.98759; F_norm = 8.275935481
Step = 521; E = -540.9920798; F_norm = 8.269628374
Step = 522; E = -540.9965659; F_norm = 8.263328499
Step = 523; E = -541.0010482; F_norm = 8.257035851
Step = 524; E = -541.0055269; F_norm = 8.250750426
Step = 525; E = -541.0100019; F_norm = 8.244472219
Step = 526; E = -541.0144732; F_norm = 8.238201226
Step = 527; E = -541.0189408; F_norm = 8.231937442
Step = 528; E = -541.0234047; F_norm = 8.225680863
Step = 529; E = -541.0278649; F_norm = 8.219431484
Step = 530; E = -541.0323214; F_norm = 8.2131893
Step = 531; E = -541.0367743; F_norm = 8.206954308
Step = 532; E = -541.0412235; F_norm = 8.200726502
Step = 533; E = -541.045669; F_norm = 8.194505879
Step = 534; E = -541.0501109; F_norm = 8.188292434
Step = 535; E = -541.0545491; F_norm = 8.182086163
Step = 536; E = -541.0589836; F_norm = 8.175887061
Step = 537; E = -541.0634145; F_norm = 8.169695123
Step = 538; E = -541.0678417; F_norm = 8.163510346
Step = 539; E = -541.0722653; F_norm = 8.157332725
Step = 540; E = -541.0766852; F_norm = 8.151162256
Step = 541; E = -541.0811015; F_norm = 8.144998934
Step = 542; E = -541.0855142; F_norm = 8.138842755
Step = 543; E = -541.0899232; F_norm = 8.132693715
Step = 544; E = -541.0943286; F_norm = 8.126551809
Step = 545; E = -541.0987304; F_norm = 8.120417033
Step = 546; E = -541.1031286; F_norm = 8.114289383
Step = 547; E = -541.1075231; F_norm = 8.108168855
Step = 548; E = -541.111914; F_norm = 8.102055444
Step = 549; E = -541.1163014; F_norm = 8.095949146
Step = 550; E = -541.1206851; F_norm = 8.089849956
Step = 551; E = -541.1250652; F_norm = 8.083757871
Step = 552; E = -541.1294417; F_norm = 8.077672887
Step = 553; E = -541.1338146; F_norm = 8.071594998
Step = 554; E = -541.138184; F_norm = 8.065524201
Step = 555; E = -541.1425497; F_norm = 8.059460492
Step = 556; E = -541.1469119; F_norm = 8.053403867
Step = 557; E = -541.1512705; F_norm = 8.047354321
Step = 558; E = -541.1556255; F_norm = 8.04131185
Step = 559; E = -541.1599769; F_norm = 8.03527645
Step = 560; E = -541.1643248; F_norm = 8.029248117
Step = 561; E = -541.1686691; F_norm = 8.023226847
Step = 562; E = -541.1730098; F_norm = 8.017212635
Step = 563; E = -541.177347; F_norm = 8.011205478
Step = 564; E = -541.1816806; F_norm = 8.005205372
Step = 565; E = -541.1860107; F_norm = 7.999212312
Step = 566; E = -541.1903372; F_norm = 7.993226294
Step = 567; E = -541.1946602; F_norm = 7.987247314
Step = 568; E = -541.1989797; F_norm = 7.981275369
Step = 569; E = -541.2032956; F_norm = 7.975310454
Step = 570; E = -541.207608; F_norm = 7.969352565
Step = 571; E = -541.2119168; F_norm = 7.963401698
Step = 572; E = -541.2162222; F_norm = 7.957457849
Step = 573; E = -541.220524; F_norm = 7.951521014
Step = 574; E = -541.2248223; F_norm = 7.945591189
Step = 575; E = -541.2291171; F_norm = 7.939668371
Step = 576; E = -541.2334083; F_norm = 7.933752555
Step = 577; E = -541.2376961; F_norm = 7.927843737
Step = 578; E = -541.2419804; F_norm = 7.921941913
Step = 579; E = -541.2462611; F_norm = 7.916047079
Step = 580; E = -541.2505384; F_norm = 7.910159232
Step = 581; E = -541.2548122; F_norm = 7.904278368
Step = 582; E = -541.2590825; F_norm = 7.898404482
Step = 583; E = -541.2633493; F_norm = 7.892537571
Step = 584; E = -541.2676126; F_norm = 7.886677631
Step = 585; E = -541.2718725; F_norm = 7.880824657
Step = 586; E = -541.2761288; F_norm = 7.874978647
Step = 587; E = -541.2803817; F_norm = 7.869139596
Step = 588; E = -541.2846312; F_norm = 7.863307501
Step = 589; E = -541.2888771; F_norm = 7.857482357
Step = 590; E = -541.2931196; F_norm = 7.851664161
Step = 591; E = -541.2973587; F_norm = 7.845852909
Step = 592; E = -541.3015943; F_norm = 7.840048597
Step = 593; E = -541.3058265; F_norm = 7.834251222
Step = 594; E = -541.3100552; F_norm = 7.828460779
Step = 595; E = -541.3142804; F_norm = 7.822677265
Step = 596; E = -541.3185023; F_norm = 7.816900676
Step = 597; E = -541.3227207; F_norm = 7.811131008
Step = 598; E = -541.3269356; F_norm = 7.805368259
Step = 599; E = -541.3311472; F_norm = 7.799612423
Step = 600; E = -541.3353553; F_norm = 7.793863497
Step = 601; E = -541.33956; F_norm = 7.788121478
Step = 602; E = -541.3437612; F_norm = 7.782386361
Step = 603; E = -541.3479591; F_norm = 7.776658144
Step = 604; E = -541.3521535; F_norm = 7.770936822
Step = 605; E = -541.3563446; F_norm = 7.765222392
Step = 606; E = -541.3605322; F_norm = 7.75951485
Step = 607; E = -541.3647165; F_norm = 7.753814193
Step = 608; E = -541.3688973; F_norm = 7.748120417
Step = 609; E = -541.3730748; F_norm = 7.742433517
Step = 610; E = -541.3772488; F_norm = 7.736753492
Step = 611; E = -541.3814195; F_norm = 7.731080336
Step = 612; E = -541.3855868; F_norm = 7.725414047
Step = 613; E = -541.3897507; F_norm = 7.719754621
Step = 614; E = -541.3939113; F_norm = 7.714102054
Step = 615; E = -541.3980684; F_norm = 7.708456343
Step = 616; E = -541.4022222; F_norm = 7.702817484
Step = 617; E = -541.4063727; F_norm = 7.697185474
Step = 618; E = -541.4105197; F_norm = 7.691560309
Step = 619; E = -541.4146634; F_norm = 7.685941986
Step = 620; E = -541.4188038; F_norm = 7.680330501
Step = 621; E = -541.4229408; F_norm = 7.67472585
Step = 622; E = -541.4270745; F_norm = 7.669128031
Step = 623; E = -541.4312048; F_norm = 7.663537039
Step = 624; E = -541.4353318; F_norm = 7.657952871
Step = 625; E = -541.4394554; F_norm = 7.652375525
Step = 626; E = -541.4435757; F_norm = 7.646804995
Step = 627; E = -541.4476927; F_norm = 7.64124128
Step = 628; E = -541.4518064; F_norm = 7.635684375
Step = 629; E = -541.4559167; F_norm = 7.630134277
Step = 630; E = -541.4600237; F_norm = 7.624590982
Step = 631; E = -541.4641274; F_norm = 7.619054488
Step = 632; E = -541.4682277; F_norm = 7.613524791
Step = 633; E = -541.4723248; F_norm = 7.608001887
Step = 634; E = -541.4764186; F_norm = 7.602485773
Step = 635; E = -541.480509; F_norm = 7.596976446
Step = 636; E = -541.4845962; F_norm = 7.591473903
Step = 637; E = -541.48868; F_norm = 7.585978139
Step = 638; E = -541.4927606; F_norm = 7.580489153
Step = 639; E = -541.4968379; F_norm = 7.575006939
Step = 640; E = -541.5009119; F_norm = 7.569531496
Step = 641; E = -541.5049826; F_norm = 7.56406282
Step = 642; E = -541.50905; F_norm = 7.558600907
Step = 643; E = -541.5131142; F_norm = 7.553145755
Step = 644; E = -541.517175; F_norm = 7.54769736
Step = 645; E = -541.5212326; F_norm = 7.542255718
Step = 646; E = -541.525287; F_norm = 7.536820827
Step = 647; E = -541.5293381; F_norm = 7.531392683
Step = 648; E = -541.5333859; F_norm = 7.525971284
Step = 649; E = -541.5374304; F_norm = 7.520556625
Step = 650; E = -541.5414718; F_norm = 7.515148704
Step = 651; E = -541.5455098; F_norm = 7.509747517
Step = 652; E = -541.5495446; F_norm = 7.504353062
Step = 653; E = -541.5535762; F_norm = 7.498965335
Step = 654; E = -541.5576045; F_norm = 7.493584332
Step = 655; E = -541.5616296; F_norm = 7.488210052
Step = 656; E = -541.5656515; F_norm = 7.48284249
Step = 657; E = -541.5696701; F_norm = 7.477481643
Step = 658; E = -541.5736855; F_norm = 7.472127509
Step = 659; E = -541.5776977; F_norm = 7.466780084
Step = 660; E = -541.5817067; F_norm = 7.461439365
Step = 661; E = -541.5857124; F_norm = 7.45610535
Step = 662; E = -541.589715; F_norm = 7.450778034
Step = 663; E = -541.5937143; F_norm = 7.445457415
Step = 664; E = -541.5977104; F_norm = 7.44014349
Step = 665; E = -541.6017033; F_norm = 7.434836256
Step = 666; E = -541.605693; F_norm = 7.429535709
Step = 667; E = -541.6096795; F_norm = 7.424241848
Step = 668; E = -541.6136629; F_norm = 7.418954667
Step = 669; E = -541.617643; F_norm = 7.413674166
Step = 670; E = -541.6216199; F_norm = 7.40840034
Step = 671; E = -541.6255937; F_norm = 7.403133186
Step = 672; E = -541.6295643; F_norm = 7.397872702
Step = 673; E = -541.6335317; F_norm = 7.392618885
Step = 674; E = -541.6374959; F_norm = 7.387371732
Step = 675; E = -541.641457; F_norm = 7.382131239
Step = 676; E = -541.6454149; F_norm = 7.376897404
Step = 677; E = -541.6493696; F_norm = 7.371670224
Step = 678; E = -541.6533212; F_norm = 7.366449695
Step = 679; E = -541.6572696; F_norm = 7.361235816
Step = 680; E = -541.6612148; F_norm = 7.356028583
Step = 681; E = -541.6651569; F_norm = 7.350827992
Step = 682; E = -541.6690959; F_norm = 7.345634042
Step = 683; E = -541.6730317; F_norm = 7.34044673
Step = 684; E = -541.6769644; F_norm = 7.335266052
Step = 685; E = -541.6808939; F_norm = 7.330092005
Step = 686; E = -541.6848203; F_norm = 7.324924587
Step = 687; E = -541.6887436; F_norm = 7.319763795
Step = 688; E = -541.6926637; F_norm = 7.314609626
Step = 689; E = -541.6965807; F_norm = 7.309462078
Step = 690; E = -541.7004946; F_norm = 7.304321147
Step = 691; E = -541.7044054; F_norm = 7.29918683
Step = 692; E = -541.708313; F_norm = 7.294059125
Step = 693; E = -541.7122175; F_norm = 7.288938029
Step = 694; E = -541.716119; F_norm = 7.28382354
Step = 695; E = -541.7200173; F_norm = 7.278715653
Step = 696; E = -541.7239125; F_norm = 7.273614368
Step = 697; E = -541.7278046; F_norm = 7.26851968
Step = 698; E = -541.7316936; F_norm = 7.263431588
Step = 699; E = -541.7355796; F_norm = 7.258350088
Step = 700; E = -541.7394624; F_norm = 7.253275178
Step = 701; E = -541.7433421; F_norm = 7.248206855
Step = 702; E = -541.7472188; F_norm = 7.243145116
Step = 703; E = -541.7510924; F_norm = 7.238089958
Step = 704; E = -541.7549629; F_norm = 7.23304138
Step = 705; E = -541.7588303; F_norm = 7.227999378
Step = 706; E = -541.7626947; F_norm = 7.222963949
Step = 707; E = -541.766556; F_norm = 7.217935091
Step = 708; E = -541.7704142; F_norm = 7.212912802
Step = 709; E = -541.7742693; F_norm = 7.207897078
Step = 710; E = -541.7781214; F_norm = 7.202887917
Step = 711; E = -541.7819705; F_norm = 7.197885316
Step = 712; E = -541.7858165; F_norm = 7.192889273
Step = 713; E = -541.7896594; F_norm = 7.187899785
Step = 714; E = -541.7934993; F_norm = 7.182916849
Step = 715; E = -541.7973362; F_norm = 7.177940464
Step = 716; E = -541.80117; F_norm = 7.172970626
Step = 717; E = -541.8050007; F_norm = 7.168007332
Step = 718; E = -541.8088285; F_norm = 7.163050581
Step = 719; E = -541.8126532; F_norm = 7.158100369
Step = 720; E = -541.8164748; F_norm = 7.153156694
Step = 721; E = -541.8202935; F_norm = 7.148219554
Step = 722; E = -541.8241091; F_norm = 7.143288946
Step = 723; E = -541.8279217; F_norm = 7.138364868
Step = 724; E = -541.8317313; F_norm = 7.133447316
Step = 725; E = -541.8355379; F_norm = 7.128536289
Step = 726; E = -541.8393415; F_norm = 7.123631784
Step = 727; E = -541.843142; F_norm = 7.118733798
Step = 728; E = -541.8469396; F_norm = 7.11384233
Step = 729; E = -541.8507341; F_norm = 7.108957376
Step = 730; E = -541.8545257; F_norm = 7.104078934
Step = 731; E = -541.8583143; F_norm = 7.099207001
Step = 732; E = -541.8620998; F_norm = 7.094341576
Step = 733; E = -541.8658824; F_norm = 7.089482656
Step = 734; E = -541.869662; F_norm = 7.084630238
Step = 735; E = -541.8734386; F_norm = 7.07978432
Step = 736; E = -541.8772123; F_norm = 7.0749449
Step = 737; E = -541.8809829; F_norm = 7.070111974
Step = 738; E = -541.8847506; F_norm = 7.065285542
Step = 739; E = -541.8885153; F_norm = 7.0604656
Step = 740; E = -541.8922771; F_norm = 7.055652145
Step = 741; E = -541.8960359; F_norm = 7.050845177
Step = 742; E = -541.8997917; F_norm = 7.046044692
Step = 743; E = -541.9035445; F_norm = 7.041250687
Step = 744; E = -541.9072944; F_norm = 7.036463161
Step = 745; E = -541.9110414; F_norm = 7.031682112
Step = 746; E = -541.9147854; F_norm = 7.026907537
Step = 747; E = -541.9185265; F_norm = 7.022139433
Step = 748; E = -541.9222646; F_norm = 7.017377798
Step = 749; E = -541.9259998; F_norm = 7.012622631
Step = 750; E = -541.929732; F_norm = 7.007873928
Step = 751; E = -541.9334613; F_norm = 7.003131688
Step = 752; E = -541.9371877; F_norm = 6.998395908
Step = 753; E = -541.9409111; F_norm = 6.993666586
Step = 754; E = -541.9446316; F_norm = 6.988943719
Step = 755; E = -541.9483492; F_norm = 6.984227306
Step = 756; E = -541.9520639; F_norm = 6.979517345
Step = 757; E = -541.9557757; F_norm = 6.974813832
Step = 758; E = -541.9594845; F_norm = 6.970116766
Step = 759; E = -541.9631904; F_norm = 6.965426144
Step = 760; E = -541.9668935; F_norm = 6.960741965
Step = 761; E = -541.9705936; F_norm = 6.956064226
Step = 762; E = -541.9742908; F_norm = 6.951392925
Step = 763; E = -541.9779851; F_norm = 6.94672806
Step = 764; E = -541.9816766; F_norm = 6.942069629
Step = 765; E = -541.9853651; F_norm = 6.937417629
Step = 766; E = -541.9890507; F_norm = 6.932772058
Step = 767; E = -541.9927335; F_norm = 6.928132914
Step = 768; E = -541.9964134; F_norm = 6.923500196
Step = 769; E = -542.0000904; F_norm = 6.9188739
Step = 770; E = -542.0037645; F_norm = 6.914254025
Step = 771; E = -542.0074357; F_norm = 6.909640569
Step = 772; E = -542.0111041; F_norm = 6.905033529
Step = 773; E = -542.0147696; F_norm = 6.900432904
Step = 774; E = -542.0184322; F_norm = 6.895838691
Step = 775; E = -542.022092; F_norm = 6.891250889
Step = 776; E = -542.0257489; F_norm = 6.886669494
Step = 777; E = -542.0294029; F_norm = 6.882094506
Step = 778; E = -542.0330541; F_norm = 6.877525922
Step = 779; E = -542.0367024; F_norm = 6.87296374
Step = 780; E = -542.0403479; F_norm = 6.868407958
Step = 781; E = -542.0439906; F_norm = 6.863858574
Step = 782; E = -542.0476304; F_norm = 6.859315585
Step = 783; E = -542.0512673; F_norm = 6.854778991
Step = 784; E = -542.0549014; F_norm = 6.850248789
Step = 785; E = -542.0585327; F_norm = 6.845724976
Step = 786; E = -542.0621612; F_norm = 6.841207552
Step = 787; E = -542.0657868; F_norm = 6.836696513
Step = 788; E = -542.0694096; F_norm = 6.832191858
Step = 789; E = -542.0730296; F_norm = 6.827693586
Step = 790; E = -542.0766467; F_norm = 6.823201693
Step = 791; E = -542.0802611; F_norm = 6.818716178
Step = 792; E = -542.0838726; F_norm = 6.814237039
Step = 793; E = -542.0874813; F_norm = 6.809764275
Step = 794; E = -542.0910872; F_norm = 6.805297883
Step = 795; E = -542.0946903; F_norm = 6.800837861
Step = 796; E = -542.0982906; F_norm = 6.796384207
Step = 797; E = -542.1018881; F_norm = 6.79193692
Step = 798; E = -542.1054828; F_norm = 6.787495997
Step = 799; E = -542.1090746; F_norm = 6.783061438
Step = 800; E = -542.1126638; F_norm = 6.778633238
Step = 801; E = -542.1162501; F_norm = 6.774211398
Step = 802; E = -542.1198336; F_norm = 6.769795915
Step = 803; E = -542.1234143; F_norm = 6.765386787
Step = 804; E = -542.1269923; F_norm = 6.760984012
Step = 805; E = -542.1305675; F_norm = 6.756587589
Step = 806; E = -542.1341399; F_norm = 6.752197515
Step = 807; E = -542.1377095; F_norm = 6.747813789
Step = 808; E = -542.1412764; F_norm = 6.743436409
Step = 809; E = -542.1448405; F_norm = 6.739065373
Step = 810; E = -542.1484018; F_norm = 6.734700679
Step = 811; E = -542.1519604; F_norm = 6.730342325
Step = 812; E = -542.1555162; F_norm = 6.725990311
Step = 813; E = -542.1590693; F_norm = 6.721644633
Step = 814; E = -542.1626196; F_norm = 6.71730529
Step = 815; E = -542.1661672; F_norm = 6.712972281
Step = 816; E = -542.169712; F_norm = 6.708645603
Step = 817; E = -542.1732541; F_norm = 6.704325255
Step = 818; E = -542.1767934; F_norm = 6.700011235
Step = 819; E = -542.18033; F_norm = 6.695703541
Step = 820; E = -542.1838638; F_norm = 6.691402172
Step = 821; E = -542.1873949; F_norm = 6.687107125
Step = 822; E = -542.1909233; F_norm = 6.6828184
Step = 823; E = -542.194449; F_norm = 6.678535994
Step = 824; E = -542.1979719; F_norm = 6.674259905
Step = 825; E = -542.2014921; F_norm = 6.669990133
Step = 826; E = -542.2050096; F_norm = 6.665726674
Step = 827; E = -542.2085244; F_norm = 6.661469528
Step = 828; E = -542.2120365; F_norm = 6.657218693
Step = 829; E = -542.2155458; F_norm = 6.652974167
Step = 830; E = -542.2190525; F_norm = 6.648735948
Step = 831; E = -542.2225564; F_norm = 6.644504035
Step = 832; E = -542.2260576; F_norm = 6.640278426
Step = 833; E = -542.2295562; F_norm = 6.63605912
Step = 834; E = -542.233052; F_norm = 6.631846114
Step = 835; E = -542.2365451; F_norm = 6.627639407
Step = 836; E = -542.2400356; F_norm = 6.623438998
Step = 837; E = -542.2435234; F_norm = 6.619244885
Step = 838; E = -542.2470084; F_norm = 6.615057066
Step = 839; E = -542.2504908; F_norm = 6.61087554
Step = 840; E = -542.2539705; F_norm = 6.606700305
Step = 841; E = -542.2574475; F_norm = 6.602531359
Step = 842; E = -542.2609219; F_norm = 6.598368701
Step = 843; E = -542.2643936; F_norm = 6.594212329
Step = 844; E = -542.2678626; F_norm = 6.590062242
Step = 845; E = -542.2713289; F_norm = 6.585918438
Step = 846; E = -542.2747926; F_norm = 6.581780916
Step = 847; E = -542.2782536; F_norm = 6.577649673
Step = 848; E = -542.281712; F_norm = 6.573524709
Step = 849; E = -542.2851677; F_norm = 6.569406021
Step = 850; E = -542.2886207; F_norm = 6.565293609
Step = 851; E = -542.2920711; F_norm = 6.561187471
Step = 852; E = -542.2955188; F_norm = 6.557087605
Step = 853; E = -542.2989639; F_norm = 6.552994009
Step = 854; E = -542.3024064; F_norm = 6.548906682
Step = 855; E = -542.3058462; F_norm = 6.544825624
Step = 856; E = -542.3092834; F_norm = 6.540750831
Step = 857; E = -542.3127179; F_norm = 6.536682303
Step = 858; E = -542.3161498; F_norm = 6.532620037
Step = 859; E = -542.3195791; F_norm = 6.528564034
Step = 860; E = -542.3230057; F_norm = 6.524514291
Step = 861; E = -542.3264297; F_norm = 6.520470806
Step = 862; E = -542.3298511; F_norm = 6.516433578
Step = 863; E = -542.3332699; F_norm = 6.512402606
Step = 864; E = -542.3366861; F_norm = 6.508377889
Step = 865; E = -542.3400996; F_norm = 6.504359424
Step = 866; E = -542.3435106; F_norm = 6.50034721
Step = 867; E = -542.3469189; F_norm = 6.496341246
Step = 868; E = -542.3503246; F_norm = 6.492341531
Step = 869; E = -542.3537277; F_norm = 6.488348063
Step = 870; E = -542.3571282; F_norm = 6.48436084
Step = 871; E = -542.3605262; F_norm = 6.480379862
Step = 872; E = -542.3639215; F_norm = 6.476405126
Step = 873; E = -542.3673142; F_norm = 6.472436631
Step = 874; E = -542.3707043; F_norm = 6.468474376
Step = 875; E = -542.3740919; F_norm = 6.46451836
Step = 876; E = -542.3774769; F_norm = 6.460568581
Step = 877; E = -542.3808592; F_norm = 6.456625038
Step = 878; E = -542.384239; F_norm = 6.452687729
Step = 879; E = -542.3876163; F_norm = 6.448756653
Step = 880; E = -542.3909909; F_norm = 6.444831808
Step = 881; E = -542.394363; F_norm = 6.440913194
Step = 882; E = -542.3977325; F_norm = 6.437000808
Step = 883; E = -542.4010994; F_norm = 6.43309465
Step = 884; E = -542.4044638; F_norm = 6.429194718
Step = 885; E = -542.4078256; F_norm = 6.425301011
Step = 886; E = -542.4111848; F_norm = 6.421413527
Step = 887; E = -542.4145415; F_norm = 6.417532266
Step = 888; E = -542.4178957; F_norm = 6.413657225
Step = 889; E = -542.4212473; F_norm = 6.409788403
Step = 890; E = -542.4245963; F_norm = 6.4059258
Step = 891; E = -542.4279428; F_norm = 6.402069414
Step = 892; E = -542.4312867; F_norm = 6.398219243
Step = 893; E = -542.4346281; F_norm = 6.394375286
Step = 894; E = -542.437967; F_norm = 6.390537542
Step = 895; E = -542.4413033; F_norm = 6.386706009
Step = 896; E = -542.4446371; F_norm = 6.382880687
Step = 897; E = -542.4479684; F_norm = 6.379061574
Step = 898; E = -542.4512971; F_norm = 6.375248668
Step = 899; E = -542.4546233; F_norm = 6.371441969
Step = 900; E = -542.457947; F_norm = 6.367641475
Step = 901; E = -542.4612682; F_norm = 6.363847185
Step = 902; E = -542.4645868; F_norm = 6.360059097
Step = 903; E = -542.467903; F_norm = 6.356277211
Step = 904; E = -542.4712166; F_norm = 6.352501525
Step = 905; E = -542.4745277; F_norm = 6.348732038
Step = 906; E = -542.4778363; F_norm = 6.344968748
Step = 907; E = -542.4811424; F_norm = 6.341211655
Step = 908; E = -542.484446; F_norm = 6.337460757
Step = 909; E = -542.4877471; F_norm = 6.333716053
Step = 910; E = -542.4910457; F_norm = 6.329977541
Step = 911; E = -542.4943417; F_norm = 6.326245221
Step = 912; E = -542.4976353; F_norm = 6.322519091
Step = 913; E = -542.5009265; F_norm = 6.318799149
Step = 914; E = -542.5042151; F_norm = 6.315085396
Step = 915; E = -542.5075012; F_norm = 6.311377829
Step = 916; E = -542.5107849; F_norm = 6.307676448
Step = 917; E = -542.514066; F_norm = 6.303981251
Step = 918; E = -542.5173447; F_norm = 6.300292237
Step = 919; E = -542.5206209; F_norm = 6.296609404
Step = 920; E = -542.5238947; F_norm = 6.292932752
Step = 921; E = -542.527166; F_norm = 6.28926228
Step = 922; E = -542.5304348; F_norm = 6.285597985
Step = 923; E = -542.5337011; F_norm = 6.281939868
Step = 924; E = -542.536965; F_norm = 6.278287927
Step = 925; E = -542.5402264; F_norm = 6.27464216
Step = 926; E = -542.5434854; F_norm = 6.271002567
Step = 927; E = -542.5467419; F_norm = 6.267369146
Step = 928; E = -542.5499959; F_norm = 6.263741897
Step = 929; E = -542.5532475; F_norm = 6.260120817
Step = 930; E = -542.5564967; F_norm = 6.256505907
Step = 931; E = -542.5597434; F_norm = 6.252897164
Step = 932; E = -542.5629876; F_norm = 6.249294588
Step = 933; E = -542.5662294; F_norm = 6.245698177
Step = 934; E = -542.5694688; F_norm = 6.242107931
Step = 935; E = -542.5727058; F_norm = 6.238523848
Step = 936; E = -542.5759403; F_norm = 6.234945927
Step = 937; E = -542.5791723; F_norm = 6.231374166
Step = 938; E = -542.582402; F_norm = 6.227808566
Step = 939; E = -542.5856292; F_norm = 6.224249125
Step = 940; E = -542.588854; F_norm = 6.220695841
Step = 941; E = -542.5920764; F_norm = 6.217148714
Step = 942; E = -542.5952964; F_norm = 6.213607742
Step = 943; E = -542.5985139; F_norm = 6.210072924
Step = 944; E = -542.601729; F_norm = 6.20654426
Step = 945; E = -542.6049417; F_norm = 6.203021747
Step = 946; E = -542.608152; F_norm = 6.199505386
Step = 947; E = -542.6113599; F_norm = 6.195995174
Step = 948; E = -542.6145654; F_norm = 6.192491112
Step = 949; E = -542.6177685; F_norm = 6.188993197
Step = 950; E = -542.6209692; F_norm = 6.185501428
Step = 951; E = -542.6241675; F_norm = 6.182015806
Step = 952; E = -542.6273634; F_norm = 6.178536327
Step = 953; E = -542.6305569; F_norm = 6.175062993
Step = 954; E = -542.6337481; F_norm = 6.1715958
Step = 955; E = -542.6369368; F_norm = 6.168134749
Step = 956; E = -542.6401231; F_norm = 6.164679838
Step = 957; E = -542.6433071; F_norm = 6.161231066
Step = 958; E = -542.6464887; F_norm = 6.157788432
Step = 959; E = -542.6496679; F_norm = 6.154351935
Step = 960; E = -542.6528447; F_norm = 6.150921574
Step = 961; E = -542.6560192; F_norm = 6.147497348
Step = 962; E = -542.6591913; F_norm = 6.144079256
Step = 963; E = -542.662361; F_norm = 6.140667296
Step = 964; E = -542.6655283; F_norm = 6.137261469
Step = 965; E = -542.6686933; F_norm = 6.133861772
Step = 966; E = -542.671856; F_norm = 6.130468204
Step = 967; E = -542.6750162; F_norm = 6.127080766
Step = 968; E = -542.6781741; F_norm = 6.123699454
Step = 969; E = -542.6813297; F_norm = 6.12032427
Step = 970; E = -542.6844829; F_norm = 6.116955211
Step = 971; E = -542.6876338; F_norm = 6.113592276
Step = 972; E = -542.6907823; F_norm = 6.110235465
Step = 973; E = -542.6939284; F_norm = 6.106884776
Step = 974; E = -542.6970723; F_norm = 6.103540209
Step = 975; E = -542.7002138; F_norm = 6.100201762
Step = 976; E = -542.7033529; F_norm = 6.096869434
Step = 977; E = -542.7064897; F_norm = 6.093543225
Step = 978; E = -542.7096242; F_norm = 6.090223133
Step = 979; E = -542.7127563; F_norm = 6.086909157
Step = 980; E = -542.7158862; F_norm = 6.083601297
Step = 981; E = -542.7190137; F_norm = 6.080299551
Step = 982; E = -542.7221388; F_norm = 6.077003918
Step = 983; E = -542.7252617; F_norm = 6.073714397
Step = 984; E = -542.7283822; F_norm = 6.070430987
Step = 985; E = -542.7315004; F_norm = 6.067153688
Step = 986; E = -542.7346163; F_norm = 6.063882498
Step = 987; E = -542.7377299; F_norm = 6.060617416
Step = 988; E = -542.7408412; F_norm = 6.057358442
Step = 989; E = -542.7439502; F_norm = 6.054105573
Step = 990; E = -542.7470568; F_norm = 6.05085881
Step = 991; E = -542.7501612; F_norm = 6.047618151
Step = 992; E = -542.7532633; F_norm = 6.044383595
Step = 993; E = -542.756363; F_norm = 6.041155142
Step = 994; E = -542.7594605; F_norm = 6.037932789
Step = 995; E = -542.7625557; F_norm = 6.034716537
Step = 996; E = -542.7656486; F_norm = 6.031506384
Step = 997; E = -542.7687392; F_norm = 6.028302329
Step = 998; E = -542.7718275; F_norm = 6.025104372
Step = 999; E = -542.7749135; F_norm = 6.021912511
----Optimized Positions----
-6.191617669e-17, 1.445413113, -0.9083762009
7.168611017e-17, -6.156805732e-17, 0.2586166323
-9.76993348e-18, -1.445413113, -0.9083762009
Optimized Grad
   8.0783e-15  -1.0201e-14   2.1222e-15
  -6.5852e-01   5.5043e-15   6.5852e-01
   1.4335e+00  -2.8669e+00   1.4335e+00

Beginning Vibrational Analysis.
Hessian
  -6.3402e-01  -1.3390e-10   3.1582e-11   5.8008e-01  -3.7351e-11  -1.2029e-10   5.3936e-02   1.9526e-10   4.2025e-11
  -1.3390e-10   1.3542e+01  -1.0240e+01  -1.8021e-10  -1.2596e+01   9.8421e+00   4.1575e-10  -9.4564e-01   3.9801e-01
   3.1582e-11  -1.0240e+01   8.2506e+00   1.7775e-10   1.0638e+01  -8.6002e+00  -4.1260e-10  -3.9801e-01   3.4960e-01
   5.8008e-01  -1.8021e-10   1.7775e-10  -1.1602e+00   3.3176e-10  -8.5024e-11   5.8008e-01  -2.1138e-10  -1.4341e-10
  -3.7351e-11  -1.2596e+01   1.0638e+01   3.3176e-10   2.5192e+01   1.3724e-10   1.0500e-11  -1.2596e+01  -1.0638e+01
  -1.2029e-10   9.8421e+00  -8.6002e+00  -8.5024e-11   1.3724e-10   1.7200e+01   6.1185e-10  -9.8421e+00  -8.6002e+00
   5.3936e-02   4.1575e-10  -4.1260e-10   5.8008e-01   1.0500e-11   6.1185e-10  -6.3402e-01  -2.8878e-10  -2.5434e-10
   1.9526e-10  -9.4564e-01  -3.9801e-01  -2.1138e-10  -1.2596e+01  -9.8421e+00  -2.8878e-10   1.3542e+01   1.0240e+01
   4.2025e-11   3.9801e-01   3.4960e-01  -1.4341e-10  -1.0638e+01  -8.6002e+00  -2.5434e-10   1.0240e+01   8.2506e+00
Mass Weighted
  -6.2911e-01  -1.3287e-10   3.1337e-11   1.4446e-01  -9.3018e-12  -2.9956e-11   5.3519e-02   1.9375e-10   4.1699e-11
  -1.3287e-10   1.3437e+01  -1.0161e+01  -4.4880e-11  -3.1369e+00   2.4511e+00   4.1253e-10  -9.3832e-01   3.9493e-01
   3.1337e-11  -1.0161e+01   8.1868e+00   4.4265e-11   2.6493e+00  -2.1418e+00  -4.0940e-10  -3.9493e-01   3.4689e-01
   1.4446e-01  -4.4880e-11   4.4265e-11  -7.2515e-02   2.0736e-11  -5.3143e-12   1.4446e-01  -5.2643e-11  -3.5714e-11
  -9.3018e-12  -3.1369e+00   2.6493e+00   2.0736e-11   1.5746e+00   8.5782e-12   2.6149e-12  -3.1369e+00  -2.6493e+00
  -2.9956e-11   2.4511e+00  -2.1418e+00  -5.3143e-12   8.5782e-12   1.0751e+00   1.5237e-10  -2.4511e+00  -2.1418e+00
   5.3519e-02   4.1253e-10  -4.0940e-10   1.4446e-01   2.6149e-12   1.5237e-10  -6.2911e-01  -2.8655e-10  -2.5237e-10
   1.9375e-10  -9.3832e-01  -3.9493e-01  -5.2643e-11  -3.1369e+00  -2.4511e+00  -2.8655e-10   1.3437e+01   1.0161e+01
   4.1699e-11   3.9493e-01   3.4689e-01  -3.5714e-11  -2.6493e+00  -2.1418e+00  -2.5237e-10   1.0161e+01   8.1868e+00
Force constants
  -6.8263e-01
  -6.6998e-01
  -6.4811e-01
  -4.3438e-12
   1.4834e-11
   3.6054e-11
   1.3586e+00
   2.2583e+01
   2.2625e+01
Modes
   7.0711e-01   2.6957e-09  -6.6638e-01  -2.1468e-01  -8.5490e-02   5.0455e-02  -5.0548e-11  -1.6777e-12   9.2725e-12
  -1.2977e-09   4.0313e-01   2.1931e-10   8.2518e-02  -2.2051e-01  -2.2527e-02   4.4042e-01  -5.3061e-01  -5.5320e-01
  -1.8589e-09   5.6304e-01   2.6948e-10  -5.5182e-02   2.8437e-03  -2.2998e-01   5.2134e-01   4.2777e-01   4.1505e-01
   3.1509e-10  -1.8292e-10   3.3450e-01  -8.5538e-01  -3.4063e-01   2.0103e-01  -2.6938e-12   3.9907e-12  -1.1461e-13
   6.8992e-10  -2.0235e-01  -7.6209e-11   3.2878e-01  -8.7861e-01  -8.9754e-02   6.9593e-11   2.6635e-01  -3.8066e-10
   1.9310e-12  -2.8953e-11  -3.2449e-12  -2.1987e-01   1.1330e-02  -9.1632e-01  -2.6169e-01  -2.9265e-10  -2.0834e-01
  -7.0711e-01  -1.9497e-09  -6.6638e-01  -2.1468e-01  -8.5490e-02   5.0455e-02  -4.0293e-11  -5.7228e-12  -2.9786e-11
  -1.3346e-09   4.0313e-01   2.5676e-10   8.2518e-02  -2.2051e-01  -2.2527e-02  -4.4042e-01  -5.3061e-01   5.5320e-01
   1.8425e-09  -5.6304e-01  -3.5386e-10  -5.5182e-02   2.8437e-03  -2.2998e-01   5.2134e-01  -4.2777e-01   4.1505e-01
Frequencies (cm^-1)
            0
            0
            0
            0
            0
            0
   1.5185e+03
   6.1911e+03
   6.1969e+03

