Overlap Grad Matrix:
        0   0.3446  -0.1865        0        0  -0.3446        0        0        0        0   0.1865        0        0        0        0        0        0        0        0        0        0        0        0        0        0
        0        0        0   0.2129        0        0        0        0        0        0        0        0        0        0        0  -0.2129        0        0        0        0        0        0        0        0        0
        0        0        0        0   0.2129        0        0        0        0        0        0        0        0        0        0        0        0        0        0        0  -0.2129        0        0        0        0
Gamma Grad Matrix:
        0   5.1381  -5.1381        0
        0        0        0        0
        0        0        0        0
Nuclear Repulsion Grad Matrix (V):
   48.7521  -48.7521
         0         0
         0         0
Electron Grad Matrix:
  -45.8255   45.8255
         0         0
         0         0
Total Grad Matrix:
   2.9266  -2.9266
        0        0
        0        0
Nuclear Repulsion Energy is 89.2164 eV.
Electron Energy is -602.188 eV.
The molecule in file ../input/HO.txt has energy -512.9712342 eV.

Beginning Steepest Descent with Backtracking (Armijo condition) to optimize location.
Step = 0; E = -512.9712342; F_norm = 5.853161245
Step = 1; E = -512.9740876; F_norm = 5.846924297
Step = 2; E = -512.9769378; F_norm = 5.840694593
Step = 3; E = -512.9797849; F_norm = 5.834472121
Step = 4; E = -512.9826286; F_norm = 5.828256874
Step = 5; E = -512.9854692; F_norm = 5.822048842
Step = 6; E = -512.9883066; F_norm = 5.815848013
Step = 7; E = -512.9911408; F_norm = 5.80965438
Step = 8; E = -512.9939718; F_norm = 5.803467932
Step = 9; E = -512.9967995; F_norm = 5.79728866
Step = 10; E = -512.9996241; F_norm = 5.791116554
Step = 11; E = -513.0024455; F_norm = 5.784951605
Step = 12; E = -513.0052638; F_norm = 5.778793803
Step = 13; E = -513.0080788; F_norm = 5.772643138
Step = 14; E = -513.0108907; F_norm = 5.766499601
Step = 15; E = -513.0136994; F_norm = 5.760363183
Step = 16; E = -513.0165049; F_norm = 5.754233873
Step = 17; E = -513.0193073; F_norm = 5.748111663
Step = 18; E = -513.0221065; F_norm = 5.741996543
Step = 19; E = -513.0249026; F_norm = 5.735888504
Step = 20; E = -513.0276955; F_norm = 5.729787535
Step = 21; E = -513.0304853; F_norm = 5.723693628
Step = 22; E = -513.0332719; F_norm = 5.717606774
Step = 23; E = -513.0360554; F_norm = 5.711526962
Step = 24; E = -513.0388358; F_norm = 5.705454184
Step = 25; E = -513.041613; F_norm = 5.69938843
Step = 26; E = -513.0443871; F_norm = 5.693329691
Step = 27; E = -513.0471581; F_norm = 5.687277957
Step = 28; E = -513.0499259; F_norm = 5.681233219
Step = 29; E = -513.0526907; F_norm = 5.675195468
Step = 30; E = -513.0554523; F_norm = 5.669164695
Step = 31; E = -513.0582109; F_norm = 5.663140889
Step = 32; E = -513.0609663; F_norm = 5.657124043
Step = 33; E = -513.0637187; F_norm = 5.651114147
Step = 34; E = -513.0664679; F_norm = 5.645111191
Step = 35; E = -513.069214; F_norm = 5.639115166
Step = 36; E = -513.0719571; F_norm = 5.633126064
Step = 37; E = -513.0746971; F_norm = 5.627143875
Step = 38; E = -513.077434; F_norm = 5.621168589
Step = 39; E = -513.0801679; F_norm = 5.615200198
Step = 40; E = -513.0828986; F_norm = 5.609238692
Step = 41; E = -513.0856263; F_norm = 5.603284063
Step = 42; E = -513.0883509; F_norm = 5.597336301
Step = 43; E = -513.0910725; F_norm = 5.591395397
Step = 44; E = -513.0937911; F_norm = 5.585461342
Step = 45; E = -513.0965065; F_norm = 5.579534128
Step = 46; E = -513.0992189; F_norm = 5.573613744
Step = 47; E = -513.1019283; F_norm = 5.567700182
Step = 48; E = -513.1046347; F_norm = 5.561793433
Step = 49; E = -513.107338; F_norm = 5.555893488
Step = 50; E = -513.1100383; F_norm = 5.550000338
Step = 51; E = -513.1127355; F_norm = 5.544113973
Step = 52; E = -513.1154297; F_norm = 5.538234386
Step = 53; E = -513.1181209; F_norm = 5.532361567
Step = 54; E = -513.1208091; F_norm = 5.526495506
Step = 55; E = -513.1234943; F_norm = 5.520636196
Step = 56; E = -513.1261765; F_norm = 5.514783627
Step = 57; E = -513.1288556; F_norm = 5.508937791
Step = 58; E = -513.1315318; F_norm = 5.503098678
Step = 59; E = -513.134205; F_norm = 5.497266279
Step = 60; E = -513.1368751; F_norm = 5.491440587
Step = 61; E = -513.1395423; F_norm = 5.485621591
Step = 62; E = -513.1422065; F_norm = 5.479809283
Step = 63; E = -513.1448677; F_norm = 5.474003655
Step = 64; E = -513.147526; F_norm = 5.468204697
Step = 65; E = -513.1501812; F_norm = 5.4624124
Step = 66; E = -513.1528335; F_norm = 5.456626757
Step = 67; E = -513.1554828; F_norm = 5.450847758
Step = 68; E = -513.1581292; F_norm = 5.445075394
Step = 69; E = -513.1607726; F_norm = 5.439309658
Step = 70; E = -513.163413; F_norm = 5.433550539
Step = 71; E = -513.1660505; F_norm = 5.427798029
Step = 72; E = -513.1686851; F_norm = 5.42205212
Step = 73; E = -513.1713167; F_norm = 5.416312803
Step = 74; E = -513.1739453; F_norm = 5.41058007
Step = 75; E = -513.1765711; F_norm = 5.404853911
Step = 76; E = -513.1791939; F_norm = 5.399134318
Step = 77; E = -513.1818137; F_norm = 5.393421282
Step = 78; E = -513.1844307; F_norm = 5.387714796
Step = 79; E = -513.1870447; F_norm = 5.382014849
Step = 80; E = -513.1896558; F_norm = 5.376321435
Step = 81; E = -513.1922639; F_norm = 5.370634543
Step = 82; E = -513.1948692; F_norm = 5.364954166
Step = 83; E = -513.1974716; F_norm = 5.359280295
Step = 84; E = -513.200071; F_norm = 5.353612922
Step = 85; E = -513.2026676; F_norm = 5.347952037
Step = 86; E = -513.2052612; F_norm = 5.342297633
Step = 87; E = -513.207852; F_norm = 5.336649701
Step = 88; E = -513.2104398; F_norm = 5.331008233
Step = 89; E = -513.2130248; F_norm = 5.32537322
Step = 90; E = -513.2156069; F_norm = 5.319744653
Step = 91; E = -513.2181862; F_norm = 5.314122525
Step = 92; E = -513.2207625; F_norm = 5.308506826
Step = 93; E = -513.223336; F_norm = 5.302897549
Step = 94; E = -513.2259066; F_norm = 5.297294686
Step = 95; E = -513.2284744; F_norm = 5.291698226
Step = 96; E = -513.2310392; F_norm = 5.286108163
Step = 97; E = -513.2336013; F_norm = 5.280524489
Step = 98; E = -513.2361604; F_norm = 5.274947193
Step = 99; E = -513.2387168; F_norm = 5.269376269
Step = 100; E = -513.2412702; F_norm = 5.263811708
Step = 101; E = -513.2438209; F_norm = 5.258253502
Step = 102; E = -513.2463687; F_norm = 5.252701643
Step = 103; E = -513.2489136; F_norm = 5.247156121
Step = 104; E = -513.2514558; F_norm = 5.241616929
Step = 105; E = -513.2539951; F_norm = 5.23608406
Step = 106; E = -513.2565315; F_norm = 5.230557503
Step = 107; E = -513.2590652; F_norm = 5.225037252
Step = 108; E = -513.261596; F_norm = 5.219523298
Step = 109; E = -513.2641241; F_norm = 5.214015632
Step = 110; E = -513.2666493; F_norm = 5.208514248
Step = 111; E = -513.2691717; F_norm = 5.203019136
Step = 112; E = -513.2716913; F_norm = 5.197530288
Step = 113; E = -513.2742081; F_norm = 5.192047696
Step = 114; E = -513.2767221; F_norm = 5.186571353
Step = 115; E = -513.2792333; F_norm = 5.181101249
Step = 116; E = -513.2817417; F_norm = 5.175637378
Step = 117; E = -513.2842473; F_norm = 5.17017973
Step = 118; E = -513.2867502; F_norm = 5.164728298
Step = 119; E = -513.2892502; F_norm = 5.159283073
Step = 120; E = -513.2917475; F_norm = 5.153844048
Step = 121; E = -513.294242; F_norm = 5.148411215
Step = 122; E = -513.2967338; F_norm = 5.142984565
Step = 123; E = -513.2992228; F_norm = 5.137564091
Step = 124; E = -513.301709; F_norm = 5.132149784
Step = 125; E = -513.3041924; F_norm = 5.126741637
Step = 126; E = -513.3066731; F_norm = 5.121339641
Step = 127; E = -513.3091511; F_norm = 5.115943789
Step = 128; E = -513.3116263; F_norm = 5.110554073
Step = 129; E = -513.3140988; F_norm = 5.105170484
Step = 130; E = -513.3165685; F_norm = 5.099793015
Step = 131; E = -513.3190355; F_norm = 5.094421658
Step = 132; E = -513.3214997; F_norm = 5.089056405
Step = 133; E = -513.3239612; F_norm = 5.083697248
Step = 134; E = -513.32642; F_norm = 5.07834418
Step = 135; E = -513.3288761; F_norm = 5.072997191
Step = 136; E = -513.3313294; F_norm = 5.067656275
Step = 137; E = -513.33378; F_norm = 5.062321424
Step = 138; E = -513.3362279; F_norm = 5.056992629
Step = 139; E = -513.3386731; F_norm = 5.051669884
Step = 140; E = -513.3411156; F_norm = 5.04635318
Step = 141; E = -513.3435554; F_norm = 5.041042509
Step = 142; E = -513.3459925; F_norm = 5.035737864
Step = 143; E = -513.3484268; F_norm = 5.030439236
Step = 144; E = -513.3508585; F_norm = 5.025146619
Step = 145; E = -513.3532875; F_norm = 5.019860004
Step = 146; E = -513.3557138; F_norm = 5.014579384
Step = 147; E = -513.3581375; F_norm = 5.00930475
Step = 148; E = -513.3605584; F_norm = 5.004036096
Step = 149; E = -513.3629767; F_norm = 4.998773413
Step = 150; E = -513.3653922; F_norm = 4.993516695
Step = 151; E = -513.3678052; F_norm = 4.988265932
Step = 152; E = -513.3702154; F_norm = 4.983021118
Step = 153; E = -513.372623; F_norm = 4.977782244
Step = 154; E = -513.3750279; F_norm = 4.972549304
Step = 155; E = -513.3774302; F_norm = 4.96732229
Step = 156; E = -513.3798298; F_norm = 4.962101193
Step = 157; E = -513.3822267; F_norm = 4.956886007
Step = 158; E = -513.3846211; F_norm = 4.951676723
Step = 159; E = -513.3870127; F_norm = 4.946473335
Step = 160; E = -513.3894017; F_norm = 4.941275834
Step = 161; E = -513.3917881; F_norm = 4.936084214
Step = 162; E = -513.3941719; F_norm = 4.930898466
Step = 163; E = -513.396553; F_norm = 4.925718583
Step = 164; E = -513.3989315; F_norm = 4.920544557
Step = 165; E = -513.4013073; F_norm = 4.915376382
Step = 166; E = -513.4036806; F_norm = 4.910214049
Step = 167; E = -513.4060512; F_norm = 4.905057551
Step = 168; E = -513.4084192; F_norm = 4.89990688
Step = 169; E = -513.4107846; F_norm = 4.894762029
Step = 170; E = -513.4131474; F_norm = 4.889622992
Step = 171; E = -513.4155076; F_norm = 4.884489759
Step = 172; E = -513.4178651; F_norm = 4.879362324
Step = 173; E = -513.4202201; F_norm = 4.874240679
Step = 174; E = -513.4225725; F_norm = 4.869124817
Step = 175; E = -513.4249223; F_norm = 4.864014731
Step = 176; E = -513.4272694; F_norm = 4.858910413
Step = 177; E = -513.4296141; F_norm = 4.853811856
Step = 178; E = -513.4319561; F_norm = 4.848719052
Step = 179; E = -513.4342955; F_norm = 4.843631994
Step = 180; E = -513.4366324; F_norm = 4.838550675
Step = 181; E = -513.4389667; F_norm = 4.833475087
Step = 182; E = -513.4412984; F_norm = 4.828405223
Step = 183; E = -513.4436275; F_norm = 4.823341076
Step = 184; E = -513.4459541; F_norm = 4.818282639
Step = 185; E = -513.4482781; F_norm = 4.813229904
Step = 186; E = -513.4505996; F_norm = 4.808182863
Step = 187; E = -513.4529185; F_norm = 4.803141511
Step = 188; E = -513.4552349; F_norm = 4.798105839
Step = 189; E = -513.4575487; F_norm = 4.79307584
Step = 190; E = -513.4598599; F_norm = 4.788051507
Step = 191; E = -513.4621687; F_norm = 4.783032832
Step = 192; E = -513.4644748; F_norm = 4.778019809
Step = 193; E = -513.4667785; F_norm = 4.773012431
Step = 194; E = -513.4690796; F_norm = 4.76801069
Step = 195; E = -513.4713782; F_norm = 4.763014578
Step = 196; E = -513.4736742; F_norm = 4.75802409
Step = 197; E = -513.4759677; F_norm = 4.753039217
Step = 198; E = -513.4782587; F_norm = 4.748059953
Step = 199; E = -513.4805472; F_norm = 4.74308629
Step = 200; E = -513.4828332; F_norm = 4.738118221
Step = 201; E = -513.4851167; F_norm = 4.73315574
Step = 202; E = -513.4873976; F_norm = 4.728198839
Step = 203; E = -513.489676; F_norm = 4.72324751
Step = 204; E = -513.491952; F_norm = 4.718301748
Step = 205; E = -513.4942254; F_norm = 4.713361545
Step = 206; E = -513.4964964; F_norm = 4.708426893
Step = 207; E = -513.4987648; F_norm = 4.703497786
Step = 208; E = -513.5010308; F_norm = 4.698574217
Step = 209; E = -513.5032943; F_norm = 4.693656178
Step = 210; E = -513.5055552; F_norm = 4.688743664
Step = 211; E = -513.5078138; F_norm = 4.683836666
Step = 212; E = -513.5100698; F_norm = 4.678935177
Step = 213; E = -513.5123233; F_norm = 4.674039192
Step = 214; E = -513.5145744; F_norm = 4.669148702
Step = 215; E = -513.516823; F_norm = 4.664263701
Step = 216; E = -513.5190692; F_norm = 4.659384182
Step = 217; E = -513.5213128; F_norm = 4.654510137
Step = 218; E = -513.5235541; F_norm = 4.649641561
Step = 219; E = -513.5257928; F_norm = 4.644778446
Step = 220; E = -513.5280291; F_norm = 4.639920785
Step = 221; E = -513.530263; F_norm = 4.635068571
Step = 222; E = -513.5324944; F_norm = 4.630221798
Step = 223; E = -513.5347234; F_norm = 4.625380458
Step = 224; E = -513.5369499; F_norm = 4.620544545
Step = 225; E = -513.539174; F_norm = 4.615714052
Step = 226; E = -513.5413956; F_norm = 4.610888972
Step = 227; E = -513.5436148; F_norm = 4.606069297
Step = 228; E = -513.5458316; F_norm = 4.601255022
Step = 229; E = -513.548046; F_norm = 4.59644614
Step = 230; E = -513.5502579; F_norm = 4.591642643
Step = 231; E = -513.5524674; F_norm = 4.586844526
Step = 232; E = -513.5546745; F_norm = 4.58205178
Step = 233; E = -513.5568792; F_norm = 4.5772644
Step = 234; E = -513.5590814; F_norm = 4.572482378
Step = 235; E = -513.5612813; F_norm = 4.567705708
Step = 236; E = -513.5634787; F_norm = 4.562934383
Step = 237; E = -513.5656737; F_norm = 4.558168396
Step = 238; E = -513.5678664; F_norm = 4.553407742
Step = 239; E = -513.5700566; F_norm = 4.548652412
Step = 240; E = -513.5722445; F_norm = 4.5439024
Step = 241; E = -513.5744299; F_norm = 4.5391577
Step = 242; E = -513.576613; F_norm = 4.534418304
Step = 243; E = -513.5787936; F_norm = 4.529684207
Step = 244; E = -513.5809719; F_norm = 4.524955402
Step = 245; E = -513.5831478; F_norm = 4.520231881
Step = 246; E = -513.5853214; F_norm = 4.515513638
Step = 247; E = -513.5874925; F_norm = 4.510800668
Step = 248; E = -513.5896613; F_norm = 4.506092962
Step = 249; E = -513.5918277; F_norm = 4.501390514
Step = 250; E = -513.5939918; F_norm = 4.496693318
Step = 251; E = -513.5961534; F_norm = 4.492001368
Step = 252; E = -513.5983128; F_norm = 4.487314656
Step = 253; E = -513.6004697; F_norm = 4.482633175
Step = 254; E = -513.6026243; F_norm = 4.477956921
Step = 255; E = -513.6047766; F_norm = 4.473285885
Step = 256; E = -513.6069265; F_norm = 4.468620062
Step = 257; E = -513.6090741; F_norm = 4.463959444
Step = 258; E = -513.6112193; F_norm = 4.459304026
Step = 259; E = -513.6133622; F_norm = 4.454653801
Step = 260; E = -513.6155027; F_norm = 4.450008762
Step = 261; E = -513.6176409; F_norm = 4.445368902
Step = 262; E = -513.6197768; F_norm = 4.440734216
Step = 263; E = -513.6219103; F_norm = 4.436104697
Step = 264; E = -513.6240415; F_norm = 4.431480338
Step = 265; E = -513.6261704; F_norm = 4.426861133
Step = 266; E = -513.628297; F_norm = 4.422247076
Step = 267; E = -513.6304212; F_norm = 4.417638159
Step = 268; E = -513.6325432; F_norm = 4.413034377
Step = 269; E = -513.6346628; F_norm = 4.408435723
Step = 270; E = -513.6367801; F_norm = 4.403842191
Step = 271; E = -513.6388951; F_norm = 4.399253775
Step = 272; E = -513.6410078; F_norm = 4.394670467
Step = 273; E = -513.6431182; F_norm = 4.390092262
Step = 274; E = -513.6452263; F_norm = 4.385519153
Step = 275; E = -513.6473321; F_norm = 4.380951135
Step = 276; E = -513.6494356; F_norm = 4.376388199
Step = 277; E = -513.6515368; F_norm = 4.371830341
Step = 278; E = -513.6536357; F_norm = 4.367277554
Step = 279; E = -513.6557324; F_norm = 4.362729831
Step = 280; E = -513.6578268; F_norm = 4.358187166
Step = 281; E = -513.6599188; F_norm = 4.353649553
Step = 282; E = -513.6620086; F_norm = 4.349116986
Step = 283; E = -513.6640962; F_norm = 4.344589458
Step = 284; E = -513.6661814; F_norm = 4.340066963
Step = 285; E = -513.6682644; F_norm = 4.335549495
Step = 286; E = -513.6703451; F_norm = 4.331037048
Step = 287; E = -513.6724236; F_norm = 4.326529615
Step = 288; E = -513.6744998; F_norm = 4.322027189
Step = 289; E = -513.6765738; F_norm = 4.317529766
Step = 290; E = -513.6786454; F_norm = 4.313037338
Step = 291; E = -513.6807149; F_norm = 4.3085499
Step = 292; E = -513.6827821; F_norm = 4.304067444
Step = 293; E = -513.684847; F_norm = 4.299589966
Step = 294; E = -513.6869097; F_norm = 4.295117458
Step = 295; E = -513.6889702; F_norm = 4.290649915
Step = 296; E = -513.6910284; F_norm = 4.286187331
Step = 297; E = -513.6930843; F_norm = 4.281729698
Step = 298; E = -513.6951381; F_norm = 4.277277012
Step = 299; E = -513.6971896; F_norm = 4.272829266
Step = 300; E = -513.6992389; F_norm = 4.268386453
Step = 301; E = -513.7012859; F_norm = 4.263948569
Step = 302; E = -513.7033308; F_norm = 4.259515606
Step = 303; E = -513.7053734; F_norm = 4.255087558
Step = 304; E = -513.7074138; F_norm = 4.25066442
Step = 305; E = -513.709452; F_norm = 4.246246185
Step = 306; E = -513.711488; F_norm = 4.241832848
Step = 307; E = -513.7135217; F_norm = 4.237424401
Step = 308; E = -513.7155533; F_norm = 4.23302084
Step = 309; E = -513.7175826; F_norm = 4.228622158
Step = 310; E = -513.7196098; F_norm = 4.224228349
Step = 311; E = -513.7216347; F_norm = 4.219839407
Step = 312; E = -513.7236575; F_norm = 4.215455326
Step = 313; E = -513.725678; F_norm = 4.2110761
Step = 314; E = -513.7276964; F_norm = 4.206701722
Step = 315; E = -513.7297126; F_norm = 4.202332188
Step = 316; E = -513.7317266; F_norm = 4.197967491
Step = 317; E = -513.7337384; F_norm = 4.193607624
Step = 318; E = -513.735748; F_norm = 4.189252583
Step = 319; E = -513.7377555; F_norm = 4.184902361
Step = 320; E = -513.7397607; F_norm = 4.180556952
Step = 321; E = -513.7417638; F_norm = 4.17621635
Step = 322; E = -513.7437648; F_norm = 4.171880549
Step = 323; E = -513.7457635; F_norm = 4.167549543
Step = 324; E = -513.7477601; F_norm = 4.163223327
Step = 325; E = -513.7497546; F_norm = 4.158901895
Step = 326; E = -513.7517469; F_norm = 4.154585239
Step = 327; E = -513.753737; F_norm = 4.150273356
Step = 328; E = -513.7557249; F_norm = 4.145966238
Step = 329; E = -513.7577108; F_norm = 4.141663881
Step = 330; E = -513.7596944; F_norm = 4.137366277
Step = 331; E = -513.7616759; F_norm = 4.133073421
Step = 332; E = -513.7636553; F_norm = 4.128785308
Step = 333; E = -513.7656325; F_norm = 4.124501931
Step = 334; E = -513.7676076; F_norm = 4.120223285
Step = 335; E = -513.7695806; F_norm = 4.115949363
Step = 336; E = -513.7715514; F_norm = 4.111680161
Step = 337; E = -513.7735201; F_norm = 4.107415672
Step = 338; E = -513.7754866; F_norm = 4.10315589
Step = 339; E = -513.7774511; F_norm = 4.09890081
Step = 340; E = -513.7794134; F_norm = 4.094650425
Step = 341; E = -513.7813736; F_norm = 4.090404731
Step = 342; E = -513.7833316; F_norm = 4.086163721
Step = 343; E = -513.7852876; F_norm = 4.081927389
Step = 344; E = -513.7872414; F_norm = 4.077695731
Step = 345; E = -513.7891931; F_norm = 4.073468739
Step = 346; E = -513.7911427; F_norm = 4.069246408
Step = 347; E = -513.7930902; F_norm = 4.065028733
Step = 348; E = -513.7950356; F_norm = 4.060815708
Step = 349; E = -513.7969789; F_norm = 4.056607327
Step = 350; E = -513.7989201; F_norm = 4.052403585
Step = 351; E = -513.8008592; F_norm = 4.048204475
Step = 352; E = -513.8027962; F_norm = 4.044009992
Step = 353; E = -513.8047312; F_norm = 4.039820131
Step = 354; E = -513.806664; F_norm = 4.035634885
Step = 355; E = -513.8085947; F_norm = 4.031454249
Step = 356; E = -513.8105234; F_norm = 4.027278218
Step = 357; E = -513.81245; F_norm = 4.023106785
Step = 358; E = -513.8143745; F_norm = 4.018939946
Step = 359; E = -513.8162969; F_norm = 4.014777694
Step = 360; E = -513.8182172; F_norm = 4.010620024
Step = 361; E = -513.8201355; F_norm = 4.00646693
Step = 362; E = -513.8220517; F_norm = 4.002318407
Step = 363; E = -513.8239658; F_norm = 3.998174449
Step = 364; E = -513.8258779; F_norm = 3.994035051
Step = 365; E = -513.8277879; F_norm = 3.989900206
Step = 366; E = -513.8296959; F_norm = 3.98576991
Step = 367; E = -513.8316018; F_norm = 3.981644156
Step = 368; E = -513.8335056; F_norm = 3.97752294
Step = 369; E = -513.8354074; F_norm = 3.973406255
Step = 370; E = -513.8373071; F_norm = 3.969294097
Step = 371; E = -513.8392048; F_norm = 3.965186459
Step = 372; E = -513.8411004; F_norm = 3.961083336
Step = 373; E = -513.842994; F_norm = 3.956984722
Step = 374; E = -513.8448856; F_norm = 3.952890613
Step = 375; E = -513.8467751; F_norm = 3.948801002
Step = 376; E = -513.8486626; F_norm = 3.944715885
Step = 377; E = -513.8505481; F_norm = 3.940635255
Step = 378; E = -513.8524315; F_norm = 3.936559107
Step = 379; E = -513.8543129; F_norm = 3.932487435
Step = 380; E = -513.8561922; F_norm = 3.928420235
Step = 381; E = -513.8580696; F_norm = 3.9243575
Step = 382; E = -513.8599449; F_norm = 3.920299226
Step = 383; E = -513.8618182; F_norm = 3.916245407
Step = 384; E = -513.8636895; F_norm = 3.912196037
Step = 385; E = -513.8655588; F_norm = 3.908151111
Step = 386; E = -513.867426; F_norm = 3.904110623
Step = 387; E = -513.8692913; F_norm = 3.900074569
Step = 388; E = -513.8711545; F_norm = 3.896042943
Step = 389; E = -513.8730158; F_norm = 3.892015738
Step = 390; E = -513.874875; F_norm = 3.887992951
Step = 391; E = -513.8767322; F_norm = 3.883974576
Step = 392; E = -513.8785875; F_norm = 3.879960607
Step = 393; E = -513.8804407; F_norm = 3.875951038
Step = 394; E = -513.882292; F_norm = 3.871945865
Step = 395; E = -513.8841412; F_norm = 3.867945083
Step = 396; E = -513.8859885; F_norm = 3.863948685
Step = 397; E = -513.8878338; F_norm = 3.859956667
Step = 398; E = -513.8896771; F_norm = 3.855969023
Step = 399; E = -513.8915184; F_norm = 3.851985747
Step = 400; E = -513.8933578; F_norm = 3.848006836
Step = 401; E = -513.8951951; F_norm = 3.844032283
Step = 402; E = -513.8970305; F_norm = 3.840062082
Step = 403; E = -513.8988639; F_norm = 3.83609623
Step = 404; E = -513.9006954; F_norm = 3.83213472
Step = 405; E = -513.9025249; F_norm = 3.828177547
Step = 406; E = -513.9043524; F_norm = 3.824224706
Step = 407; E = -513.906178; F_norm = 3.820276191
Step = 408; E = -513.9080016; F_norm = 3.816331998
Step = 409; E = -513.9098232; F_norm = 3.812392121
Step = 410; E = -513.9116429; F_norm = 3.808456555
Step = 411; E = -513.9134606; F_norm = 3.804525295
Step = 412; E = -513.9152764; F_norm = 3.800598335
Step = 413; E = -513.9170902; F_norm = 3.796675671
Step = 414; E = -513.9189021; F_norm = 3.792757297
Step = 415; E = -513.920712; F_norm = 3.788843207
Step = 416; E = -513.92252; F_norm = 3.784933397
Step = 417; E = -513.9243261; F_norm = 3.781027862
Step = 418; E = -513.9261302; F_norm = 3.777126596
Step = 419; E = -513.9279324; F_norm = 3.773229595
Step = 420; E = -513.9297327; F_norm = 3.769336852
Step = 421; E = -513.931531; F_norm = 3.765448363
Step = 422; E = -513.9333274; F_norm = 3.761564123
Step = 423; E = -513.9351218; F_norm = 3.757684126
Step = 424; E = -513.9369144; F_norm = 3.753808368
Step = 425; E = -513.938705; F_norm = 3.749936844
Step = 426; E = -513.9404937; F_norm = 3.746069547
Step = 427; E = -513.9422805; F_norm = 3.742206474
Step = 428; E = -513.9440654; F_norm = 3.738347618
Step = 429; E = -513.9458483; F_norm = 3.734492976
Step = 430; E = -513.9476294; F_norm = 3.730642541
Step = 431; E = -513.9494085; F_norm = 3.726796309
Step = 432; E = -513.9511857; F_norm = 3.722954275
Step = 433; E = -513.9529611; F_norm = 3.719116434
Step = 434; E = -513.9547345; F_norm = 3.71528278
Step = 435; E = -513.956506; F_norm = 3.711453308
Step = 436; E = -513.9582757; F_norm = 3.707628014
Step = 437; E = -513.9600434; F_norm = 3.703806892
Step = 438; E = -513.9618092; F_norm = 3.699989938
Step = 439; E = -513.9635732; F_norm = 3.696177146
Step = 440; E = -513.9653353; F_norm = 3.692368512
Step = 441; E = -513.9670955; F_norm = 3.68856403
Step = 442; E = -513.9688537; F_norm = 3.684763695
Step = 443; E = -513.9706102; F_norm = 3.680967503
Step = 444; E = -513.9723647; F_norm = 3.677175448
Step = 445; E = -513.9741174; F_norm = 3.673387525
Step = 446; E = -513.9758681; F_norm = 3.66960373
Step = 447; E = -513.9776171; F_norm = 3.665824058
Step = 448; E = -513.9793641; F_norm = 3.662048502
Step = 449; E = -513.9811093; F_norm = 3.65827706
Step = 450; E = -513.9828526; F_norm = 3.654509725
Step = 451; E = -513.984594; F_norm = 3.650746492
Step = 452; E = -513.9863336; F_norm = 3.646987358
Step = 453; E = -513.9880713; F_norm = 3.643232316
Step = 454; E = -513.9898072; F_norm = 3.639481362
Step = 455; E = -513.9915412; F_norm = 3.635734491
Step = 456; E = -513.9932733; F_norm = 3.631991698
Step = 457; E = -513.9950036; F_norm = 3.628252978
Step = 458; E = -513.9967321; F_norm = 3.624518327
Step = 459; E = -513.9984587; F_norm = 3.620787739
Step = 460; E = -514.0001835; F_norm = 3.617061209
Step = 461; E = -514.0019064; F_norm = 3.613338734
Step = 462; E = -514.0036275; F_norm = 3.609620307
Step = 463; E = -514.0053467; F_norm = 3.605905924
Step = 464; E = -514.0070641; F_norm = 3.60219558
Step = 465; E = -514.0087797; F_norm = 3.59848927
Step = 466; E = -514.0104934; F_norm = 3.59478699
Step = 467; E = -514.0122053; F_norm = 3.591088734
Step = 468; E = -514.0139154; F_norm = 3.587394498
Step = 469; E = -514.0156237; F_norm = 3.583704277
Step = 470; E = -514.0173301; F_norm = 3.580018066
Step = 471; E = -514.0190347; F_norm = 3.57633586
Step = 472; E = -514.0207375; F_norm = 3.572657655
Step = 473; E = -514.0224385; F_norm = 3.568983446
Step = 474; E = -514.0241377; F_norm = 3.565313228
Step = 475; E = -514.025835; F_norm = 3.561646996
Step = 476; E = -514.0275305; F_norm = 3.557984745
Step = 477; E = -514.0292243; F_norm = 3.554326471
Step = 478; E = -514.0309162; F_norm = 3.550672169
Step = 479; E = -514.0326063; F_norm = 3.547021834
Step = 480; E = -514.0342946; F_norm = 3.543375461
Step = 481; E = -514.0359811; F_norm = 3.539733047
Step = 482; E = -514.0376659; F_norm = 3.536094585
Step = 483; E = -514.0393488; F_norm = 3.532460071
Step = 484; E = -514.0410299; F_norm = 3.528829501
Step = 485; E = -514.0427092; F_norm = 3.52520287
Step = 486; E = -514.0443868; F_norm = 3.521580172
Step = 487; E = -514.0460626; F_norm = 3.517961404
Step = 488; E = -514.0477365; F_norm = 3.514346561
Step = 489; E = -514.0494087; F_norm = 3.510735638
Step = 490; E = -514.0510791; F_norm = 3.50712863
Step = 491; E = -514.0527478; F_norm = 3.503525533
Step = 492; E = -514.0544146; F_norm = 3.499926342
Step = 493; E = -514.0560797; F_norm = 3.496331053
Step = 494; E = -514.057743; F_norm = 3.49273966
Step = 495; E = -514.0594045; F_norm = 3.489152159
Step = 496; E = -514.0610643; F_norm = 3.485568545
Step = 497; E = -514.0627223; F_norm = 3.481988814
Step = 498; E = -514.0643785; F_norm = 3.478412962
Step = 499; E = -514.066033; F_norm = 3.474840983
Step = 500; E = -514.0676857; F_norm = 3.471272873
Step = 501; E = -514.0693366; F_norm = 3.467708627
Step = 502; E = -514.0709858; F_norm = 3.464148241
Step = 503; E = -514.0726333; F_norm = 3.46059171
Step = 504; E = -514.0742789; F_norm = 3.45703903
Step = 505; E = -514.0759229; F_norm = 3.453490195
Step = 506; E = -514.0775651; F_norm = 3.449945202
Step = 507; E = -514.0792055; F_norm = 3.446404046
Step = 508; E = -514.0808442; F_norm = 3.442866722
Step = 509; E = -514.0824811; F_norm = 3.439333226
Step = 510; E = -514.0841163; F_norm = 3.435803553
Step = 511; E = -514.0857498; F_norm = 3.432277698
Step = 512; E = -514.0873815; F_norm = 3.428755658
Step = 513; E = -514.0890115; F_norm = 3.425237427
Step = 514; E = -514.0906398; F_norm = 3.421723001
Step = 515; E = -514.0922663; F_norm = 3.418212376
Step = 516; E = -514.0938911; F_norm = 3.414705546
Step = 517; E = -514.0955142; F_norm = 3.411202508
Step = 518; E = -514.0971356; F_norm = 3.407703258
Step = 519; E = -514.0987552; F_norm = 3.404207789
Step = 520; E = -514.1003731; F_norm = 3.400716099
Step = 521; E = -514.1019893; F_norm = 3.397228182
Step = 522; E = -514.1036038; F_norm = 3.393744034
Step = 523; E = -514.1052165; F_norm = 3.390263651
Step = 524; E = -514.1068276; F_norm = 3.386787027
Step = 525; E = -514.1084369; F_norm = 3.38331416
Step = 526; E = -514.1100446; F_norm = 3.379845043
Step = 527; E = -514.1116505; F_norm = 3.376379674
Step = 528; E = -514.1132547; F_norm = 3.372918046
Step = 529; E = -514.1148572; F_norm = 3.369460157
Step = 530; E = -514.116458; F_norm = 3.366006001
Step = 531; E = -514.1180571; F_norm = 3.362555574
Step = 532; E = -514.1196545; F_norm = 3.359108872
Step = 533; E = -514.1212503; F_norm = 3.35566589
Step = 534; E = -514.1228443; F_norm = 3.352226623
Step = 535; E = -514.1244366; F_norm = 3.348791069
Step = 536; E = -514.1260273; F_norm = 3.345359221
Step = 537; E = -514.1276162; F_norm = 3.341931075
Step = 538; E = -514.1292035; F_norm = 3.338506629
Step = 539; E = -514.1307891; F_norm = 3.335085875
Step = 540; E = -514.132373; F_norm = 3.331668812
Step = 541; E = -514.1339552; F_norm = 3.328255433
Step = 542; E = -514.1355358; F_norm = 3.324845736
Step = 543; E = -514.1371146; F_norm = 3.321439715
Step = 544; E = -514.1386918; F_norm = 3.318037366
Step = 545; E = -514.1402674; F_norm = 3.314638684
Step = 546; E = -514.1418412; F_norm = 3.311243667
Step = 547; E = -514.1434134; F_norm = 3.307852308
Step = 548; E = -514.1449839; F_norm = 3.304464604
Step = 549; E = -514.1465528; F_norm = 3.301080551
Step = 550; E = -514.14812; F_norm = 3.297700144
Step = 551; E = -514.1496855; F_norm = 3.294323378
Step = 552; E = -514.1512494; F_norm = 3.29095025
Step = 553; E = -514.1528116; F_norm = 3.287580756
Step = 554; E = -514.1543722; F_norm = 3.284214891
Step = 555; E = -514.1559311; F_norm = 3.28085265
Step = 556; E = -514.1574884; F_norm = 3.27749403
Step = 557; E = -514.159044; F_norm = 3.274139026
Step = 558; E = -514.1605979; F_norm = 3.270787633
Step = 559; E = -514.1621503; F_norm = 3.267439849
Step = 560; E = -514.1637009; F_norm = 3.264095668
Step = 561; E = -514.16525; F_norm = 3.260755086
Step = 562; E = -514.1667974; F_norm = 3.257418099
Step = 563; E = -514.1683431; F_norm = 3.254084703
Step = 564; E = -514.1698872; F_norm = 3.250754893
Step = 565; E = -514.1714297; F_norm = 3.247428666
Step = 566; E = -514.1729706; F_norm = 3.244106017
Step = 567; E = -514.1745098; F_norm = 3.240786941
Step = 568; E = -514.1760474; F_norm = 3.237471435
Step = 569; E = -514.1775834; F_norm = 3.234159495
Step = 570; E = -514.1791177; F_norm = 3.230851116
Step = 571; E = -514.1806504; F_norm = 3.227546293
Step = 572; E = -514.1821815; F_norm = 3.224245024
Step = 573; E = -514.183711; F_norm = 3.220947304
Step = 574; E = -514.1852389; F_norm = 3.217653128
Step = 575; E = -514.1867651; F_norm = 3.214362492
Step = 576; E = -514.1882897; F_norm = 3.211075393
Step = 577; E = -514.1898128; F_norm = 3.207791825
Step = 578; E = -514.1913342; F_norm = 3.204511786
Step = 579; E = -514.192854; F_norm = 3.20123527
Step = 580; E = -514.1943722; F_norm = 3.197962274
Step = 581; E = -514.1958888; F_norm = 3.194692794
Step = 582; E = -514.1974038; F_norm = 3.191426825
Step = 583; E = -514.1989171; F_norm = 3.188164363
Step = 584; E = -514.2004289; F_norm = 3.184905404
Step = 585; E = -514.2019391; F_norm = 3.181649944
Step = 586; E = -514.2034477; F_norm = 3.17839798
Step = 587; E = -514.2049547; F_norm = 3.175149506
Step = 588; E = -514.2064601; F_norm = 3.171904519
Step = 589; E = -514.207964; F_norm = 3.168663014
Step = 590; E = -514.2094662; F_norm = 3.165424989
Step = 591; E = -514.2109668; F_norm = 3.162190437
Step = 592; E = -514.2124659; F_norm = 3.158959356
Step = 593; E = -514.2139634; F_norm = 3.155731742
Step = 594; E = -514.2154593; F_norm = 3.15250759
Step = 595; E = -514.2169536; F_norm = 3.149286896
Step = 596; E = -514.2184464; F_norm = 3.146069656
Step = 597; E = -514.2199375; F_norm = 3.142855867
Step = 598; E = -514.2214271; F_norm = 3.139645523
Step = 599; E = -514.2229151; F_norm = 3.136438622
Step = 600; E = -514.2244016; F_norm = 3.133235159
Step = 601; E = -514.2258865; F_norm = 3.13003513
Step = 602; E = -514.2273698; F_norm = 3.126838531
Step = 603; E = -514.2288515; F_norm = 3.123645358
Step = 604; E = -514.2303317; F_norm = 3.120455607
Step = 605; E = -514.2318104; F_norm = 3.117269274
Step = 606; E = -514.2332874; F_norm = 3.114086355
Step = 607; E = -514.2347629; F_norm = 3.110906846
Step = 608; E = -514.2362369; F_norm = 3.107730743
Step = 609; E = -514.2377093; F_norm = 3.104558043
Step = 610; E = -514.2391801; F_norm = 3.10138874
Step = 611; E = -514.2406494; F_norm = 3.098222832
Step = 612; E = -514.2421172; F_norm = 3.095060314
Step = 613; E = -514.2435834; F_norm = 3.091901182
Step = 614; E = -514.245048; F_norm = 3.088745432
Step = 615; E = -514.2465111; F_norm = 3.085593061
Step = 616; E = -514.2479727; F_norm = 3.082444064
Step = 617; E = -514.2494327; F_norm = 3.079298438
Step = 618; E = -514.2508912; F_norm = 3.076156178
Step = 619; E = -514.2523482; F_norm = 3.07301728
Step = 620; E = -514.2538036; F_norm = 3.069881742
Step = 621; E = -514.2552575; F_norm = 3.066749558
Step = 622; E = -514.2567099; F_norm = 3.063620725
Step = 623; E = -514.2581607; F_norm = 3.060495239
Step = 624; E = -514.25961; F_norm = 3.057373096
Step = 625; E = -514.2610577; F_norm = 3.054254292
Step = 626; E = -514.262504; F_norm = 3.051138824
Step = 627; E = -514.2639487; F_norm = 3.048026687
Step = 628; E = -514.2653919; F_norm = 3.044917877
Step = 629; E = -514.2668336; F_norm = 3.041812392
Step = 630; E = -514.2682738; F_norm = 3.038710225
Step = 631; E = -514.2697124; F_norm = 3.035611375
Step = 632; E = -514.2711496; F_norm = 3.032515837
Step = 633; E = -514.2725852; F_norm = 3.029423607
Step = 634; E = -514.2740193; F_norm = 3.026334682
Step = 635; E = -514.2754519; F_norm = 3.023249057
Step = 636; E = -514.276883; F_norm = 3.020166729
Step = 637; E = -514.2783126; F_norm = 3.017087693
Step = 638; E = -514.2797407; F_norm = 3.014011947
Step = 639; E = -514.2811673; F_norm = 3.010939486
Step = 640; E = -514.2825924; F_norm = 3.007870306
Step = 641; E = -514.2840159; F_norm = 3.004804404
Step = 642; E = -514.285438; F_norm = 3.001741775
Step = 643; E = -514.2868586; F_norm = 2.998682417
Step = 644; E = -514.2882777; F_norm = 2.995626324
Step = 645; E = -514.2896953; F_norm = 2.992573494
Step = 646; E = -514.2911114; F_norm = 2.989523923
Step = 647; E = -514.2925261; F_norm = 2.986477607
Step = 648; E = -514.2939392; F_norm = 2.983434541
Step = 649; E = -514.2953509; F_norm = 2.980394723
Step = 650; E = -514.296761; F_norm = 2.977358148
Step = 651; E = -514.2981697; F_norm = 2.974324814
Step = 652; E = -514.299577; F_norm = 2.971294715
Step = 653; E = -514.3009827; F_norm = 2.968267848
Step = 654; E = -514.3023869; F_norm = 2.96524421
Step = 655; E = -514.3037897; F_norm = 2.962223796
Step = 656; E = -514.305191; F_norm = 2.959206604
Step = 657; E = -514.3065909; F_norm = 2.956192629
Step = 658; E = -514.3079892; F_norm = 2.953181867
Step = 659; E = -514.3093861; F_norm = 2.950174315
Step = 660; E = -514.3107816; F_norm = 2.94716997
Step = 661; E = -514.3121755; F_norm = 2.944168827
Step = 662; E = -514.313568; F_norm = 2.941170882
Step = 663; E = -514.3149591; F_norm = 2.938176133
Step = 664; E = -514.3163486; F_norm = 2.935184574
Step = 665; E = -514.3177367; F_norm = 2.932196204
Step = 666; E = -514.3191234; F_norm = 2.929211017
Step = 667; E = -514.3205086; F_norm = 2.926229011
Step = 668; E = -514.3218924; F_norm = 2.923250181
Step = 669; E = -514.3232747; F_norm = 2.920274524
Step = 670; E = -514.3246555; F_norm = 2.917302036
Step = 671; E = -514.3260349; F_norm = 2.914332714
Step = 672; E = -514.3274129; F_norm = 2.911366554
Step = 673; E = -514.3287894; F_norm = 2.908403552
Step = 674; E = -514.3301644; F_norm = 2.905443704
Step = 675; E = -514.3315381; F_norm = 2.902487008
Step = 676; E = -514.3329103; F_norm = 2.899533459
Step = 677; E = -514.334281; F_norm = 2.896583053
Step = 678; E = -514.3356503; F_norm = 2.893635788
Step = 679; E = -514.3370182; F_norm = 2.890691659
Step = 680; E = -514.3383846; F_norm = 2.887750663
Step = 681; E = -514.3397496; F_norm = 2.884812796
Step = 682; E = -514.3411132; F_norm = 2.881878054
Step = 683; E = -514.3424753; F_norm = 2.878946435
Step = 684; E = -514.343836; F_norm = 2.876017934
Step = 685; E = -514.3451953; F_norm = 2.873092548
Step = 686; E = -514.3465532; F_norm = 2.870170272
Step = 687; E = -514.3479096; F_norm = 2.867251105
Step = 688; E = -514.3492646; F_norm = 2.864335042
Step = 689; E = -514.3506182; F_norm = 2.861422079
Step = 690; E = -514.3519704; F_norm = 2.858512213
Step = 691; E = -514.3533212; F_norm = 2.85560544
Step = 692; E = -514.3546705; F_norm = 2.852701757
Step = 693; E = -514.3560185; F_norm = 2.84980116
Step = 694; E = -514.357365; F_norm = 2.846903646
Step = 695; E = -514.3587101; F_norm = 2.844009211
Step = 696; E = -514.3600538; F_norm = 2.841117851
Step = 697; E = -514.3613961; F_norm = 2.838229563
Step = 698; E = -514.362737; F_norm = 2.835344344
Step = 699; E = -514.3640765; F_norm = 2.83246219
Step = 700; E = -514.3654146; F_norm = 2.829583097
Step = 701; E = -514.3667512; F_norm = 2.826707062
Step = 702; E = -514.3680865; F_norm = 2.823834082
Step = 703; E = -514.3694204; F_norm = 2.820964152
Step = 704; E = -514.3707529; F_norm = 2.81809727
Step = 705; E = -514.372084; F_norm = 2.815233431
Step = 706; E = -514.3734137; F_norm = 2.812372633
Step = 707; E = -514.374742; F_norm = 2.809514872
Step = 708; E = -514.3760689; F_norm = 2.806660144
Step = 709; E = -514.3773945; F_norm = 2.803808446
Step = 710; E = -514.3787186; F_norm = 2.800959774
Step = 711; E = -514.3800414; F_norm = 2.798114125
Step = 712; E = -514.3813628; F_norm = 2.795271496
Step = 713; E = -514.3826828; F_norm = 2.792431883
Step = 714; E = -514.3840014; F_norm = 2.789595282
Step = 715; E = -514.3853186; F_norm = 2.78676169
Step = 716; E = -514.3866345; F_norm = 2.783931104
Step = 717; E = -514.387949; F_norm = 2.781103521
Step = 718; E = -514.3892621; F_norm = 2.778278935
Step = 719; E = -514.3905738; F_norm = 2.775457345
Step = 720; E = -514.3918842; F_norm = 2.772638747
Step = 721; E = -514.3931932; F_norm = 2.769823138
Step = 722; E = -514.3945008; F_norm = 2.767010513
Step = 723; E = -514.3958071; F_norm = 2.76420087
Step = 724; E = -514.3971119; F_norm = 2.761394205
Step = 725; E = -514.3984155; F_norm = 2.758590515
Step = 726; E = -514.3997176; F_norm = 2.755789796
Step = 727; E = -514.4010185; F_norm = 2.752992045
Step = 728; E = -514.4023179; F_norm = 2.750197259
Step = 729; E = -514.403616; F_norm = 2.747405433
Step = 730; E = -514.4049127; F_norm = 2.744616566
Step = 731; E = -514.4062081; F_norm = 2.741830653
Step = 732; E = -514.4075021; F_norm = 2.73904769
Step = 733; E = -514.4087948; F_norm = 2.736267676
Step = 734; E = -514.4100861; F_norm = 2.733490605
Step = 735; E = -514.4113761; F_norm = 2.730716476
Step = 736; E = -514.4126648; F_norm = 2.727945284
Step = 737; E = -514.413952; F_norm = 2.725177026
Step = 738; E = -514.415238; F_norm = 2.722411699
Step = 739; E = -514.4165226; F_norm = 2.719649299
Step = 740; E = -514.4178058; F_norm = 2.716889823
Step = 741; E = -514.4190878; F_norm = 2.714133269
Step = 742; E = -514.4203683; F_norm = 2.711379631
Step = 743; E = -514.4216476; F_norm = 2.708628908
Step = 744; E = -514.4229255; F_norm = 2.705881095
Step = 745; E = -514.4242021; F_norm = 2.70313619
Step = 746; E = -514.4254773; F_norm = 2.700394188
Step = 747; E = -514.4267512; F_norm = 2.697655088
Step = 748; E = -514.4280238; F_norm = 2.694918885
Step = 749; E = -514.4292951; F_norm = 2.692185576
Step = 750; E = -514.430565; F_norm = 2.689455158
Step = 751; E = -514.4318336; F_norm = 2.686727628
Step = 752; E = -514.4331009; F_norm = 2.684002981
Step = 753; E = -514.4343668; F_norm = 2.681281216
Step = 754; E = -514.4356315; F_norm = 2.678562328
Step = 755; E = -514.4368948; F_norm = 2.675846315
Step = 756; E = -514.4381568; F_norm = 2.673133173
Step = 757; E = -514.4394175; F_norm = 2.670422899
Step = 758; E = -514.4406769; F_norm = 2.667715489
Step = 759; E = -514.4419349; F_norm = 2.665010941
Step = 760; E = -514.4431917; F_norm = 2.66230925
Step = 761; E = -514.4444471; F_norm = 2.659610415
Step = 762; E = -514.4457012; F_norm = 2.656914431
Step = 763; E = -514.4469541; F_norm = 2.654221295
Step = 764; E = -514.4482056; F_norm = 2.651531004
Step = 765; E = -514.4494558; F_norm = 2.648843555
Step = 766; E = -514.4507047; F_norm = 2.646158945
Step = 767; E = -514.4519523; F_norm = 2.64347717
Step = 768; E = -514.4531986; F_norm = 2.640798227
Step = 769; E = -514.4544436; F_norm = 2.638122113
Step = 770; E = -514.4556874; F_norm = 2.635448825
Step = 771; E = -514.4569298; F_norm = 2.632778359
Step = 772; E = -514.4581709; F_norm = 2.630110712
Step = 773; E = -514.4594107; F_norm = 2.627445881
Step = 774; E = -514.4606493; F_norm = 2.624783863
Step = 775; E = -514.4618865; F_norm = 2.622124655
Step = 776; E = -514.4631225; F_norm = 2.619468253
Step = 777; E = -514.4643572; F_norm = 2.616814654
Step = 778; E = -514.4655906; F_norm = 2.614163856
Step = 779; E = -514.4668227; F_norm = 2.611515854
Step = 780; E = -514.4680535; F_norm = 2.608870646
Step = 781; E = -514.469283; F_norm = 2.606228228
Step = 782; E = -514.4705113; F_norm = 2.603588598
Step = 783; E = -514.4717383; F_norm = 2.600951752
Step = 784; E = -514.472964; F_norm = 2.598317687
Step = 785; E = -514.4741884; F_norm = 2.5956864
Step = 786; E = -514.4754116; F_norm = 2.593057887
Step = 787; E = -514.4766335; F_norm = 2.590432147
Step = 788; E = -514.4778541; F_norm = 2.587809174
Step = 789; E = -514.4790734; F_norm = 2.585188967
Step = 790; E = -514.4802915; F_norm = 2.582571522
Step = 791; E = -514.4815083; F_norm = 2.579956835
Step = 792; E = -514.4827238; F_norm = 2.577344905
Step = 793; E = -514.4839381; F_norm = 2.574735728
Step = 794; E = -514.4851511; F_norm = 2.5721293
Step = 795; E = -514.4863629; F_norm = 2.569525618
Step = 796; E = -514.4875734; F_norm = 2.56692468
Step = 797; E = -514.4887826; F_norm = 2.564326482
Step = 798; E = -514.4899906; F_norm = 2.561731022
Step = 799; E = -514.4911973; F_norm = 2.559138295
Step = 800; E = -514.4924028; F_norm = 2.556548299
Step = 801; E = -514.493607; F_norm = 2.553961032
Step = 802; E = -514.49481; F_norm = 2.551376489
Step = 803; E = -514.4960117; F_norm = 2.548794667
Step = 804; E = -514.4972122; F_norm = 2.546215565
Step = 805; E = -514.4984114; F_norm = 2.543639177
Step = 806; E = -514.4996093; F_norm = 2.541065503
Step = 807; E = -514.5008061; F_norm = 2.538494537
Step = 808; E = -514.5020016; F_norm = 2.535926278
Step = 809; E = -514.5031958; F_norm = 2.533360723
Step = 810; E = -514.5043888; F_norm = 2.530797867
Step = 811; E = -514.5055806; F_norm = 2.528237709
Step = 812; E = -514.5067711; F_norm = 2.525680244
Step = 813; E = -514.5079604; F_norm = 2.523125471
Step = 814; E = -514.5091484; F_norm = 2.520573386
Step = 815; E = -514.5103352; F_norm = 2.518023985
Step = 816; E = -514.5115208; F_norm = 2.515477267
Step = 817; E = -514.5127052; F_norm = 2.512933227
Step = 818; E = -514.5138883; F_norm = 2.510391864
Step = 819; E = -514.5150702; F_norm = 2.507853173
Step = 820; E = -514.5162509; F_norm = 2.505317152
Step = 821; E = -514.5174303; F_norm = 2.502783798
Step = 822; E = -514.5186085; F_norm = 2.500253107
Step = 823; E = -514.5197855; F_norm = 2.497725078
Step = 824; E = -514.5209613; F_norm = 2.495199706
Step = 825; E = -514.5221358; F_norm = 2.492676989
Step = 826; E = -514.5233092; F_norm = 2.490156923
Step = 827; E = -514.5244813; F_norm = 2.487639507
Step = 828; E = -514.5256522; F_norm = 2.485124736
Step = 829; E = -514.5268219; F_norm = 2.482612608
Step = 830; E = -514.5279903; F_norm = 2.48010312
Step = 831; E = -514.5291576; F_norm = 2.477596269
Step = 832; E = -514.5303237; F_norm = 2.475092052
Step = 833; E = -514.5314885; F_norm = 2.472590465
Step = 834; E = -514.5326521; F_norm = 2.470091507
Step = 835; E = -514.5338146; F_norm = 2.467595173
Step = 836; E = -514.5349758; F_norm = 2.465101462
Step = 837; E = -514.5361358; F_norm = 2.462610369
Step = 838; E = -514.5372946; F_norm = 2.460121893
Step = 839; E = -514.5384522; F_norm = 2.45763603
Step = 840; E = -514.5396086; F_norm = 2.455152777
Step = 841; E = -514.5407638; F_norm = 2.452672131
Step = 842; E = -514.5419178; F_norm = 2.45019409
Step = 843; E = -514.5430707; F_norm = 2.44771865
Step = 844; E = -514.5442223; F_norm = 2.445245809
Step = 845; E = -514.5453727; F_norm = 2.442775563
Step = 846; E = -514.5465219; F_norm = 2.440307909
Step = 847; E = -514.54767; F_norm = 2.437842846
Step = 848; E = -514.5488168; F_norm = 2.435380369
Step = 849; E = -514.5499625; F_norm = 2.432920476
Step = 850; E = -514.551107; F_norm = 2.430463164
Step = 851; E = -514.5522503; F_norm = 2.42800843
Step = 852; E = -514.5533924; F_norm = 2.425556272
Step = 853; E = -514.5545333; F_norm = 2.423106685
Step = 854; E = -514.5556731; F_norm = 2.420659668
Step = 855; E = -514.5568116; F_norm = 2.418215218
Step = 856; E = -514.557949; F_norm = 2.415773331
Step = 857; E = -514.5590852; F_norm = 2.413334005
Step = 858; E = -514.5602202; F_norm = 2.410897236
Step = 859; E = -514.5613541; F_norm = 2.408463023
Step = 860; E = -514.5624868; F_norm = 2.406031362
Step = 861; E = -514.5636183; F_norm = 2.40360225
Step = 862; E = -514.5647486; F_norm = 2.401175684
Step = 863; E = -514.5658778; F_norm = 2.398751662
Step = 864; E = -514.5670058; F_norm = 2.39633018
Step = 865; E = -514.5681326; F_norm = 2.393911237
Step = 866; E = -514.5692583; F_norm = 2.391494828
Step = 867; E = -514.5703828; F_norm = 2.389080951
Step = 868; E = -514.5715061; F_norm = 2.386669604
Step = 869; E = -514.5726283; F_norm = 2.384260783
Step = 870; E = -514.5737493; F_norm = 2.381854486
Step = 871; E = -514.5748691; F_norm = 2.379450709
Step = 872; E = -514.5759878; F_norm = 2.37704945
Step = 873; E = -514.5771054; F_norm = 2.374650707
Step = 874; E = -514.5782217; F_norm = 2.372254476
Step = 875; E = -514.579337; F_norm = 2.369860754
Step = 876; E = -514.580451; F_norm = 2.367469539
Step = 877; E = -514.5815639; F_norm = 2.365080827
Step = 878; E = -514.5826757; F_norm = 2.362694617
Step = 879; E = -514.5837863; F_norm = 2.360310905
Step = 880; E = -514.5848958; F_norm = 2.357929689
Step = 881; E = -514.5860041; F_norm = 2.355550965
Step = 882; E = -514.5871113; F_norm = 2.353174731
Step = 883; E = -514.5882173; F_norm = 2.350800983
Step = 884; E = -514.5893222; F_norm = 2.348429721
Step = 885; E = -514.5904259; F_norm = 2.346060939
Step = 886; E = -514.5915285; F_norm = 2.343694637
Step = 887; E = -514.59263; F_norm = 2.34133081
Step = 888; E = -514.5937303; F_norm = 2.338969457
Step = 889; E = -514.5948295; F_norm = 2.336610574
Step = 890; E = -514.5959276; F_norm = 2.334254158
Step = 891; E = -514.5970245; F_norm = 2.331900208
Step = 892; E = -514.5981203; F_norm = 2.329548719
Step = 893; E = -514.5992149; F_norm = 2.32719969
Step = 894; E = -514.6003084; F_norm = 2.324853118
Step = 895; E = -514.6014008; F_norm = 2.322508999
Step = 896; E = -514.6024921; F_norm = 2.320167332
Step = 897; E = -514.6035822; F_norm = 2.317828113
Step = 898; E = -514.6046712; F_norm = 2.315491339
Step = 899; E = -514.6057591; F_norm = 2.313157009
Step = 900; E = -514.6068458; F_norm = 2.310825118
Step = 901; E = -514.6079315; F_norm = 2.308495665
Step = 902; E = -514.609016; F_norm = 2.306168647
Step = 903; E = -514.6100994; F_norm = 2.303844061
Step = 904; E = -514.6111817; F_norm = 2.301521904
Step = 905; E = -514.6122628; F_norm = 2.299202173
Step = 906; E = -514.6133429; F_norm = 2.296884867
Step = 907; E = -514.6144218; F_norm = 2.294569982
Step = 908; E = -514.6154996; F_norm = 2.292257515
Step = 909; E = -514.6165763; F_norm = 2.289947464
Step = 910; E = -514.6176519; F_norm = 2.287639826
Step = 911; E = -514.6187264; F_norm = 2.285334598
Step = 912; E = -514.6197997; F_norm = 2.283031778
Step = 913; E = -514.620872; F_norm = 2.280731363
Step = 914; E = -514.6219431; F_norm = 2.27843335
Step = 915; E = -514.6230132; F_norm = 2.276137737
Step = 916; E = -514.6240821; F_norm = 2.273844521
Step = 917; E = -514.62515; F_norm = 2.271553699
Step = 918; E = -514.6262167; F_norm = 2.269265269
Step = 919; E = -514.6272823; F_norm = 2.266979227
Step = 920; E = -514.6283469; F_norm = 2.264695572
Step = 921; E = -514.6294103; F_norm = 2.262414301
Step = 922; E = -514.6304727; F_norm = 2.26013541
Step = 923; E = -514.6315339; F_norm = 2.257858898
Step = 924; E = -514.6325941; F_norm = 2.255584762
Step = 925; E = -514.6336531; F_norm = 2.253312998
Step = 926; E = -514.6347111; F_norm = 2.251043605
Step = 927; E = -514.635768; F_norm = 2.24877658
Step = 928; E = -514.6368238; F_norm = 2.24651192
Step = 929; E = -514.6378785; F_norm = 2.244249622
Step = 930; E = -514.6389321; F_norm = 2.241989684
Step = 931; E = -514.6399846; F_norm = 2.239732103
Step = 932; E = -514.641036; F_norm = 2.237476877
Step = 933; E = -514.6420864; F_norm = 2.235224002
Step = 934; E = -514.6431357; F_norm = 2.232973477
Step = 935; E = -514.6441838; F_norm = 2.230725299
Step = 936; E = -514.645231; F_norm = 2.228479465
Step = 937; E = -514.646277; F_norm = 2.226235973
Step = 938; E = -514.6473219; F_norm = 2.223994819
Step = 939; E = -514.6483658; F_norm = 2.221756002
Step = 940; E = -514.6494086; F_norm = 2.219519518
Step = 941; E = -514.6504503; F_norm = 2.217285365
Step = 942; E = -514.651491; F_norm = 2.215053541
Step = 943; E = -514.6525306; F_norm = 2.212824043
Step = 944; E = -514.6535691; F_norm = 2.210596869
Step = 945; E = -514.6546065; F_norm = 2.208372015
Step = 946; E = -514.6556429; F_norm = 2.206149479
Step = 947; E = -514.6566782; F_norm = 2.203929259
Step = 948; E = -514.6577124; F_norm = 2.201711352
Step = 949; E = -514.6587456; F_norm = 2.199495755
Step = 950; E = -514.6597777; F_norm = 2.197282466
Step = 951; E = -514.6608088; F_norm = 2.195071483
Step = 952; E = -514.6618387; F_norm = 2.192862802
Step = 953; E = -514.6628677; F_norm = 2.190656422
Step = 954; E = -514.6638955; F_norm = 2.188452339
Step = 955; E = -514.6649223; F_norm = 2.186250551
Step = 956; E = -514.6659481; F_norm = 2.184051056
Step = 957; E = -514.6669728; F_norm = 2.181853851
Step = 958; E = -514.6679964; F_norm = 2.179658934
Step = 959; E = -514.669019; F_norm = 2.177466301
Step = 960; E = -514.6700405; F_norm = 2.175275951
Step = 961; E = -514.671061; F_norm = 2.173087881
Step = 962; E = -514.6720804; F_norm = 2.170902088
Step = 963; E = -514.6730988; F_norm = 2.16871857
Step = 964; E = -514.6741161; F_norm = 2.166537325
Step = 965; E = -514.6751324; F_norm = 2.164358349
Step = 966; E = -514.6761477; F_norm = 2.16218164
Step = 967; E = -514.6771619; F_norm = 2.160007196
Step = 968; E = -514.678175; F_norm = 2.157835015
Step = 969; E = -514.6791871; F_norm = 2.155665093
Step = 970; E = -514.6801982; F_norm = 2.153497428
Step = 971; E = -514.6812082; F_norm = 2.151332018
Step = 972; E = -514.6822172; F_norm = 2.149168861
Step = 973; E = -514.6832252; F_norm = 2.147007953
Step = 974; E = -514.6842321; F_norm = 2.144849292
Step = 975; E = -514.685238; F_norm = 2.142692877
Step = 976; E = -514.6862428; F_norm = 2.140538703
Step = 977; E = -514.6872466; F_norm = 2.13838677
Step = 978; E = -514.6882494; F_norm = 2.136237073
Step = 979; E = -514.6892511; F_norm = 2.134089612
Step = 980; E = -514.6902519; F_norm = 2.131944383
Step = 981; E = -514.6912516; F_norm = 2.129801384
Step = 982; E = -514.6922502; F_norm = 2.127660612
Step = 983; E = -514.6932478; F_norm = 2.125522065
Step = 984; E = -514.6942445; F_norm = 2.123385741
Step = 985; E = -514.69524; F_norm = 2.121251637
Step = 986; E = -514.6962346; F_norm = 2.11911975
Step = 987; E = -514.6972281; F_norm = 2.116990079
Step = 988; E = -514.6982207; F_norm = 2.114862621
Step = 989; E = -514.6992122; F_norm = 2.112737372
Step = 990; E = -514.7002026; F_norm = 2.110614332
Step = 991; E = -514.7011921; F_norm = 2.108493497
Step = 992; E = -514.7021806; F_norm = 2.106374865
Step = 993; E = -514.703168; F_norm = 2.104258433
Step = 994; E = -514.7041544; F_norm = 2.102144199
Step = 995; E = -514.7051398; F_norm = 2.100032161
Step = 996; E = -514.7061242; F_norm = 2.097922317
Step = 997; E = -514.7071076; F_norm = 2.095814663
Step = 998; E = -514.7080899; F_norm = 2.093709198
Step = 999; E = -514.7090713; F_norm = 2.091605918
----Optimized Positions----
-0.01818772398, 0, 0
1.848187724, 0, 0
Optimized Grad
   1.0458  -1.0458
        0        0
        0        0

Beginning Vibrational Analysis.
Hessian
   2.0708e+01  -1.0164e-10            0  -2.0708e+01            0            0
  -1.0164e-10  -4.7214e-01  -7.1081e-11   1.0164e-10   4.7214e-01   7.4633e-12
            0  -7.1081e-11  -4.7214e-01            0   7.1081e-11   4.7214e-01
  -2.0708e+01   1.0164e-10            0   2.0708e+01            0            0
            0   4.7214e-01   7.1081e-11            0  -4.7214e-01  -7.4633e-12
            0   7.4633e-12   4.7214e-01            0  -7.4633e-12  -4.7214e-01
Mass Weighted
   2.0547e+01  -1.0085e-10            0  -5.1570e+00            0            0
  -1.0085e-10  -4.6849e-01  -7.0530e-11   2.5311e-11   1.1758e-01   1.8587e-12
            0  -7.0530e-11  -4.6849e-01            0   1.7702e-11   1.1758e-01
  -5.1570e+00   2.5311e-11            0   1.2943e+00            0            0
            0   1.1758e-01   1.7702e-11            0  -2.9511e-02  -4.6649e-13
            0   1.8587e-12   1.1758e-01            0  -4.6649e-13  -2.9511e-02
Force constants
  -4.9800e-01
  -4.9800e-01
  -6.3999e-18
   3.7436e-15
   2.3906e-11
   2.1842e+01
Modes
  -3.1435e-12  -3.0480e-12   7.3246e-08  -1.3838e-10   2.4343e-01   9.6992e-01
  -6.9634e-01  -6.7517e-01  -2.4343e-01   4.5981e-04   7.3247e-08  -4.6606e-12
  -6.7517e-01   6.9634e-01   4.5981e-04   2.4343e-01   2.1700e-14   1.3212e-19
   7.8892e-13   7.6494e-13   2.9184e-07  -5.5135e-10   9.6992e-01  -2.4343e-01
   1.7477e-01   1.6946e-01  -9.6992e-01   1.8321e-03   2.9184e-07  -2.5049e-14
   1.6946e-01  -1.7477e-01   1.8321e-03   9.6992e-01   8.6459e-14   5.7086e-19
Frequencies (cm^-1)
            0
            0
            0
            0
            0
   6.0886e+03

