Overlap Grad Matrix:
        0        0        0        0   0.2663  -0.1825   0.0784        0        0        0        0   0.0298  -0.1112  -0.2130        0        0        0        0   0.0782  -0.1822  -0.0536        0        0        0        0  -0.1822  -0.0536   0.0782  -0.2663  -0.0298  -0.0782   0.1822        0  -0.1313  -0.0550   0.1825   0.1112   0.1822   0.0536   0.1313        0   0.0763  -0.0784   0.2130   0.0536  -0.0782   0.0550  -0.0763        0
        0        0        0        0   0.0784   0.2663  -0.1825        0        0        0        0   0.0782  -0.1822  -0.0536        0        0        0        0  -0.2130   0.0298  -0.1112        0        0        0        0  -0.0536   0.0782  -0.1822  -0.0784  -0.0782   0.2130   0.0536        0   0.0550  -0.0763  -0.2663   0.1822  -0.0298  -0.0782  -0.0550        0  -0.1313   0.1825   0.0536   0.1112   0.1822   0.0763   0.1313        0
        0        0        0        0  -0.1825   0.0784   0.2663        0        0        0        0  -0.1822  -0.0536   0.0782        0        0        0        0  -0.0536   0.0782  -0.1822        0        0        0        0  -0.1112  -0.2130   0.0298   0.1825   0.1822   0.0536   0.1112        0   0.0763   0.1313  -0.0784   0.0536  -0.0782   0.2130  -0.0763        0   0.0550  -0.2663  -0.0782   0.1822  -0.0298  -0.1313  -0.0550        0
Gamma Grad Matrix:
        0   3.6640  -2.5111   1.0782  -3.6640        0  -2.0797  -0.8709   2.5111   2.0797        0   1.2088  -1.0782   0.8709  -1.2088        0
        0   1.0782   3.6640  -2.5111  -1.0782        0   0.8709  -1.2088  -3.6640  -0.8709        0  -2.0797   2.5111   1.2088   2.0797        0
        0  -2.5111   1.0782   3.6640   2.5111        0   1.2088   2.0797  -1.0782  -1.2088        0   0.8709  -3.6640  -2.0797  -0.8709        0
Nuclear Repulsion Grad Matrix (V):
   18.7038  -33.9170   24.6187   -9.4055
   18.7038   -9.4055  -33.9170   24.6187
   18.7038   24.6187   -9.4055  -33.9170
Electron Grad Matrix:
  -16.7780   31.4769  -23.2564    8.5576
  -16.7780    8.5576   31.4769  -23.2564
  -16.7780  -23.2564    8.5576   31.4769
Total Grad Matrix:
   1.9258  -2.4402   1.3622  -0.8479
   1.9258  -0.8479  -2.4402   1.3622
   1.9258   1.3622  -0.8479  -2.4402
Nuclear Repulsion Energy is 242.684 eV.
Electron Energy is -621.51 eV.
The molecule in file ../input/NH3.txt has energy -378.8262975 eV.

Beginning Steepest Descent with Backtracking (Armijo condition) to optimize location.
Step = 0; E = -378.8262975; F_norm = 12.0969932
Step = 1; E = -378.8311063; F_norm = 12.09288472
Step = 2; E = -378.835913; F_norm = 12.08878062
Step = 3; E = -378.8407176; F_norm = 12.0846809
Step = 4; E = -378.84552; F_norm = 12.08058557
Step = 5; E = -378.8503204; F_norm = 12.07649462
Step = 6; E = -378.8551187; F_norm = 12.07240806
Step = 7; E = -378.8599149; F_norm = 12.06832588
Step = 8; E = -378.8647091; F_norm = 12.06424809
Step = 9; E = -378.8695011; F_norm = 12.06017468
Step = 10; E = -378.874291; F_norm = 12.05610565
Step = 11; E = -378.8790789; F_norm = 12.05204101
Step = 12; E = -378.8838646; F_norm = 12.04798075
Step = 13; E = -378.8886483; F_norm = 12.04392488
Step = 14; E = -378.8934299; F_norm = 12.0398734
Step = 15; E = -378.8982094; F_norm = 12.0358263
Step = 16; E = -378.9029869; F_norm = 12.03178359
Step = 17; E = -378.9077622; F_norm = 12.02774526
Step = 18; E = -378.9125355; F_norm = 12.02371132
Step = 19; E = -378.9173067; F_norm = 12.01968177
Step = 20; E = -378.9220759; F_norm = 12.0156566
Step = 21; E = -378.9268429; F_norm = 12.01163582
Step = 22; E = -378.9316079; F_norm = 12.00761943
Step = 23; E = -378.9363709; F_norm = 12.00360742
Step = 24; E = -378.9411317; F_norm = 11.99959981
Step = 25; E = -378.9458905; F_norm = 11.99559658
Step = 26; E = -378.9506473; F_norm = 11.99159774
Step = 27; E = -378.955402; F_norm = 11.98760329
Step = 28; E = -378.9601546; F_norm = 11.98361323
Step = 29; E = -378.9649052; F_norm = 11.97962755
Step = 30; E = -378.9696537; F_norm = 11.97564627
Step = 31; E = -378.9744001; F_norm = 11.97166938
Step = 32; E = -378.9791446; F_norm = 11.96769687
Step = 33; E = -378.9838869; F_norm = 11.96372876
Step = 34; E = -378.9886272; F_norm = 11.95976504
Step = 35; E = -378.9933655; F_norm = 11.95580571
Step = 36; E = -378.9981017; F_norm = 11.95185077
Step = 37; E = -379.0028359; F_norm = 11.94790023
Step = 38; E = -379.007568; F_norm = 11.94395407
Step = 39; E = -379.0122981; F_norm = 11.94001231
Step = 40; E = -379.0170261; F_norm = 11.93607494
Step = 41; E = -379.0217522; F_norm = 11.93214196
Step = 42; E = -379.0264761; F_norm = 11.92821338
Step = 43; E = -379.0311981; F_norm = 11.92428919
Step = 44; E = -379.035918; F_norm = 11.9203694
Step = 45; E = -379.0406359; F_norm = 11.916454
Step = 46; E = -379.0453517; F_norm = 11.91254299
Step = 47; E = -379.0500655; F_norm = 11.90863638
Step = 48; E = -379.0547773; F_norm = 11.90473417
Step = 49; E = -379.0594871; F_norm = 11.90083635
Step = 50; E = -379.0641949; F_norm = 11.89694293
Step = 51; E = -379.0689006; F_norm = 11.89305391
Step = 52; E = -379.0736043; F_norm = 11.88916928
Step = 53; E = -379.078306; F_norm = 11.88528905
Step = 54; E = -379.0830057; F_norm = 11.88141322
Step = 55; E = -379.0877034; F_norm = 11.87754179
Step = 56; E = -379.092399; F_norm = 11.87367476
Step = 57; E = -379.0970926; F_norm = 11.86981213
Step = 58; E = -379.1017843; F_norm = 11.8659539
Step = 59; E = -379.1064739; F_norm = 11.86210006
Step = 60; E = -379.1111615; F_norm = 11.85825063
Step = 61; E = -379.1158471; F_norm = 11.8544056
Step = 62; E = -379.1205307; F_norm = 11.85056497
Step = 63; E = -379.1252124; F_norm = 11.84672875
Step = 64; E = -379.129892; F_norm = 11.84289692
Step = 65; E = -379.1345696; F_norm = 11.8390695
Step = 66; E = -379.1392452; F_norm = 11.83524649
Step = 67; E = -379.1439188; F_norm = 11.83142787
Step = 68; E = -379.1485904; F_norm = 11.82761367
Step = 69; E = -379.1532601; F_norm = 11.82380386
Step = 70; E = -379.1579277; F_norm = 11.81999847
Step = 71; E = -379.1625934; F_norm = 11.81619748
Step = 72; E = -379.167257; F_norm = 11.81240089
Step = 73; E = -379.1719187; F_norm = 11.80860872
Step = 74; E = -379.1765784; F_norm = 11.80482095
Step = 75; E = -379.1812361; F_norm = 11.80103759
Step = 76; E = -379.1858919; F_norm = 11.79725863
Step = 77; E = -379.1905456; F_norm = 11.79348409
Step = 78; E = -379.1951974; F_norm = 11.78971396
Step = 79; E = -379.1998472; F_norm = 11.78594823
Step = 80; E = -379.2044951; F_norm = 11.78218692
Step = 81; E = -379.2091409; F_norm = 11.77843002
Step = 82; E = -379.2137848; F_norm = 11.77467754
Step = 83; E = -379.2184267; F_norm = 11.77092946
Step = 84; E = -379.2230667; F_norm = 11.7671858
Step = 85; E = -379.2277047; F_norm = 11.76344655
Step = 86; E = -379.2323407; F_norm = 11.75971172
Step = 87; E = -379.2369748; F_norm = 11.7559813
Step = 88; E = -379.2416069; F_norm = 11.75225529
Step = 89; E = -379.246237; F_norm = 11.74853371
Step = 90; E = -379.2508652; F_norm = 11.74481654
Step = 91; E = -379.2554914; F_norm = 11.74110379
Step = 92; E = -379.2601157; F_norm = 11.73739545
Step = 93; E = -379.264738; F_norm = 11.73369153
Step = 94; E = -379.2693584; F_norm = 11.72999204
Step = 95; E = -379.2739768; F_norm = 11.72629696
Step = 96; E = -379.2785933; F_norm = 11.72260631
Step = 97; E = -379.2832078; F_norm = 11.71892007
Step = 98; E = -379.2878204; F_norm = 11.71523826
Step = 99; E = -379.292431; F_norm = 11.71156087
Step = 100; E = -379.2970397; F_norm = 11.7078879
Step = 101; E = -379.3016465; F_norm = 11.70421936
Step = 102; E = -379.3062513; F_norm = 11.70055524
Step = 103; E = -379.3108541; F_norm = 11.69689555
Step = 104; E = -379.3154551; F_norm = 11.69324028
Step = 105; E = -379.3200541; F_norm = 11.68958944
Step = 106; E = -379.3246512; F_norm = 11.68594302
Step = 107; E = -379.3292463; F_norm = 11.68230104
Step = 108; E = -379.3338395; F_norm = 11.67866348
Step = 109; E = -379.3384308; F_norm = 11.67503035
Step = 110; E = -379.3430202; F_norm = 11.67140166
Step = 111; E = -379.3476076; F_norm = 11.66777739
Step = 112; E = -379.3521931; F_norm = 11.66415756
Step = 113; E = -379.3567767; F_norm = 11.66054215
Step = 114; E = -379.3613584; F_norm = 11.65693119
Step = 115; E = -379.3659381; F_norm = 11.65332465
Step = 116; E = -379.370516; F_norm = 11.64972255
Step = 117; E = -379.3750919; F_norm = 11.64612488
Step = 118; E = -379.3796659; F_norm = 11.64253165
Step = 119; E = -379.384238; F_norm = 11.63894286
Step = 120; E = -379.3888082; F_norm = 11.63535851
Step = 121; E = -379.3933765; F_norm = 11.63177859
Step = 122; E = -379.3979429; F_norm = 11.62820311
Step = 123; E = -379.4025073; F_norm = 11.62463208
Step = 124; E = -379.4070699; F_norm = 11.62106548
Step = 125; E = -379.4116305; F_norm = 11.61750332
Step = 126; E = -379.4161893; F_norm = 11.61394561
Step = 127; E = -379.4207462; F_norm = 11.61039234
Step = 128; E = -379.4253011; F_norm = 11.60684352
Step = 129; E = -379.4298542; F_norm = 11.60329914
Step = 130; E = -379.4344054; F_norm = 11.5997592
Step = 131; E = -379.4389546; F_norm = 11.59622371
Step = 132; E = -379.443502; F_norm = 11.59269267
Step = 133; E = -379.4480475; F_norm = 11.58916608
Step = 134; E = -379.4525911; F_norm = 11.58564394
Step = 135; E = -379.4571328; F_norm = 11.58212624
Step = 136; E = -379.4616727; F_norm = 11.578613
Step = 137; E = -379.4662106; F_norm = 11.57510421
Step = 138; E = -379.4707467; F_norm = 11.57159987
Step = 139; E = -379.4752809; F_norm = 11.56809998
Step = 140; E = -379.4798132; F_norm = 11.56460455
Step = 141; E = -379.4843436; F_norm = 11.56111357
Step = 142; E = -379.4888722; F_norm = 11.55762705
Step = 143; E = -379.4933989; F_norm = 11.55414499
Step = 144; E = -379.4979237; F_norm = 11.55066738
Step = 145; E = -379.5024466; F_norm = 11.54719424
Step = 146; E = -379.5069677; F_norm = 11.54372555
Step = 147; E = -379.5114869; F_norm = 11.54026132
Step = 148; E = -379.5160042; F_norm = 11.53680156
Step = 149; E = -379.5205197; F_norm = 11.53334626
Step = 150; E = -379.5250333; F_norm = 11.52989542
Step = 151; E = -379.5295451; F_norm = 11.52644904
Step = 152; E = -379.5340549; F_norm = 11.52300713
Step = 153; E = -379.538563; F_norm = 11.51956969
Step = 154; E = -379.5430691; F_norm = 11.51613671
Step = 155; E = -379.5475735; F_norm = 11.5127082
Step = 156; E = -379.5520759; F_norm = 11.50928416
Step = 157; E = -379.5565765; F_norm = 11.50586459
Step = 158; E = -379.5610753; F_norm = 11.5024495
Step = 159; E = -379.5655722; F_norm = 11.49903887
Step = 160; E = -379.5700672; F_norm = 11.49563272
Step = 161; E = -379.5745604; F_norm = 11.49223104
Step = 162; E = -379.5790518; F_norm = 11.48883384
Step = 163; E = -379.5835413; F_norm = 11.48544111
Step = 164; E = -379.588029; F_norm = 11.48205286
Step = 165; E = -379.5925149; F_norm = 11.47866909
Step = 166; E = -379.5969989; F_norm = 11.47528979
Step = 167; E = -379.601481; F_norm = 11.47191498
Step = 168; E = -379.6059613; F_norm = 11.46854465
Step = 169; E = -379.6104398; F_norm = 11.4651788
Step = 170; E = -379.6149165; F_norm = 11.46181743
Step = 171; E = -379.6193913; F_norm = 11.45846055
Step = 172; E = -379.6238643; F_norm = 11.45510816
Step = 173; E = -379.6283355; F_norm = 11.45176025
Step = 174; E = -379.6328048; F_norm = 11.44841682
Step = 175; E = -379.6372724; F_norm = 11.44507789
Step = 176; E = -379.6417381; F_norm = 11.44174345
Step = 177; E = -379.6462019; F_norm = 11.4384135
Step = 178; E = -379.650664; F_norm = 11.43508803
Step = 179; E = -379.6551242; F_norm = 11.43176707
Step = 180; E = -379.6595827; F_norm = 11.42845059
Step = 181; E = -379.6640393; F_norm = 11.42513862
Step = 182; E = -379.668494; F_norm = 11.42183113
Step = 183; E = -379.672947; F_norm = 11.41852815
Step = 184; E = -379.6773982; F_norm = 11.41522966
Step = 185; E = -379.6818475; F_norm = 11.41193568
Step = 186; E = -379.6862951; F_norm = 11.40864619
Step = 187; E = -379.6907408; F_norm = 11.40536121
Step = 188; E = -379.6951848; F_norm = 11.40208073
Step = 189; E = -379.6996269; F_norm = 11.39880476
Step = 190; E = -379.7040672; F_norm = 11.39553329
Step = 191; E = -379.7085057; F_norm = 11.39226632
Step = 192; E = -379.7129425; F_norm = 11.38900387
Step = 193; E = -379.7173774; F_norm = 11.38574592
Step = 194; E = -379.7218105; F_norm = 11.38249249
Step = 195; E = -379.7262419; F_norm = 11.37924356
Step = 196; E = -379.7306714; F_norm = 11.37599915
Step = 197; E = -379.7350992; F_norm = 11.37275926
Step = 198; E = -379.7395251; F_norm = 11.36952387
Step = 199; E = -379.7439493; F_norm = 11.36629301
Step = 200; E = -379.7483717; F_norm = 11.36306666
Step = 201; E = -379.7527923; F_norm = 11.35984483
Step = 202; E = -379.7572111; F_norm = 11.35662752
Step = 203; E = -379.7616282; F_norm = 11.35341473
Step = 204; E = -379.7660434; F_norm = 11.35020647
Step = 205; E = -379.7704569; F_norm = 11.34700273
Step = 206; E = -379.7748686; F_norm = 11.34380351
Step = 207; E = -379.7792785; F_norm = 11.34060882
Step = 208; E = -379.7836867; F_norm = 11.33741865
Step = 209; E = -379.788093; F_norm = 11.33423302
Step = 210; E = -379.7924976; F_norm = 11.33105192
Step = 211; E = -379.7969005; F_norm = 11.32787534
Step = 212; E = -379.8013015; F_norm = 11.3247033
Step = 213; E = -379.8057008; F_norm = 11.3215358
Step = 214; E = -379.8100984; F_norm = 11.31837283
Step = 215; E = -379.8144941; F_norm = 11.31521439
Step = 216; E = -379.8188881; F_norm = 11.3120605
Step = 217; E = -379.8232804; F_norm = 11.30891114
Step = 218; E = -379.8276709; F_norm = 11.30576632
Step = 219; E = -379.8320596; F_norm = 11.30262605
Step = 220; E = -379.8364465; F_norm = 11.29949032
Step = 221; E = -379.8408317; F_norm = 11.29635913
Step = 222; E = -379.8452152; F_norm = 11.29323249
Step = 223; E = -379.8495969; F_norm = 11.2901104
Step = 224; E = -379.8539769; F_norm = 11.28699285
Step = 225; E = -379.8583551; F_norm = 11.28387986
Step = 226; E = -379.8627315; F_norm = 11.28077141
Step = 227; E = -379.8671062; F_norm = 11.27766752
Step = 228; E = -379.8714792; F_norm = 11.27456819
Step = 229; E = -379.8758504; F_norm = 11.27147341
Step = 230; E = -379.8802199; F_norm = 11.26838318
Step = 231; E = -379.8845876; F_norm = 11.26529752
Step = 232; E = -379.8889536; F_norm = 11.26221641
Step = 233; E = -379.8933179; F_norm = 11.25913987
Step = 234; E = -379.8976804; F_norm = 11.25606789
Step = 235; E = -379.9020412; F_norm = 11.25300047
Step = 236; E = -379.9064002; F_norm = 11.24993762
Step = 237; E = -379.9107575; F_norm = 11.24687933
Step = 238; E = -379.9151131; F_norm = 11.24382562
Step = 239; E = -379.919467; F_norm = 11.24077647
Step = 240; E = -379.9238191; F_norm = 11.23773189
Step = 241; E = -379.9281695; F_norm = 11.23469189
Step = 242; E = -379.9325182; F_norm = 11.23165646
Step = 243; E = -379.9368652; F_norm = 11.22862561
Step = 244; E = -379.9412104; F_norm = 11.22559933
Step = 245; E = -379.945554; F_norm = 11.22257764
Step = 246; E = -379.9498958; F_norm = 11.21956052
Step = 247; E = -379.9542358; F_norm = 11.21654798
Step = 248; E = -379.9585742; F_norm = 11.21354003
Step = 249; E = -379.9629109; F_norm = 11.21053666
Step = 250; E = -379.9672458; F_norm = 11.20753788
Step = 251; E = -379.971579; F_norm = 11.20454369
Step = 252; E = -379.9759106; F_norm = 11.20155409
Step = 253; E = -379.9802404; F_norm = 11.19856907
Step = 254; E = -379.9845685; F_norm = 11.19558865
Step = 255; E = -379.9888949; F_norm = 11.19261282
Step = 256; E = -379.9932196; F_norm = 11.18964159
Step = 257; E = -379.9975426; F_norm = 11.18667496
Step = 258; E = -380.0018639; F_norm = 11.18371292
Step = 259; E = -380.0061835; F_norm = 11.18075549
Step = 260; E = -380.0105014; F_norm = 11.17780265
Step = 261; E = -380.0148176; F_norm = 11.17485442
Step = 262; E = -380.0191321; F_norm = 11.17191079
Step = 263; E = -380.0234449; F_norm = 11.16897177
Step = 264; E = -380.027756; F_norm = 11.16603736
Step = 265; E = -380.0320655; F_norm = 11.16310756
Step = 266; E = -380.0363732; F_norm = 11.16018237
Step = 267; E = -380.0406793; F_norm = 11.15726179
Step = 268; E = -380.0449836; F_norm = 11.15434583
Step = 269; E = -380.0492863; F_norm = 11.15143448
Step = 270; E = -380.0535873; F_norm = 11.14852775
Step = 271; E = -380.0578866; F_norm = 11.14562564
Step = 272; E = -380.0621843; F_norm = 11.14272815
Step = 273; E = -380.0664802; F_norm = 11.13983529
Step = 274; E = -380.0707745; F_norm = 11.13694705
Step = 275; E = -380.0750671; F_norm = 11.13406343
Step = 276; E = -380.0793581; F_norm = 11.13118444
Step = 277; E = -380.0836473; F_norm = 11.12831009
Step = 278; E = -380.0879349; F_norm = 11.12544036
Step = 279; E = -380.0922208; F_norm = 11.12257526
Step = 280; E = -380.0965051; F_norm = 11.1197148
Step = 281; E = -380.1007877; F_norm = 11.11685898
Step = 282; E = -380.1050686; F_norm = 11.11400779
Step = 283; E = -380.1093478; F_norm = 11.11116125
Step = 284; E = -380.1136254; F_norm = 11.10831934
Step = 285; E = -380.1179013; F_norm = 11.10548208
Step = 286; E = -380.1221756; F_norm = 11.10264947
Step = 287; E = -380.1264482; F_norm = 11.09982149
Step = 288; E = -380.1307192; F_norm = 11.09699817
Step = 289; E = -380.1349885; F_norm = 11.0941795
Step = 290; E = -380.1392561; F_norm = 11.09136548
Step = 291; E = -380.1435221; F_norm = 11.08855611
Step = 292; E = -380.1477864; F_norm = 11.0857514
Step = 293; E = -380.1520491; F_norm = 11.08295135
Step = 294; E = -380.1563101; F_norm = 11.08015595
Step = 295; E = -380.1605695; F_norm = 11.07736522
Step = 296; E = -380.1648273; F_norm = 11.07457915
Step = 297; E = -380.1690834; F_norm = 11.07179774
Step = 298; E = -380.1733378; F_norm = 11.069021
Step = 299; E = -380.1775907; F_norm = 11.06624892
Step = 300; E = -380.1818418; F_norm = 11.06348152
Step = 301; E = -380.1860914; F_norm = 11.06071878
Step = 302; E = -380.1903393; F_norm = 11.05796073
Step = 303; E = -380.1945856; F_norm = 11.05520734
Step = 304; E = -380.1988302; F_norm = 11.05245863
Step = 305; E = -380.2030732; F_norm = 11.04971461
Step = 306; E = -380.2073146; F_norm = 11.04697526
Step = 307; E = -380.2115543; F_norm = 11.04424059
Step = 308; E = -380.2157924; F_norm = 11.04151061
Step = 309; E = -380.2200289; F_norm = 11.03878532
Step = 310; E = -380.2242638; F_norm = 11.03606471
Step = 311; E = -380.228497; F_norm = 11.0333488
Step = 312; E = -380.2327286; F_norm = 11.03063757
Step = 313; E = -380.2369586; F_norm = 11.02793104
Step = 314; E = -380.241187; F_norm = 11.02522921
Step = 315; E = -380.2454137; F_norm = 11.02253207
Step = 316; E = -380.2496389; F_norm = 11.01983964
Step = 317; E = -380.2538624; F_norm = 11.0171519
Step = 318; E = -380.2580843; F_norm = 11.01446887
Step = 319; E = -380.2623046; F_norm = 11.01179054
Step = 320; E = -380.2665233; F_norm = 11.00911692
Step = 321; E = -380.2707403; F_norm = 11.00644801
Step = 322; E = -380.2749558; F_norm = 11.00378381
Step = 323; E = -380.2791697; F_norm = 11.00112433
Step = 324; E = -380.2833819; F_norm = 10.99846956
Step = 325; E = -380.2875926; F_norm = 10.99581951
Step = 326; E = -380.2918016; F_norm = 10.99317417
Step = 327; E = -380.296009; F_norm = 10.99053356
Step = 328; E = -380.3002149; F_norm = 10.98789767
Step = 329; E = -380.3044191; F_norm = 10.9852665
Step = 330; E = -380.3086218; F_norm = 10.98264007
Step = 331; E = -380.3128228; F_norm = 10.98001836
Step = 332; E = -380.3170223; F_norm = 10.97740138
Step = 333; E = -380.3212202; F_norm = 10.97478913
Step = 334; E = -380.3254164; F_norm = 10.97218162
Step = 335; E = -380.3296111; F_norm = 10.96957885
Step = 336; E = -380.3338042; F_norm = 10.96698082
Step = 337; E = -380.3379957; F_norm = 10.96438753
Step = 338; E = -380.3421857; F_norm = 10.96179898
Step = 339; E = -380.346374; F_norm = 10.95921518
Step = 340; E = -380.3505608; F_norm = 10.95663612
Step = 341; E = -380.3547459; F_norm = 10.95406181
Step = 342; E = -380.3589295; F_norm = 10.95149226
Step = 343; E = -380.3631115; F_norm = 10.94892746
Step = 344; E = -380.367292; F_norm = 10.94636741
Step = 345; E = -380.3714709; F_norm = 10.94381212
Step = 346; E = -380.3756481; F_norm = 10.9412616
Step = 347; E = -380.3798239; F_norm = 10.93871583
Step = 348; E = -380.383998; F_norm = 10.93617483
Step = 349; E = -380.3881706; F_norm = 10.93363859
Step = 350; E = -380.3923416; F_norm = 10.93110713
Step = 351; E = -380.396511; F_norm = 10.92858043
Step = 352; E = -380.4006789; F_norm = 10.9260585
Step = 353; E = -380.4048452; F_norm = 10.92354136
Step = 354; E = -380.40901; F_norm = 10.92102898
Step = 355; E = -380.4131731; F_norm = 10.91852139
Step = 356; E = -380.4173348; F_norm = 10.91601858
Step = 357; E = -380.4214948; F_norm = 10.91352055
Step = 358; E = -380.4256533; F_norm = 10.9110273
Step = 359; E = -380.4298103; F_norm = 10.90853885
Step = 360; E = -380.4339657; F_norm = 10.90605518
Step = 361; E = -380.4381195; F_norm = 10.90357631
Step = 362; E = -380.4422718; F_norm = 10.90110223
Step = 363; E = -380.4464226; F_norm = 10.89863295
Step = 364; E = -380.4505718; F_norm = 10.89616846
Step = 365; E = -380.4547194; F_norm = 10.89370878
Step = 366; E = -380.4588655; F_norm = 10.8912539
Step = 367; E = -380.4630101; F_norm = 10.88880383
Step = 368; E = -380.4671531; F_norm = 10.88635856
Step = 369; E = -380.4712945; F_norm = 10.8839181
Step = 370; E = -380.4754345; F_norm = 10.88148246
Step = 371; E = -380.4795728; F_norm = 10.87905163
Step = 372; E = -380.4837097; F_norm = 10.87662561
Step = 373; E = -380.487845; F_norm = 10.87420442
Step = 374; E = -380.4919788; F_norm = 10.87178804
Step = 375; E = -380.496111; F_norm = 10.86937649
Step = 376; E = -380.5002417; F_norm = 10.86696977
Step = 377; E = -380.5043709; F_norm = 10.86456787
Step = 378; E = -380.5084986; F_norm = 10.8621708
Step = 379; E = -380.5126247; F_norm = 10.85977857
Step = 380; E = -380.5167493; F_norm = 10.85739117
Step = 381; E = -380.5208724; F_norm = 10.8550086
Step = 382; E = -380.5249939; F_norm = 10.85263088
Step = 383; E = -380.5291139; F_norm = 10.850258
Step = 384; E = -380.5332324; F_norm = 10.84788996
Step = 385; E = -380.5373494; F_norm = 10.84552677
Step = 386; E = -380.5414649; F_norm = 10.84316843
Step = 387; E = -380.5455788; F_norm = 10.84081494
Step = 388; E = -380.5496913; F_norm = 10.8384663
Step = 389; E = -380.5538022; F_norm = 10.83612252
Step = 390; E = -380.5579116; F_norm = 10.8337836
Step = 391; E = -380.5620195; F_norm = 10.83144954
Step = 392; E = -380.5661258; F_norm = 10.82912034
Step = 393; E = -380.5702307; F_norm = 10.82679601
Step = 394; E = -380.5743341; F_norm = 10.82447654
Step = 395; E = -380.5784359; F_norm = 10.82216194
Step = 396; E = -380.5825363; F_norm = 10.81985222
Step = 397; E = -380.5866352; F_norm = 10.81754737
Step = 398; E = -380.5907325; F_norm = 10.8152474
Step = 399; E = -380.5948283; F_norm = 10.81295231
Step = 400; E = -380.5989227; F_norm = 10.8106621
Step = 401; E = -380.6030156; F_norm = 10.80837678
Step = 402; E = -380.6071069; F_norm = 10.80609634
Step = 403; E = -380.6111968; F_norm = 10.80382079
Step = 404; E = -380.6152851; F_norm = 10.80155014
Step = 405; E = -380.619372; F_norm = 10.79928438
Step = 406; E = -380.6234574; F_norm = 10.79702351
Step = 407; E = -380.6275413; F_norm = 10.79476755
Step = 408; E = -380.6316237; F_norm = 10.79251649
Step = 409; E = -380.6357046; F_norm = 10.79027033
Step = 410; E = -380.639784; F_norm = 10.78802908
Step = 411; E = -380.643862; F_norm = 10.78579274
Step = 412; E = -380.6479385; F_norm = 10.78356131
Step = 413; E = -380.6520134; F_norm = 10.78133479
Step = 414; E = -380.6560869; F_norm = 10.77911319
Step = 415; E = -380.660159; F_norm = 10.77689651
Step = 416; E = -380.6642295; F_norm = 10.77468475
Step = 417; E = -380.6682986; F_norm = 10.77247792
Step = 418; E = -380.6723662; F_norm = 10.77027602
Step = 419; E = -380.6764323; F_norm = 10.76807904
Step = 420; E = -380.680497; F_norm = 10.765887
Step = 421; E = -380.6845602; F_norm = 10.76369989
Step = 422; E = -380.6886219; F_norm = 10.76151771
Step = 423; E = -380.6926821; F_norm = 10.75934048
Step = 424; E = -380.6967409; F_norm = 10.75716819
Step = 425; E = -380.7007982; F_norm = 10.75500085
Step = 426; E = -380.7048541; F_norm = 10.75283845
Step = 427; E = -380.7089085; F_norm = 10.750681
Step = 428; E = -380.7129614; F_norm = 10.74852851
Step = 429; E = -380.7170129; F_norm = 10.74638097
Step = 430; E = -380.7210629; F_norm = 10.74423839
Step = 431; E = -380.7251114; F_norm = 10.74210076
Step = 432; E = -380.7291585; F_norm = 10.73996811
Step = 433; E = -380.7332042; F_norm = 10.73784041
Step = 434; E = -380.7372484; F_norm = 10.73571769
Step = 435; E = -380.7412911; F_norm = 10.73359994
Step = 436; E = -380.7453324; F_norm = 10.73148716
Step = 437; E = -380.7493722; F_norm = 10.72937936
Step = 438; E = -380.7534106; F_norm = 10.72727653
Step = 439; E = -380.7574476; F_norm = 10.72517869
Step = 440; E = -380.7614831; F_norm = 10.72308583
Step = 441; E = -380.7655171; F_norm = 10.72099796
Step = 442; E = -380.7695498; F_norm = 10.71891508
Step = 443; E = -380.7735809; F_norm = 10.71683719
Step = 444; E = -380.7776107; F_norm = 10.7147643
Step = 445; E = -380.781639; F_norm = 10.71269641
Step = 446; E = -380.7856658; F_norm = 10.71063351
Step = 447; E = -380.7896913; F_norm = 10.70857562
Step = 448; E = -380.7937153; F_norm = 10.70652273
Step = 449; E = -380.7977378; F_norm = 10.70447486
Step = 450; E = -380.801759; F_norm = 10.70243199
Step = 451; E = -380.8057787; F_norm = 10.70039414
Step = 452; E = -380.8097969; F_norm = 10.69836131
Step = 453; E = -380.8138138; F_norm = 10.69633349
Step = 454; E = -380.8178292; F_norm = 10.6943107
Step = 455; E = -380.8218432; F_norm = 10.69229293
Step = 456; E = -380.8258558; F_norm = 10.69028019
Step = 457; E = -380.8298669; F_norm = 10.68827248
Step = 458; E = -380.8338767; F_norm = 10.68626981
Step = 459; E = -380.837885; F_norm = 10.68427217
Step = 460; E = -380.8418919; F_norm = 10.68227957
Step = 461; E = -380.8458973; F_norm = 10.68029201
Step = 462; E = -380.8499014; F_norm = 10.6783095
Step = 463; E = -380.8539041; F_norm = 10.67633203
Step = 464; E = -380.8579053; F_norm = 10.67435961
Step = 465; E = -380.8619051; F_norm = 10.67239225
Step = 466; E = -380.8659035; F_norm = 10.67042994
Step = 467; E = -380.8699005; F_norm = 10.6684727
Step = 468; E = -380.8738962; F_norm = 10.66652051
Step = 469; E = -380.8778903; F_norm = 10.66457339
Step = 470; E = -380.8818831; F_norm = 10.66263133
Step = 471; E = -380.8858745; F_norm = 10.66069435
Step = 472; E = -380.8898645; F_norm = 10.65876243
Step = 473; E = -380.8938531; F_norm = 10.6568356
Step = 474; E = -380.8978403; F_norm = 10.65491384
Step = 475; E = -380.9018261; F_norm = 10.65299716
Step = 476; E = -380.9058105; F_norm = 10.65108557
Step = 477; E = -380.9097935; F_norm = 10.64917907
Step = 478; E = -380.9137751; F_norm = 10.64727765
Step = 479; E = -380.9177553; F_norm = 10.64538133
Step = 480; E = -380.9217341; F_norm = 10.64349011
Step = 481; E = -380.9257116; F_norm = 10.64160398
Step = 482; E = -380.9296876; F_norm = 10.63972296
Step = 483; E = -380.9336623; F_norm = 10.63784704
Step = 484; E = -380.9376355; F_norm = 10.63597623
Step = 485; E = -380.9416074; F_norm = 10.63411053
Step = 486; E = -380.9455779; F_norm = 10.63224994
Step = 487; E = -380.9495471; F_norm = 10.63039447
Step = 488; E = -380.9535148; F_norm = 10.62854412
Step = 489; E = -380.9574812; F_norm = 10.62669889
Step = 490; E = -380.9614462; F_norm = 10.62485879
Step = 491; E = -380.9654098; F_norm = 10.62302381
Step = 492; E = -380.969372; F_norm = 10.62119397
Step = 493; E = -380.9733329; F_norm = 10.61936926
Step = 494; E = -380.9772924; F_norm = 10.61754969
Step = 495; E = -380.9812505; F_norm = 10.61573526
Step = 496; E = -380.9852072; F_norm = 10.61392597
Step = 497; E = -380.9891626; F_norm = 10.61212183
Step = 498; E = -380.9931166; F_norm = 10.61032284
Step = 499; E = -380.9970693; F_norm = 10.608529
Step = 500; E = -381.0010206; F_norm = 10.60674032
Step = 501; E = -381.0049705; F_norm = 10.60495679
Step = 502; E = -381.008919; F_norm = 10.60317843
Step = 503; E = -381.0128662; F_norm = 10.60140523
Step = 504; E = -381.0168121; F_norm = 10.59963719
Step = 505; E = -381.0207566; F_norm = 10.59787433
Step = 506; E = -381.0246997; F_norm = 10.59611664
Step = 507; E = -381.0286415; F_norm = 10.59436413
Step = 508; E = -381.0325819; F_norm = 10.5926168
Step = 509; E = -381.0365209; F_norm = 10.59087465
Step = 510; E = -381.0404587; F_norm = 10.58913769
Step = 511; E = -381.044395; F_norm = 10.58740592
Step = 512; E = -381.04833; F_norm = 10.58567934
Step = 513; E = -381.0522637; F_norm = 10.58395795
Step = 514; E = -381.056196; F_norm = 10.58224176
Step = 515; E = -381.060127; F_norm = 10.58053078
Step = 516; E = -381.0640566; F_norm = 10.57882499
Step = 517; E = -381.0679849; F_norm = 10.57712442
Step = 518; E = -381.0719119; F_norm = 10.57542906
Step = 519; E = -381.0758375; F_norm = 10.57373891
Step = 520; E = -381.0797618; F_norm = 10.57205397
Step = 521; E = -381.0836847; F_norm = 10.57037426
Step = 522; E = -381.0876063; F_norm = 10.56869977
Step = 523; E = -381.0915266; F_norm = 10.56703051
Step = 524; E = -381.0954455; F_norm = 10.56536648
Step = 525; E = -381.0993631; F_norm = 10.56370768
Step = 526; E = -381.1032794; F_norm = 10.56205411
Step = 527; E = -381.1071943; F_norm = 10.56040579
Step = 528; E = -381.111108; F_norm = 10.55876271
Step = 529; E = -381.1150203; F_norm = 10.55712487
Step = 530; E = -381.1189312; F_norm = 10.55549228
Step = 531; E = -381.1228409; F_norm = 10.55386495
Step = 532; E = -381.1267492; F_norm = 10.55224287
Step = 533; E = -381.1306562; F_norm = 10.55062604
Step = 534; E = -381.1345619; F_norm = 10.54901448
Step = 535; E = -381.1384662; F_norm = 10.54740819
Step = 536; E = -381.1423693; F_norm = 10.54580716
Step = 537; E = -381.146271; F_norm = 10.5442114
Step = 538; E = -381.1501714; F_norm = 10.54262092
Step = 539; E = -381.1540705; F_norm = 10.54103571
Step = 540; E = -381.1579683; F_norm = 10.53945579
Step = 541; E = -381.1618648; F_norm = 10.53788115
Step = 542; E = -381.16576; F_norm = 10.53631179
Step = 543; E = -381.1696538; F_norm = 10.53474773
Step = 544; E = -381.1735464; F_norm = 10.53318897
Step = 545; E = -381.1774376; F_norm = 10.53163549
Step = 546; E = -381.1813276; F_norm = 10.53008732
Step = 547; E = -381.1852162; F_norm = 10.52854446
Step = 548; E = -381.1891036; F_norm = 10.5270069
Step = 549; E = -381.1929896; F_norm = 10.52547465
Step = 550; E = -381.1968743; F_norm = 10.52394771
Step = 551; E = -381.2007578; F_norm = 10.5224261
Step = 552; E = -381.2046399; F_norm = 10.5209098
Step = 553; E = -381.2085208; F_norm = 10.51939882
Step = 554; E = -381.2124004; F_norm = 10.51789318
Step = 555; E = -381.2162786; F_norm = 10.51639286
Step = 556; E = -381.2201556; F_norm = 10.51489787
Step = 557; E = -381.2240313; F_norm = 10.51340823
Step = 558; E = -381.2279057; F_norm = 10.51192392
Step = 559; E = -381.2317788; F_norm = 10.51044496
Step = 560; E = -381.2356506; F_norm = 10.50897134
Step = 561; E = -381.2395212; F_norm = 10.50750308
Step = 562; E = -381.2433904; F_norm = 10.50604016
Step = 563; E = -381.2472584; F_norm = 10.50458261
Step = 564; E = -381.2511251; F_norm = 10.50313042
Step = 565; E = -381.2549905; F_norm = 10.50168358
Step = 566; E = -381.2588547; F_norm = 10.50024212
Step = 567; E = -381.2627175; F_norm = 10.49880603
Step = 568; E = -381.2665791; F_norm = 10.49737531
Step = 569; E = -381.2704394; F_norm = 10.49594997
Step = 570; E = -381.2742985; F_norm = 10.49453001
Step = 571; E = -381.2781562; F_norm = 10.49311543
Step = 572; E = -381.2820127; F_norm = 10.49170624
Step = 573; E = -381.285868; F_norm = 10.49030244
Step = 574; E = -381.2897219; F_norm = 10.48890404
Step = 575; E = -381.2935746; F_norm = 10.48751103
Step = 576; E = -381.297426; F_norm = 10.48612343
Step = 577; E = -381.3012762; F_norm = 10.48474122
Step = 578; E = -381.3051251; F_norm = 10.48336443
Step = 579; E = -381.3089727; F_norm = 10.48199305
Step = 580; E = -381.3128191; F_norm = 10.48062709
Step = 581; E = -381.3166642; F_norm = 10.47926654
Step = 582; E = -381.3205081; F_norm = 10.47791141
Step = 583; E = -381.3243507; F_norm = 10.47656171
Step = 584; E = -381.3281921; F_norm = 10.47521744
Step = 585; E = -381.3320322; F_norm = 10.47387861
Step = 586; E = -381.335871; F_norm = 10.4725452
Step = 587; E = -381.3397086; F_norm = 10.47121724
Step = 588; E = -381.343545; F_norm = 10.46989472
Step = 589; E = -381.3473801; F_norm = 10.46857765
Step = 590; E = -381.3512139; F_norm = 10.46726602
Step = 591; E = -381.3550465; F_norm = 10.46595985
Step = 592; E = -381.3588779; F_norm = 10.46465914
Step = 593; E = -381.362708; F_norm = 10.46336388
Step = 594; E = -381.3665369; F_norm = 10.46207409
Step = 595; E = -381.3703645; F_norm = 10.46078977
Step = 596; E = -381.3741909; F_norm = 10.45951092
Step = 597; E = -381.378016; F_norm = 10.45823754
Step = 598; E = -381.38184; F_norm = 10.45696964
Step = 599; E = -381.3856626; F_norm = 10.45570723
Step = 600; E = -381.3894841; F_norm = 10.45445029
Step = 601; E = -381.3933043; F_norm = 10.45319885
Step = 602; E = -381.3971233; F_norm = 10.4519529
Step = 603; E = -381.400941; F_norm = 10.45071244
Step = 604; E = -381.4047576; F_norm = 10.44947749
Step = 605; E = -381.4085729; F_norm = 10.44824804
Step = 606; E = -381.4123869; F_norm = 10.44702409
Step = 607; E = -381.4161998; F_norm = 10.44580565
Step = 608; E = -381.4200114; F_norm = 10.44459273
Step = 609; E = -381.4238218; F_norm = 10.44338532
Step = 610; E = -381.427631; F_norm = 10.44218344
Step = 611; E = -381.4314389; F_norm = 10.44098708
Step = 612; E = -381.4352457; F_norm = 10.43979625
Step = 613; E = -381.4390512; F_norm = 10.43861095
Step = 614; E = -381.4428555; F_norm = 10.43743118
Step = 615; E = -381.4466586; F_norm = 10.43625695
Step = 616; E = -381.4504604; F_norm = 10.43508827
Step = 617; E = -381.4542611; F_norm = 10.43392513
Step = 618; E = -381.4580605; F_norm = 10.43276754
Step = 619; E = -381.4618588; F_norm = 10.43161551
Step = 620; E = -381.4656558; F_norm = 10.43046903
Step = 621; E = -381.4694516; F_norm = 10.42932811
Step = 622; E = -381.4732462; F_norm = 10.42819276
Step = 623; E = -381.4770396; F_norm = 10.42706298
Step = 624; E = -381.4808318; F_norm = 10.42593877
Step = 625; E = -381.4846228; F_norm = 10.42482013
Step = 626; E = -381.4884126; F_norm = 10.42370707
Step = 627; E = -381.4922012; F_norm = 10.42259959
Step = 628; E = -381.4959886; F_norm = 10.4214977
Step = 629; E = -381.4997748; F_norm = 10.4204014
Step = 630; E = -381.5035598; F_norm = 10.4193107
Step = 631; E = -381.5073437; F_norm = 10.41822559
Step = 632; E = -381.5111263; F_norm = 10.41714608
Step = 633; E = -381.5149077; F_norm = 10.41607218
Step = 634; E = -381.5186879; F_norm = 10.41500389
Step = 635; E = -381.522467; F_norm = 10.4139412
Step = 636; E = -381.5262448; F_norm = 10.41288414
Step = 637; E = -381.5300215; F_norm = 10.41183269
Step = 638; E = -381.533797; F_norm = 10.41078687
Step = 639; E = -381.5375713; F_norm = 10.40974667
Step = 640; E = -381.5413444; F_norm = 10.40871211
Step = 641; E = -381.5451163; F_norm = 10.40768318
Step = 642; E = -381.5488871; F_norm = 10.40665988
Step = 643; E = -381.5526566; F_norm = 10.40564223
Step = 644; E = -381.556425; F_norm = 10.40463023
Step = 645; E = -381.5601922; F_norm = 10.40362387
Step = 646; E = -381.5639583; F_norm = 10.40262317
Step = 647; E = -381.5677231; F_norm = 10.40162813
Step = 648; E = -381.5714868; F_norm = 10.40063874
Step = 649; E = -381.5752494; F_norm = 10.39965502
Step = 650; E = -381.5790107; F_norm = 10.39867697
Step = 651; E = -381.5827709; F_norm = 10.39770459
Step = 652; E = -381.5865299; F_norm = 10.39673789
Step = 653; E = -381.5902877; F_norm = 10.39577686
Step = 654; E = -381.5940444; F_norm = 10.39482152
Step = 655; E = -381.5977999; F_norm = 10.39387187
Step = 656; E = -381.6015542; F_norm = 10.3929279
Step = 657; E = -381.6053074; F_norm = 10.39198964
Step = 658; E = -381.6090595; F_norm = 10.39105707
Step = 659; E = -381.6128103; F_norm = 10.3901302
Step = 660; E = -381.61656; F_norm = 10.38920904
Step = 661; E = -381.6203086; F_norm = 10.38829358
Step = 662; E = -381.624056; F_norm = 10.38738385
Step = 663; E = -381.6278022; F_norm = 10.38647983
Step = 664; E = -381.6315473; F_norm = 10.38558153
Step = 665; E = -381.6352912; F_norm = 10.38468895
Step = 666; E = -381.639034; F_norm = 10.38380211
Step = 667; E = -381.6427756; F_norm = 10.382921
Step = 668; E = -381.6465161; F_norm = 10.38204562
Step = 669; E = -381.6502554; F_norm = 10.38117598
Step = 670; E = -381.6539936; F_norm = 10.38031209
Step = 671; E = -381.6577306; F_norm = 10.37945395
Step = 672; E = -381.6614665; F_norm = 10.37860156
Step = 673; E = -381.6652013; F_norm = 10.37775493
Step = 674; E = -381.6689349; F_norm = 10.37691405
Step = 675; E = -381.6726674; F_norm = 10.37607894
Step = 676; E = -381.6763987; F_norm = 10.3752496
Step = 677; E = -381.6801289; F_norm = 10.37442602
Step = 678; E = -381.683858; F_norm = 10.37360823
Step = 679; E = -381.6875859; F_norm = 10.37279621
Step = 680; E = -381.6913127; F_norm = 10.37198997
Step = 681; E = -381.6950384; F_norm = 10.37118952
Step = 682; E = -381.6987629; F_norm = 10.37039486
Step = 683; E = -381.7024863; F_norm = 10.369606
Step = 684; E = -381.7062086; F_norm = 10.36882294
Step = 685; E = -381.7099297; F_norm = 10.36804567
Step = 686; E = -381.7136497; F_norm = 10.36727422
Step = 687; E = -381.7173686; F_norm = 10.36650857
Step = 688; E = -381.7210864; F_norm = 10.36574874
Step = 689; E = -381.724803; F_norm = 10.36499472
Step = 690; E = -381.7285186; F_norm = 10.36424653
Step = 691; E = -381.732233; F_norm = 10.36350416
Step = 692; E = -381.7359463; F_norm = 10.36276762
Step = 693; E = -381.7396584; F_norm = 10.36203692
Step = 694; E = -381.7433695; F_norm = 10.36131205
Step = 695; E = -381.7470794; F_norm = 10.36059303
Step = 696; E = -381.7507883; F_norm = 10.35987985
Step = 697; E = -381.754496; F_norm = 10.35917252
Step = 698; E = -381.7582026; F_norm = 10.35847104
Step = 699; E = -381.7619081; F_norm = 10.35777542
Step = 700; E = -381.7656124; F_norm = 10.35708566
Step = 701; E = -381.7693157; F_norm = 10.35640177
Step = 702; E = -381.7730179; F_norm = 10.35572374
Step = 703; E = -381.776719; F_norm = 10.35505159
Step = 704; E = -381.7804189; F_norm = 10.35438531
Step = 705; E = -381.7841178; F_norm = 10.35372492
Step = 706; E = -381.7878155; F_norm = 10.35307041
Step = 707; E = -381.7915122; F_norm = 10.35242178
Step = 708; E = -381.7952077; F_norm = 10.35177905
Step = 709; E = -381.7989022; F_norm = 10.35114222
Step = 710; E = -381.8025956; F_norm = 10.35051129
Step = 711; E = -381.8062878; F_norm = 10.34988626
Step = 712; E = -381.809979; F_norm = 10.34926714
Step = 713; E = -381.8136691; F_norm = 10.34865394
Step = 714; E = -381.8173581; F_norm = 10.34804665
Step = 715; E = -381.821046; F_norm = 10.34744528
Step = 716; E = -381.8247328; F_norm = 10.34684983
Step = 717; E = -381.8284185; F_norm = 10.34626031
Step = 718; E = -381.8321032; F_norm = 10.34567673
Step = 719; E = -381.8357867; F_norm = 10.34509908
Step = 720; E = -381.8394692; F_norm = 10.34452737
Step = 721; E = -381.8431506; F_norm = 10.34396161
Step = 722; E = -381.8468309; F_norm = 10.34340179
Step = 723; E = -381.8505101; F_norm = 10.34284793
Step = 724; E = -381.8541882; F_norm = 10.34230002
Step = 725; E = -381.8578653; F_norm = 10.34175807
Step = 726; E = -381.8615413; F_norm = 10.34122209
Step = 727; E = -381.8652162; F_norm = 10.34069207
Step = 728; E = -381.86889; F_norm = 10.34016803
Step = 729; E = -381.8725628; F_norm = 10.33964997
Step = 730; E = -381.8762345; F_norm = 10.33913788
Step = 731; E = -381.8799051; F_norm = 10.33863178
Step = 732; E = -381.8835747; F_norm = 10.33813167
Step = 733; E = -381.8872432; F_norm = 10.33763754
Step = 734; E = -381.8909106; F_norm = 10.33714942
Step = 735; E = -381.8945769; F_norm = 10.3366673
Step = 736; E = -381.8982422; F_norm = 10.33619118
Step = 737; E = -381.9019065; F_norm = 10.33572106
Step = 738; E = -381.9055696; F_norm = 10.33525697
Step = 739; E = -381.9092317; F_norm = 10.33479888
Step = 740; E = -381.9128928; F_norm = 10.33434682
Step = 741; E = -381.9165528; F_norm = 10.33390078
Step = 742; E = -381.9202117; F_norm = 10.33346078
Step = 743; E = -381.9238696; F_norm = 10.3330268
Step = 744; E = -381.9275264; F_norm = 10.33259886
Step = 745; E = -381.9311822; F_norm = 10.33217696
Step = 746; E = -381.9348369; F_norm = 10.33176111
Step = 747; E = -381.9384905; F_norm = 10.3313513
Step = 748; E = -381.9421431; F_norm = 10.33094755
Step = 749; E = -381.9457947; F_norm = 10.33054985
Step = 750; E = -381.9494452; F_norm = 10.33015822
Step = 751; E = -381.9530947; F_norm = 10.32977265
Step = 752; E = -381.9567431; F_norm = 10.32939315
Step = 753; E = -381.9603905; F_norm = 10.32901972
Step = 754; E = -381.9640368; F_norm = 10.32865237
Step = 755; E = -381.9676821; F_norm = 10.3282911
Step = 756; E = -381.9713264; F_norm = 10.32793592
Step = 757; E = -381.9749696; F_norm = 10.32758682
Step = 758; E = -381.9786118; F_norm = 10.32724382
Step = 759; E = -381.982253; F_norm = 10.32690692
Step = 760; E = -381.9858931; F_norm = 10.32657611
Step = 761; E = -381.9895321; F_norm = 10.32625142
Step = 762; E = -381.9931702; F_norm = 10.32593283
Step = 763; E = -381.9968072; F_norm = 10.32562036
Step = 764; E = -382.0004432; F_norm = 10.325314
Step = 765; E = -382.0040781; F_norm = 10.32501377
Step = 766; E = -382.0077121; F_norm = 10.32471966
Step = 767; E = -382.011345; F_norm = 10.32443168
Step = 768; E = -382.0149768; F_norm = 10.32414983
Step = 769; E = -382.0186077; F_norm = 10.32387413
Step = 770; E = -382.0222375; F_norm = 10.32360456
Step = 771; E = -382.0258663; F_norm = 10.32334115
Step = 772; E = -382.0294941; F_norm = 10.32308388
Step = 773; E = -382.0331209; F_norm = 10.32283277
Step = 774; E = -382.0367466; F_norm = 10.32258781
Step = 775; E = -382.0403714; F_norm = 10.32234902
Step = 776; E = -382.0439951; F_norm = 10.32211639
Step = 777; E = -382.0476178; F_norm = 10.32188994
Step = 778; E = -382.0512395; F_norm = 10.32166966
Step = 779; E = -382.0548601; F_norm = 10.32145556
Step = 780; E = -382.0584798; F_norm = 10.32124764
Step = 781; E = -382.0620985; F_norm = 10.32104591
Step = 782; E = -382.0657161; F_norm = 10.32085037
Step = 783; E = -382.0693328; F_norm = 10.32066103
Step = 784; E = -382.0729484; F_norm = 10.32047788
Step = 785; E = -382.076563; F_norm = 10.32030094
Step = 786; E = -382.0801766; F_norm = 10.32013021
Step = 787; E = -382.0837893; F_norm = 10.31996568
Step = 788; E = -382.0874009; F_norm = 10.31980738
Step = 789; E = -382.0910115; F_norm = 10.31965529
Step = 790; E = -382.0946211; F_norm = 10.31950943
Step = 791; E = -382.0982298; F_norm = 10.31936979
Step = 792; E = -382.1018374; F_norm = 10.31923639
Step = 793; E = -382.105444; F_norm = 10.31910922
Step = 794; E = -382.1090497; F_norm = 10.31898829
Step = 795; E = -382.1126543; F_norm = 10.31887361
Step = 796; E = -382.116258; F_norm = 10.31876518
Step = 797; E = -382.1198607; F_norm = 10.318663
Step = 798; E = -382.1234623; F_norm = 10.31856707
Step = 799; E = -382.127063; F_norm = 10.31847741
Step = 800; E = -382.1306627; F_norm = 10.31839401
Step = 801; E = -382.1342615; F_norm = 10.31831688
Step = 802; E = -382.1378592; F_norm = 10.31824602
Step = 803; E = -382.1414559; F_norm = 10.31818144
Step = 804; E = -382.1450517; F_norm = 10.31812314
Step = 805; E = -382.1486465; F_norm = 10.31807113
Step = 806; E = -382.1522403; F_norm = 10.3180254
Step = 807; E = -382.1558331; F_norm = 10.31798597
Step = 808; E = -382.159425; F_norm = 10.31795284
Step = 809; E = -382.1630159; F_norm = 10.31792601
Step = 810; E = -382.1666058; F_norm = 10.31790548
Step = 811; E = -382.1701947; F_norm = 10.31789126
Step = 812; E = -382.1737827; F_norm = 10.31788336
Step = 813; E = -382.1773697; F_norm = 10.31788178
Step = 814; E = -382.1809557; F_norm = 10.31788652
Step = 815; E = -382.1845407; F_norm = 10.31789758
Step = 816; E = -382.1881248; F_norm = 10.31791497
Step = 817; E = -382.1917079; F_norm = 10.3179387
Step = 818; E = -382.1952901; F_norm = 10.31796877
Step = 819; E = -382.1988713; F_norm = 10.31800518
Step = 820; E = -382.2024515; F_norm = 10.31804794
Step = 821; E = -382.2060308; F_norm = 10.31809704
Step = 822; E = -382.2096091; F_norm = 10.31815251
Step = 823; E = -382.2131864; F_norm = 10.31821433
Step = 824; E = -382.2167628; F_norm = 10.31828251
Step = 825; E = -382.2203382; F_norm = 10.31835706
Step = 826; E = -382.2239127; F_norm = 10.31843799
Step = 827; E = -382.2274862; F_norm = 10.31852528
Step = 828; E = -382.2310588; F_norm = 10.31861896
Step = 829; E = -382.2346304; F_norm = 10.31871902
Step = 830; E = -382.2382011; F_norm = 10.31882547
Step = 831; E = -382.2417708; F_norm = 10.31893831
Step = 832; E = -382.2453396; F_norm = 10.31905755
Step = 833; E = -382.2489074; F_norm = 10.31918318
Step = 834; E = -382.2524743; F_norm = 10.31931522
Step = 835; E = -382.2560402; F_norm = 10.31945367
Step = 836; E = -382.2596052; F_norm = 10.31959853
Step = 837; E = -382.2631693; F_norm = 10.31974981
Step = 838; E = -382.2667324; F_norm = 10.3199075
Step = 839; E = -382.2702945; F_norm = 10.32007162
Step = 840; E = -382.2738558; F_norm = 10.32024217
Step = 841; E = -382.2774161; F_norm = 10.32041915
Step = 842; E = -382.2809754; F_norm = 10.32060257
Step = 843; E = -382.2845338; F_norm = 10.32079243
Step = 844; E = -382.2880913; F_norm = 10.32098873
Step = 845; E = -382.2916479; F_norm = 10.32119148
Step = 846; E = -382.2952035; F_norm = 10.32140069
Step = 847; E = -382.2987582; F_norm = 10.32161635
Step = 848; E = -382.302312; F_norm = 10.32183847
Step = 849; E = -382.3058648; F_norm = 10.32206706
Step = 850; E = -382.3094167; F_norm = 10.32230212
Step = 851; E = -382.3129677; F_norm = 10.32254365
Step = 852; E = -382.3165177; F_norm = 10.32279165
Step = 853; E = -382.3200669; F_norm = 10.32304614
Step = 854; E = -382.3236151; F_norm = 10.32330712
Step = 855; E = -382.3271624; F_norm = 10.32357458
Step = 856; E = -382.3307088; F_norm = 10.32384853
Step = 857; E = -382.3342542; F_norm = 10.32412899
Step = 858; E = -382.3377988; F_norm = 10.32441594
Step = 859; E = -382.3413424; F_norm = 10.32470941
Step = 860; E = -382.3448851; F_norm = 10.32500938
Step = 861; E = -382.3484269; F_norm = 10.32531586
Step = 862; E = -382.3519678; F_norm = 10.32562886
Step = 863; E = -382.3555077; F_norm = 10.32594839
Step = 864; E = -382.3590468; F_norm = 10.32627444
Step = 865; E = -382.362585; F_norm = 10.32660702
Step = 866; E = -382.3661222; F_norm = 10.32694613
Step = 867; E = -382.3696585; F_norm = 10.32729178
Step = 868; E = -382.373194; F_norm = 10.32764397
Step = 869; E = -382.3767285; F_norm = 10.32800271
Step = 870; E = -382.3802621; F_norm = 10.328368
Step = 871; E = -382.3837949; F_norm = 10.32873985
Step = 872; E = -382.3873267; F_norm = 10.32911825
Step = 873; E = -382.3908576; F_norm = 10.32950321
Step = 874; E = -382.3943876; F_norm = 10.32989474
Step = 875; E = -382.3979168; F_norm = 10.33029284
Step = 876; E = -382.401445; F_norm = 10.33069751
Step = 877; E = -382.4049724; F_norm = 10.33110877
Step = 878; E = -382.4084988; F_norm = 10.3315266
Step = 879; E = -382.4120244; F_norm = 10.33195102
Step = 880; E = -382.415549; F_norm = 10.33238203
Step = 881; E = -382.4190728; F_norm = 10.33281964
Step = 882; E = -382.4225957; F_norm = 10.33326384
Step = 883; E = -382.4261177; F_norm = 10.33371464
Step = 884; E = -382.4296388; F_norm = 10.33417205
Step = 885; E = -382.433159; F_norm = 10.33463608
Step = 886; E = -382.4366784; F_norm = 10.33510671
Step = 887; E = -382.4401968; F_norm = 10.33558397
Step = 888; E = -382.4437144; F_norm = 10.33606784
Step = 889; E = -382.4472311; F_norm = 10.33655834
Step = 890; E = -382.4507469; F_norm = 10.33705548
Step = 891; E = -382.4542619; F_norm = 10.33755924
Step = 892; E = -382.457776; F_norm = 10.33806965
Step = 893; E = -382.4612892; F_norm = 10.33858669
Step = 894; E = -382.4648015; F_norm = 10.33911038
Step = 895; E = -382.4683129; F_norm = 10.33964073
Step = 896; E = -382.4718235; F_norm = 10.34017772
Step = 897; E = -382.4753332; F_norm = 10.34072138
Step = 898; E = -382.478842; F_norm = 10.34127169
Step = 899; E = -382.48235; F_norm = 10.34182867
Step = 900; E = -382.4858571; F_norm = 10.34239232
Step = 901; E = -382.4893633; F_norm = 10.34296265
Step = 902; E = -382.4928687; F_norm = 10.34353965
Step = 903; E = -382.4963732; F_norm = 10.34412334
Step = 904; E = -382.4998768; F_norm = 10.3447137
Step = 905; E = -382.5033796; F_norm = 10.34531076
Step = 906; E = -382.5068815; F_norm = 10.34591452
Step = 907; E = -382.5103826; F_norm = 10.34652497
Step = 908; E = -382.5138828; F_norm = 10.34714212
Step = 909; E = -382.5173821; F_norm = 10.34776597
Step = 910; E = -382.5208806; F_norm = 10.34839654
Step = 911; E = -382.5243783; F_norm = 10.34903381
Step = 912; E = -382.527875; F_norm = 10.34967781
Step = 913; E = -382.531371; F_norm = 10.35032852
Step = 914; E = -382.534866; F_norm = 10.35098596
Step = 915; E = -382.5383603; F_norm = 10.35165013
Step = 916; E = -382.5418537; F_norm = 10.35232103
Step = 917; E = -382.5453462; F_norm = 10.35299867
Step = 918; E = -382.5488379; F_norm = 10.35368305
Step = 919; E = -382.5523287; F_norm = 10.35437417
Step = 920; E = -382.5558187; F_norm = 10.35507204
Step = 921; E = -382.5593079; F_norm = 10.35577666
Step = 922; E = -382.5627962; F_norm = 10.35648804
Step = 923; E = -382.5662837; F_norm = 10.35720618
Step = 924; E = -382.5697703; F_norm = 10.35793108
Step = 925; E = -382.5732561; F_norm = 10.35866274
Step = 926; E = -382.5767411; F_norm = 10.35940118
Step = 927; E = -382.5802252; F_norm = 10.3601464
Step = 928; E = -382.5837085; F_norm = 10.36089839
Step = 929; E = -382.587191; F_norm = 10.36165717
Step = 930; E = -382.5906726; F_norm = 10.36242273
Step = 931; E = -382.5941534; F_norm = 10.36319508
Step = 932; E = -382.5976334; F_norm = 10.36397423
Step = 933; E = -382.6011125; F_norm = 10.36476017
Step = 934; E = -382.6045908; F_norm = 10.36555292
Step = 935; E = -382.6080683; F_norm = 10.36635247
Step = 936; E = -382.611545; F_norm = 10.36715883
Step = 937; E = -382.6150208; F_norm = 10.36797201
Step = 938; E = -382.6184958; F_norm = 10.368792
Step = 939; E = -382.62197; F_norm = 10.36961881
Step = 940; E = -382.6254434; F_norm = 10.37045245
Step = 941; E = -382.6289159; F_norm = 10.37129292
Step = 942; E = -382.6323877; F_norm = 10.37214022
Step = 943; E = -382.6358586; F_norm = 10.37299435
Step = 944; E = -382.6393287; F_norm = 10.37385532
Step = 945; E = -382.642798; F_norm = 10.37472314
Step = 946; E = -382.6462665; F_norm = 10.37559781
Step = 947; E = -382.6497341; F_norm = 10.37647932
Step = 948; E = -382.653201; F_norm = 10.3773677
Step = 949; E = -382.656667; F_norm = 10.37826293
Step = 950; E = -382.6601323; F_norm = 10.37916502
Step = 951; E = -382.6635967; F_norm = 10.38007398
Step = 952; E = -382.6670603; F_norm = 10.38098981
Step = 953; E = -382.6705232; F_norm = 10.38191251
Step = 954; E = -382.6739852; F_norm = 10.38284209
Step = 955; E = -382.6774464; F_norm = 10.38377855
Step = 956; E = -382.6809068; F_norm = 10.38472189
Step = 957; E = -382.6843664; F_norm = 10.38567213
Step = 958; E = -382.6878252; F_norm = 10.38662925
Step = 959; E = -382.6912832; F_norm = 10.38759327
Step = 960; E = -382.6947405; F_norm = 10.38856419
Step = 961; E = -382.6981969; F_norm = 10.38954202
Step = 962; E = -382.7016525; F_norm = 10.39052675
Step = 963; E = -382.7051073; F_norm = 10.39151839
Step = 964; E = -382.7085614; F_norm = 10.39251695
Step = 965; E = -382.7120146; F_norm = 10.39352242
Step = 966; E = -382.7154671; F_norm = 10.39453482
Step = 967; E = -382.7189188; F_norm = 10.39555414
Step = 968; E = -382.7223697; F_norm = 10.39658039
Step = 969; E = -382.7258198; F_norm = 10.39761357
Step = 970; E = -382.7292691; F_norm = 10.39865369
Step = 971; E = -382.7327176; F_norm = 10.39970075
Step = 972; E = -382.7361654; F_norm = 10.40075475
Step = 973; E = -382.7396123; F_norm = 10.4018157
Step = 974; E = -382.7430585; F_norm = 10.4028836
Step = 975; E = -382.7465039; F_norm = 10.40395846
Step = 976; E = -382.7499486; F_norm = 10.40504027
Step = 977; E = -382.7533924; F_norm = 10.40612904
Step = 978; E = -382.7568355; F_norm = 10.40722478
Step = 979; E = -382.7602778; F_norm = 10.40832749
Step = 980; E = -382.7637193; F_norm = 10.40943717
Step = 981; E = -382.7671601; F_norm = 10.41055383
Step = 982; E = -382.7706001; F_norm = 10.41167746
Step = 983; E = -382.7740393; F_norm = 10.41280808
Step = 984; E = -382.7774777; F_norm = 10.41394568
Step = 985; E = -382.7809154; F_norm = 10.41509028
Step = 986; E = -382.7843523; F_norm = 10.41624187
Step = 987; E = -382.7877885; F_norm = 10.41740046
Step = 988; E = -382.7912239; F_norm = 10.41856604
Step = 989; E = -382.7946585; F_norm = 10.41973863
Step = 990; E = -382.7980923; F_norm = 10.42091823
Step = 991; E = -382.8015254; F_norm = 10.42210484
Step = 992; E = -382.8049578; F_norm = 10.42329847
Step = 993; E = -382.8083894; F_norm = 10.42449911
Step = 994; E = -382.8118202; F_norm = 10.42570678
Step = 995; E = -382.8152503; F_norm = 10.42692147
Step = 996; E = -382.8186796; F_norm = 10.42814319
Step = 997; E = -382.8221081; F_norm = 10.42937194
Step = 998; E = -382.8255359; F_norm = 10.43060772
Step = 999; E = -382.828963; F_norm = 10.43185055
----Optimized Positions----
2.065112225, 2.065112225, 2.065112225
3.61804533, 2.541082652, 1.046165143
1.046165143, 3.61804533, 2.541082652
2.541082652, 1.046165143, 3.61804533
Optimized Grad
   2.7140  -1.6323  -0.0936  -0.9880
   2.7140  -0.9880  -1.6323  -0.0936
   2.7140  -0.0936  -0.9880  -1.6323

Beginning Vibrational Analysis.
Hessian
   17.9686   -6.6123   -6.6123  -11.7644   -3.5481    7.0998   -4.7558    7.7966    2.7688   -1.4484    2.3637   -3.2563
   -6.6123   17.9686   -6.6123   -3.2563   -1.4484    2.3637    7.0998  -11.7644   -3.5481    2.7688   -4.7558    7.7966
   -6.6123   -6.6123   17.9686    7.7966    2.7688   -4.7558    2.3637   -3.2563   -1.4484   -3.5481    7.0998  -11.7644
  -11.7644   -3.2563    7.7966   11.9914    3.3131   -7.9305   -0.4136   -0.0687    0.2025    0.1866    0.0119   -0.0687
   -3.5481   -1.4484    2.7688    3.3131    1.4037   -2.6277    0.5786    0.1866   -0.3436   -0.3436   -0.1419    0.2025
    7.0998    2.3637   -4.7558   -7.9305   -2.6277    5.3113    0.2521    0.0119   -0.1419    0.5786    0.2521   -0.4136
   -4.7558    7.0998    2.3637   -0.4136    0.5786    0.2521    5.3113   -7.9305   -2.6277   -0.1419    0.2521    0.0119
    7.7966  -11.7644   -3.2563   -0.0687    0.1866    0.0119   -7.9305   11.9914    3.3131    0.2025   -0.4136   -0.0687
    2.7688   -3.5481   -1.4484    0.2025   -0.3436   -0.1419   -2.6277    3.3131    1.4037   -0.3436    0.5786    0.1866
   -1.4484    2.7688   -3.5481    0.1866   -0.3436    0.5786   -0.1419    0.2025   -0.3436    1.4037   -2.6277    3.3131
    2.3637   -4.7558    7.0998    0.0119   -0.1419    0.2521    0.2521   -0.4136    0.5786   -2.6277    5.3113   -7.9305
   -3.2563    7.7966  -11.7644   -0.0687    0.2025   -0.4136    0.0119   -0.0687    0.1866    3.3131   -7.9305   11.9914
Mass Weighted
    1.2828   -0.4721   -0.4721   -3.1312   -0.9443    1.8897   -1.2658    2.0751    0.7369   -0.3855    0.6291   -0.8667
   -0.4721    1.2828   -0.4721   -0.8667   -0.3855    0.6291    1.8897   -3.1312   -0.9443    0.7369   -1.2658    2.0751
   -0.4721   -0.4721    1.2828    2.0751    0.7369   -1.2658    0.6291   -0.8667   -0.3855   -0.9443    1.8897   -3.1312
   -3.1312   -0.8667    2.0751   11.8986    3.2875   -7.8691   -0.4104   -0.0682    0.2010    0.1851    0.0118   -0.0682
   -0.9443   -0.3855    0.7369    3.2875    1.3928   -2.6073    0.5741    0.1851   -0.3409   -0.3409   -0.1408    0.2010
    1.8897    0.6291   -1.2658   -7.8691   -2.6073    5.2702    0.2501    0.0118   -0.1408    0.5741    0.2501   -0.4104
   -1.2658    1.8897    0.6291   -0.4104    0.5741    0.2501    5.2702   -7.8691   -2.6073   -0.1408    0.2501    0.0118
    2.0751   -3.1312   -0.8667   -0.0682    0.1851    0.0118   -7.8691   11.8986    3.2875    0.2010   -0.4104   -0.0682
    0.7369   -0.9443   -0.3855    0.2010   -0.3409   -0.1408   -2.6073    3.2875    1.3928   -0.3409    0.5741    0.1851
   -0.3855    0.7369   -0.9443    0.1851   -0.3409    0.5741   -0.1408    0.2010   -0.3409    1.3928   -2.6073    3.2875
    0.6291   -1.2658    1.8897    0.0118   -0.1408    0.2501    0.2501   -0.4104    0.5741   -2.6073    5.2702   -7.8691
   -0.8667    2.0751   -3.1312   -0.0682    0.2010   -0.4104    0.0118   -0.0682    0.1851    3.2875   -7.8691   11.8986
Force constants
  -5.8732e-01
  -5.8732e-01
  -5.1394e-01
   3.2941e-11
   5.2433e-11
   7.8741e-11
   2.1918e-01
   1.4064e+00
   1.4064e+00
   1.8877e+01
   1.9656e+01
   1.9656e+01
Modes
  -1.3163e-01   5.5599e-02  -4.2054e-11   4.5579e-01   7.7937e-01   8.5498e-02  -2.3199e-01   1.9623e-01  -4.7051e-02  -7.3183e-02   2.3069e-01  -6.3228e-02
   1.7665e-02  -1.4179e-01  -4.1918e-10  -2.1596e-01   2.1986e-01  -8.5293e-01  -2.3199e-01  -5.7368e-02   1.9347e-01  -7.3183e-02  -6.0588e-02   2.3140e-01
   1.1396e-01   8.6195e-02  -2.2197e-10   7.5372e-01  -4.0830e-01  -2.9609e-01  -2.3199e-01  -1.3886e-01  -1.4641e-01  -7.3183e-02  -1.7010e-01  -1.6817e-01
  -2.6640e-01  -1.7435e-01   2.7281e-01   1.2226e-01   2.0905e-01   2.2933e-02   1.7264e-01  -1.8230e-01   3.0453e-01   4.5758e-01  -5.9158e-01  -2.2340e-01
  -4.4561e-01   1.0019e-01  -4.6934e-01  -5.7928e-02   5.8975e-02  -2.2879e-01   2.7505e-01   1.0320e-01  -6.0841e-01   1.3294e-01  -1.8652e-01  -5.4765e-02
  -5.4312e-01  -2.0321e-01   1.9654e-01   2.0217e-01  -1.0952e-01  -7.9422e-02   4.1720e-01  -3.1249e-01   1.4665e-01  -3.1769e-01   3.9114e-01   1.3707e-01
   4.4755e-01  -3.6875e-01   1.9654e-01   1.2226e-01   2.0905e-01   2.2933e-02   4.1720e-01   2.9243e-02  -3.4395e-01  -3.1769e-01  -3.1428e-01   2.7020e-01
   2.8419e-01  -1.4353e-01   2.7281e-01  -5.7928e-02   5.8975e-02  -2.2879e-01   1.7264e-01  -1.7258e-01  -3.1014e-01   4.5758e-01   4.8926e-01  -4.0063e-01
   1.3604e-01  -4.3601e-01  -4.6934e-01   2.0217e-01  -1.0952e-01  -7.9422e-02   2.7505e-01   4.7530e-01   3.9358e-01   1.3294e-01   1.4069e-01  -1.3415e-01
   3.0957e-01   3.3582e-01  -4.6934e-01   1.2226e-01   2.0905e-01   2.2933e-02   2.7505e-01  -5.7850e-01   2.1483e-01   1.3294e-01   4.5832e-02   1.8891e-01
   9.5572e-02   5.7196e-01   1.9654e-01  -5.7928e-02   5.8975e-02  -2.2879e-01   4.1720e-01   2.8325e-01   1.9730e-01  -3.1769e-01  -7.6864e-02  -4.0728e-01
  -1.7789e-02   3.1788e-01   2.7281e-01   2.0217e-01  -1.0952e-01  -7.9422e-02   1.7264e-01   3.5488e-01   5.6117e-03   4.5758e-01   1.0232e-01   6.2403e-01
Frequencies (cm^-1)
            0
            0
            0
            0
            0
            0
   6.0992e+02
   1.5450e+03
   1.5450e+03
   5.6603e+03
   5.7760e+03
   5.7760e+03

