Overlap Grad Matrix:
        0        0        0        0   0.2946  -0.2536        0        0        0        0        0        0   0.2536  -0.1195        0        0        0        0        0        0        0        0   0.2015        0        0        0        0        0        0        0        0   0.2015  -0.2946  -0.2536        0        0        0        0        0        0   0.2536   0.1195        0        0        0        0        0        0        0        0  -0.2015        0        0        0        0        0        0        0        0  -0.2015        0        0        0        0
        0        0        0        0        0        0   0.1409        0        0        0        0        0        0        0   0.2015        0        0        0        0        0  -0.1409   0.2015        0        0        0        0        0        0        0        0        0        0        0        0   0.1409        0        0        0        0        0        0        0  -0.2015        0        0        0        0        0  -0.1409  -0.2015        0        0        0        0        0        0        0        0        0        0        0        0        0        0
        0        0        0        0        0        0        0   0.1409        0        0        0        0        0        0        0   0.2015        0        0        0        0        0        0        0        0        0        0        0        0  -0.1409   0.2015        0        0        0        0        0   0.1409        0        0        0        0        0        0        0  -0.2015        0        0        0        0        0        0        0        0        0        0        0        0  -0.1409  -0.2015        0        0        0        0        0        0
Gamma Grad Matrix:
        0   4.4298  -4.4298        0
        0        0        0        0
        0        0        0        0
Nuclear Repulsion Grad Matrix (V):
   1.8798e+02  -1.8798e+02
            0            0
            0            0
Electron Grad Matrix:
  -1.9763e+02   1.9763e+02
  -4.7403e-15   4.7403e-15
   1.7051e-30  -1.7051e-30
Total Grad Matrix:
  -9.6487e+00   9.6487e+00
  -4.7403e-15   4.7403e-15
   1.7051e-30  -1.7051e-30
Nuclear Repulsion Energy is 429.122 eV.
Electron Energy is -1421.32 eV.
The molecule in file ../input/O2.txt has energy -992.1932326 eV.

Beginning Steepest Descent with Backtracking (Armijo condition) to optimize location.
Step = 0; E = -992.1932326; F_norm = 19.29747362
Step = 1; E = -992.1569538; F_norm = 19.23390172
Step = 2; E = -992.1207884; F_norm = 19.17052319
Step = 3; E = -992.0847362; F_norm = 19.10733757
Step = 4; E = -992.0487967; F_norm = 19.04434435
Step = 5; E = -992.0129697; F_norm = 18.98154307
Step = 6; E = -991.977255; F_norm = 18.91893323
Step = 7; E = -991.9416521; F_norm = 18.85651435
Step = 8; E = -991.9061608; F_norm = 18.79428596
Step = 9; E = -991.8707808; F_norm = 18.73224758
Step = 10; E = -991.8355117; F_norm = 18.67039872
Step = 11; E = -991.8003534; F_norm = 18.6087389
Step = 12; E = -991.7653055; F_norm = 18.54726764
Step = 13; E = -991.7303676; F_norm = 18.48598447
Step = 14; E = -991.6955395; F_norm = 18.42488891
Step = 15; E = -991.6608209; F_norm = 18.36398048
Step = 16; E = -991.6262115; F_norm = 18.30325871
Step = 17; E = -991.5917109; F_norm = 18.24272311
Step = 18; E = -991.557319; F_norm = 18.18237321
Step = 19; E = -991.5230354; F_norm = 18.12220855
Step = 20; E = -991.4888597; F_norm = 18.06222863
Step = 21; E = -991.4547918; F_norm = 18.002433
Step = 22; E = -991.4208313; F_norm = 17.94282117
Step = 23; E = -991.3869779; F_norm = 17.88339267
Step = 24; E = -991.3532313; F_norm = 17.82414704
Step = 25; E = -991.3195912; F_norm = 17.76508379
Step = 26; E = -991.2860574; F_norm = 17.70620247
Step = 27; E = -991.2526295; F_norm = 17.6475026
Step = 28; E = -991.2193073; F_norm = 17.5889837
Step = 29; E = -991.1860904; F_norm = 17.53064532
Step = 30; E = -991.1529786; F_norm = 17.47248698
Step = 31; E = -991.1199715; F_norm = 17.41450822
Step = 32; E = -991.087069; F_norm = 17.35670856
Step = 33; E = -991.0542706; F_norm = 17.29908755
Step = 34; E = -991.0215762; F_norm = 17.24164472
Step = 35; E = -990.9889854; F_norm = 17.18437959
Step = 36; E = -990.9564979; F_norm = 17.12729172
Step = 37; E = -990.9241134; F_norm = 17.07038063
Step = 38; E = -990.8918317; F_norm = 17.01364585
Step = 39; E = -990.8596525; F_norm = 16.95708694
Step = 40; E = -990.8275755; F_norm = 16.90070343
Step = 41; E = -990.7956003; F_norm = 16.84449484
Step = 42; E = -990.7637268; F_norm = 16.78846074
Step = 43; E = -990.7319546; F_norm = 16.73260065
Step = 44; E = -990.7002835; F_norm = 16.67691412
Step = 45; E = -990.6687131; F_norm = 16.62140068
Step = 46; E = -990.6372433; F_norm = 16.56605989
Step = 47; E = -990.6058736; F_norm = 16.51089128
Step = 48; E = -990.5746038; F_norm = 16.4558944
Step = 49; E = -990.5434337; F_norm = 16.40106878
Step = 50; E = -990.5123629; F_norm = 16.34641399
Step = 51; E = -990.4813913; F_norm = 16.29192956
Step = 52; E = -990.4505184; F_norm = 16.23761504
Step = 53; E = -990.419744; F_norm = 16.18346997
Step = 54; E = -990.3890679; F_norm = 16.12949391
Step = 55; E = -990.3584898; F_norm = 16.0756864
Step = 56; E = -990.3280093; F_norm = 16.02204699
Step = 57; E = -990.2976262; F_norm = 15.96857523
Step = 58; E = -990.2673403; F_norm = 15.91527068
Step = 59; E = -990.2371513; F_norm = 15.86213288
Step = 60; E = -990.2070588; F_norm = 15.80916138
Step = 61; E = -990.1770627; F_norm = 15.75635575
Step = 62; E = -990.1471626; F_norm = 15.70371553
Step = 63; E = -990.1173582; F_norm = 15.65124027
Step = 64; E = -990.0876494; F_norm = 15.59892954
Step = 65; E = -990.0580358; F_norm = 15.54678288
Step = 66; E = -990.0285171; F_norm = 15.49479986
Step = 67; E = -989.9990931; F_norm = 15.44298003
Step = 68; E = -989.9697635; F_norm = 15.39132295
Step = 69; E = -989.9405281; F_norm = 15.33982817
Step = 70; E = -989.9113865; F_norm = 15.28849527
Step = 71; E = -989.8823385; F_norm = 15.23732378
Step = 72; E = -989.8533839; F_norm = 15.18631329
Step = 73; E = -989.8245223; F_norm = 15.13546335
Step = 74; E = -989.7957535; F_norm = 15.08477352
Step = 75; E = -989.7670772; F_norm = 15.03424336
Step = 76; E = -989.7384933; F_norm = 14.98387245
Step = 77; E = -989.7100013; F_norm = 14.93366033
Step = 78; E = -989.681601; F_norm = 14.88360659
Step = 79; E = -989.6532923; F_norm = 14.83371078
Step = 80; E = -989.6250747; F_norm = 14.78397247
Step = 81; E = -989.5969481; F_norm = 14.73439124
Step = 82; E = -989.5689121; F_norm = 14.68496664
Step = 83; E = -989.5409666; F_norm = 14.63569824
Step = 84; E = -989.5131112; F_norm = 14.58658563
Step = 85; E = -989.4853458; F_norm = 14.53762836
Step = 86; E = -989.4576699; F_norm = 14.48882601
Step = 87; E = -989.4300835; F_norm = 14.44017815
Step = 88; E = -989.4025861; F_norm = 14.39168435
Step = 89; E = -989.3751776; F_norm = 14.3433442
Step = 90; E = -989.3478578; F_norm = 14.29515725
Step = 91; E = -989.3206262; F_norm = 14.24712309
Step = 92; E = -989.2934828; F_norm = 14.1992413
Step = 93; E = -989.2664272; F_norm = 14.15151145
Step = 94; E = -989.2394591; F_norm = 14.10393311
Step = 95; E = -989.2125784; F_norm = 14.05650587
Step = 96; E = -989.1857847; F_norm = 14.00922931
Step = 97; E = -989.1590779; F_norm = 13.962103
Step = 98; E = -989.1324576; F_norm = 13.91512652
Step = 99; E = -989.1059236; F_norm = 13.86829947
Step = 100; E = -989.0794757; F_norm = 13.82162141
Step = 101; E = -989.0531135; F_norm = 13.77509194
Step = 102; E = -989.0268369; F_norm = 13.72871063
Step = 103; E = -989.0006456; F_norm = 13.68247708
Step = 104; E = -988.9745393; F_norm = 13.63639086
Step = 105; E = -988.9485179; F_norm = 13.59045157
Step = 106; E = -988.922581; F_norm = 13.54465878
Step = 107; E = -988.8967284; F_norm = 13.49901209
Step = 108; E = -988.8709598; F_norm = 13.45351109
Step = 109; E = -988.845275; F_norm = 13.40815537
Step = 110; E = -988.8196738; F_norm = 13.36294451
Step = 111; E = -988.7941559; F_norm = 13.31787811
Step = 112; E = -988.7687211; F_norm = 13.27295575
Step = 113; E = -988.743369; F_norm = 13.22817704
Step = 114; E = -988.7180996; F_norm = 13.18354156
Step = 115; E = -988.6929125; F_norm = 13.13904891
Step = 116; E = -988.6678074; F_norm = 13.09469869
Step = 117; E = -988.6427842; F_norm = 13.05049048
Step = 118; E = -988.6178426; F_norm = 13.00642389
Step = 119; E = -988.5929824; F_norm = 12.96249852
Step = 120; E = -988.5682033; F_norm = 12.91871395
Step = 121; E = -988.543505; F_norm = 12.8750698
Step = 122; E = -988.5188874; F_norm = 12.83156566
Step = 123; E = -988.4943502; F_norm = 12.78820112
Step = 124; E = -988.4698931; F_norm = 12.7449758
Step = 125; E = -988.445516; F_norm = 12.7018893
Step = 126; E = -988.4212185; F_norm = 12.65894121
Step = 127; E = -988.3970005; F_norm = 12.61613114
Step = 128; E = -988.3728617; F_norm = 12.5734587
Step = 129; E = -988.3488018; F_norm = 12.53092349
Step = 130; E = -988.3248207; F_norm = 12.48852512
Step = 131; E = -988.3009181; F_norm = 12.4462632
Step = 132; E = -988.2770937; F_norm = 12.40413733
Step = 133; E = -988.2533474; F_norm = 12.36214711
Step = 134; E = -988.2296788; F_norm = 12.32029217
Step = 135; E = -988.2060879; F_norm = 12.27857211
Step = 136; E = -988.1825742; F_norm = 12.23698655
Step = 137; E = -988.1591377; F_norm = 12.19553509
Step = 138; E = -988.135778; F_norm = 12.15421734
Step = 139; E = -988.1124949; F_norm = 12.11303293
Step = 140; E = -988.0892883; F_norm = 12.07198146
Step = 141; E = -988.0661578; F_norm = 12.03106255
Step = 142; E = -988.0431033; F_norm = 11.99027582
Step = 143; E = -988.0201244; F_norm = 11.94962088
Step = 144; E = -987.9972211; F_norm = 11.90909735
Step = 145; E = -987.9743931; F_norm = 11.86870485
Step = 146; E = -987.95164; F_norm = 11.828443
Step = 147; E = -987.9289618; F_norm = 11.78831142
Step = 148; E = -987.9063582; F_norm = 11.74830973
Step = 149; E = -987.8838289; F_norm = 11.70843755
Step = 150; E = -987.8613737; F_norm = 11.6686945
Step = 151; E = -987.8389925; F_norm = 11.62908022
Step = 152; E = -987.8166849; F_norm = 11.58959431
Step = 153; E = -987.7944508; F_norm = 11.55023641
Step = 154; E = -987.7722899; F_norm = 11.51100614
Step = 155; E = -987.7502021; F_norm = 11.47190313
Step = 156; E = -987.728187; F_norm = 11.43292701
Step = 157; E = -987.7062445; F_norm = 11.39407741
Step = 158; E = -987.6843744; F_norm = 11.35535394
Step = 159; E = -987.6625764; F_norm = 11.31675626
Step = 160; E = -987.6408503; F_norm = 11.27828397
Step = 161; E = -987.6191959; F_norm = 11.23993673
Step = 162; E = -987.597613; F_norm = 11.20171415
Step = 163; E = -987.5761013; F_norm = 11.16361587
Step = 164; E = -987.5546607; F_norm = 11.12564153
Step = 165; E = -987.5332909; F_norm = 11.08779076
Step = 166; E = -987.5119917; F_norm = 11.0500632
Step = 167; E = -987.4907629; F_norm = 11.01245848
Step = 168; E = -987.4696042; F_norm = 10.97497624
Step = 169; E = -987.4485156; F_norm = 10.93761613
Step = 170; E = -987.4274967; F_norm = 10.90037776
Step = 171; E = -987.4065473; F_norm = 10.8632608
Step = 172; E = -987.3856672; F_norm = 10.82626487
Step = 173; E = -987.3648563; F_norm = 10.78938962
Step = 174; E = -987.3441142; F_norm = 10.7526347
Step = 175; E = -987.3234409; F_norm = 10.71599974
Step = 176; E = -987.302836; F_norm = 10.67948438
Step = 177; E = -987.2822994; F_norm = 10.64308829
Step = 178; E = -987.2618308; F_norm = 10.60681109
Step = 179; E = -987.2414301; F_norm = 10.57065243
Step = 180; E = -987.221097; F_norm = 10.53461197
Step = 181; E = -987.2008313; F_norm = 10.49868934
Step = 182; E = -987.1806329; F_norm = 10.46288421
Step = 183; E = -987.1605015; F_norm = 10.42719621
Step = 184; E = -987.1404369; F_norm = 10.39162501
Step = 185; E = -987.1204389; F_norm = 10.35617024
Step = 186; E = -987.1005073; F_norm = 10.32083157
Step = 187; E = -987.0806419; F_norm = 10.28560864
Step = 188; E = -987.0608425; F_norm = 10.25050111
Step = 189; E = -987.0411088; F_norm = 10.21550863
Step = 190; E = -987.0214408; F_norm = 10.18063087
Step = 191; E = -987.0018381; F_norm = 10.14586746
Step = 192; E = -986.9823006; F_norm = 10.11121808
Step = 193; E = -986.9628281; F_norm = 10.07668238
Step = 194; E = -986.9434203; F_norm = 10.04226001
Step = 195; E = -986.9240771; F_norm = 10.00795065
Step = 196; E = -986.9047983; F_norm = 9.973753939
Step = 197; E = -986.8855837; F_norm = 9.939669548
Step = 198; E = -986.866433; F_norm = 9.905697137
Step = 199; E = -986.8473461; F_norm = 9.87183637
Step = 200; E = -986.8283228; F_norm = 9.838086909
Step = 201; E = -986.8093628; F_norm = 9.804448419
Step = 202; E = -986.7904661; F_norm = 9.770920564
Step = 203; E = -986.7716323; F_norm = 9.737503011
Step = 204; E = -986.7528613; F_norm = 9.704195426
Step = 205; E = -986.734153; F_norm = 9.670997476
Step = 206; E = -986.715507; F_norm = 9.637908831
Step = 207; E = -986.6969232; F_norm = 9.604929158
Step = 208; E = -986.6784014; F_norm = 9.572058128
Step = 209; E = -986.6599414; F_norm = 9.539295412
Step = 210; E = -986.6415431; F_norm = 9.506640681
Step = 211; E = -986.6232062; F_norm = 9.474093608
Step = 212; E = -986.6049305; F_norm = 9.441653865
Step = 213; E = -986.5867159; F_norm = 9.409321126
Step = 214; E = -986.5685622; F_norm = 9.377095066
Step = 215; E = -986.5504691; F_norm = 9.344975361
Step = 216; E = -986.5324365; F_norm = 9.312961687
Step = 217; E = -986.5144641; F_norm = 9.281053721
Step = 218; E = -986.4965519; F_norm = 9.24925114
Step = 219; E = -986.4786996; F_norm = 9.217553625
Step = 220; E = -986.460907; F_norm = 9.185960853
Step = 221; E = -986.4431739; F_norm = 9.154472506
Step = 222; E = -986.4255002; F_norm = 9.123088264
Step = 223; E = -986.4078856; F_norm = 9.09180781
Step = 224; E = -986.3903301; F_norm = 9.060630826
Step = 225; E = -986.3728333; F_norm = 9.029556996
Step = 226; E = -986.3553951; F_norm = 8.998586003
Step = 227; E = -986.3380153; F_norm = 8.967717534
Step = 228; E = -986.3206938; F_norm = 8.936951273
Step = 229; E = -986.3034303; F_norm = 8.906286907
Step = 230; E = -986.2862247; F_norm = 8.875724125
Step = 231; E = -986.2690768; F_norm = 8.845262613
Step = 232; E = -986.2519864; F_norm = 8.814902062
Step = 233; E = -986.2349533; F_norm = 8.784642161
Step = 234; E = -986.2179774; F_norm = 8.7544826
Step = 235; E = -986.2010584; F_norm = 8.724423071
Step = 236; E = -986.1841962; F_norm = 8.694463266
Step = 237; E = -986.1673907; F_norm = 8.664602878
Step = 238; E = -986.1506415; F_norm = 8.634841601
Step = 239; E = -986.1339486; F_norm = 8.605179129
Step = 240; E = -986.1173118; F_norm = 8.575615158
Step = 241; E = -986.1007308; F_norm = 8.546149383
Step = 242; E = -986.0842056; F_norm = 8.516781502
Step = 243; E = -986.0677359; F_norm = 8.487511212
Step = 244; E = -986.0513216; F_norm = 8.458338212
Step = 245; E = -986.0349624; F_norm = 8.4292622
Step = 246; E = -986.0186583; F_norm = 8.400282877
Step = 247; E = -986.002409; F_norm = 8.371399944
Step = 248; E = -985.9862144; F_norm = 8.342613101
Step = 249; E = -985.9700742; F_norm = 8.313922052
Step = 250; E = -985.9539884; F_norm = 8.285326499
Step = 251; E = -985.9379567; F_norm = 8.256826146
Step = 252; E = -985.921979; F_norm = 8.228420698
Step = 253; E = -985.9060551; F_norm = 8.20010986
Step = 254; E = -985.8901848; F_norm = 8.171893338
Step = 255; E = -985.874368; F_norm = 8.14377084
Step = 256; E = -985.8586045; F_norm = 8.115742073
Step = 257; E = -985.842894; F_norm = 8.087806744
Step = 258; E = -985.8272366; F_norm = 8.059964565
Step = 259; E = -985.8116319; F_norm = 8.032215243
Step = 260; E = -985.7960798; F_norm = 8.004558492
Step = 261; E = -985.7805802; F_norm = 7.97699402
Step = 262; E = -985.7651329; F_norm = 7.949521542
Step = 263; E = -985.7497376; F_norm = 7.92214077
Step = 264; E = -985.7343943; F_norm = 7.894851417
Step = 265; E = -985.7191028; F_norm = 7.867653199
Step = 266; E = -985.7038629; F_norm = 7.840545831
Step = 267; E = -985.6886744; F_norm = 7.813529028
Step = 268; E = -985.6735373; F_norm = 7.786602507
Step = 269; E = -985.6584512; F_norm = 7.759765987
Step = 270; E = -985.6434161; F_norm = 7.733019185
Step = 271; E = -985.6284318; F_norm = 7.70636182
Step = 272; E = -985.6134981; F_norm = 7.679793612
Step = 273; E = -985.5986149; F_norm = 7.653314283
Step = 274; E = -985.583782; F_norm = 7.626923552
Step = 275; E = -985.5689992; F_norm = 7.600621142
Step = 276; E = -985.5542664; F_norm = 7.574406776
Step = 277; E = -985.5395834; F_norm = 7.548280177
Step = 278; E = -985.5249501; F_norm = 7.52224107
Step = 279; E = -985.5103663; F_norm = 7.49628918
Step = 280; E = -985.4958319; F_norm = 7.470424232
Step = 281; E = -985.4813466; F_norm = 7.444645953
Step = 282; E = -985.4669103; F_norm = 7.418954071
Step = 283; E = -985.452523; F_norm = 7.393348312
Step = 284; E = -985.4381843; F_norm = 7.367828407
Step = 285; E = -985.4238942; F_norm = 7.342394084
Step = 286; E = -985.4096525; F_norm = 7.317045073
Step = 287; E = -985.395459; F_norm = 7.291781106
Step = 288; E = -985.3813136; F_norm = 7.266601914
Step = 289; E = -985.3672162; F_norm = 7.241507229
Step = 290; E = -985.3531665; F_norm = 7.216496785
Step = 291; E = -985.3391644; F_norm = 7.191570315
Step = 292; E = -985.3252099; F_norm = 7.166727555
Step = 293; E = -985.3113026; F_norm = 7.141968238
Step = 294; E = -985.2974425; F_norm = 7.117292102
Step = 295; E = -985.2836294; F_norm = 7.092698883
Step = 296; E = -985.2698632; F_norm = 7.068188319
Step = 297; E = -985.2561437; F_norm = 7.043760147
Step = 298; E = -985.2424707; F_norm = 7.019414106
Step = 299; E = -985.2288441; F_norm = 6.995149937
Step = 300; E = -985.2152638; F_norm = 6.97096738
Step = 301; E = -985.2017296; F_norm = 6.946866175
Step = 302; E = -985.1882414; F_norm = 6.922846064
Step = 303; E = -985.1747989; F_norm = 6.898906791
Step = 304; E = -985.1614022; F_norm = 6.875048097
Step = 305; E = -985.1480509; F_norm = 6.851269727
Step = 306; E = -985.134745; F_norm = 6.827571426
Step = 307; E = -985.1214843; F_norm = 6.803952939
Step = 308; E = -985.1082687; F_norm = 6.780414011
Step = 309; E = -985.095098; F_norm = 6.75695439
Step = 310; E = -985.0819721; F_norm = 6.733573824
Step = 311; E = -985.0688909; F_norm = 6.710272059
Step = 312; E = -985.0558541; F_norm = 6.687048846
Step = 313; E = -985.0428616; F_norm = 6.663903933
Step = 314; E = -985.0299134; F_norm = 6.640837072
Step = 315; E = -985.0170092; F_norm = 6.617848012
Step = 316; E = -985.0041489; F_norm = 6.594936505
Step = 317; E = -984.9913324; F_norm = 6.572102305
Step = 318; E = -984.9785595; F_norm = 6.549345163
Step = 319; E = -984.9658301; F_norm = 6.526664834
Step = 320; E = -984.9531441; F_norm = 6.504061072
Step = 321; E = -984.9405012; F_norm = 6.481533632
Step = 322; E = -984.9279014; F_norm = 6.45908227
Step = 323; E = -984.9153445; F_norm = 6.436706742
Step = 324; E = -984.9028305; F_norm = 6.414406806
Step = 325; E = -984.890359; F_norm = 6.39218222
Step = 326; E = -984.8779301; F_norm = 6.370032741
Step = 327; E = -984.8655435; F_norm = 6.34795813
Step = 328; E = -984.8531991; F_norm = 6.325958146
Step = 329; E = -984.8408968; F_norm = 6.30403255
Step = 330; E = -984.8286365; F_norm = 6.282181103
Step = 331; E = -984.816418; F_norm = 6.260403567
Step = 332; E = -984.8042412; F_norm = 6.238699704
Step = 333; E = -984.7921059; F_norm = 6.217069279
Step = 334; E = -984.780012; F_norm = 6.195512054
Step = 335; E = -984.7679593; F_norm = 6.174027795
Step = 336; E = -984.7559479; F_norm = 6.152616267
Step = 337; E = -984.7439774; F_norm = 6.131277236
Step = 338; E = -984.7320477; F_norm = 6.110010468
Step = 339; E = -984.7201588; F_norm = 6.088815731
Step = 340; E = -984.7083105; F_norm = 6.067692793
Step = 341; E = -984.6965027; F_norm = 6.046641423
Step = 342; E = -984.6847352; F_norm = 6.025661389
Step = 343; E = -984.6730079; F_norm = 6.004752463
Step = 344; E = -984.6613206; F_norm = 5.983914413
Step = 345; E = -984.6496733; F_norm = 5.963147013
Step = 346; E = -984.6380658; F_norm = 5.942450033
Step = 347; E = -984.626498; F_norm = 5.921823247
Step = 348; E = -984.6149697; F_norm = 5.901266428
Step = 349; E = -984.6034808; F_norm = 5.880779349
Step = 350; E = -984.5920312; F_norm = 5.860361785
Step = 351; E = -984.5806208; F_norm = 5.840013512
Step = 352; E = -984.5692494; F_norm = 5.819734305
Step = 353; E = -984.5579169; F_norm = 5.799523941
Step = 354; E = -984.5466231; F_norm = 5.779382197
Step = 355; E = -984.535368; F_norm = 5.75930885
Step = 356; E = -984.5241515; F_norm = 5.73930368
Step = 357; E = -984.5129733; F_norm = 5.719366466
Step = 358; E = -984.5018333; F_norm = 5.699496987
Step = 359; E = -984.4907315; F_norm = 5.679695023
Step = 360; E = -984.4796677; F_norm = 5.659960356
Step = 361; E = -984.4686418; F_norm = 5.640292767
Step = 362; E = -984.4576537; F_norm = 5.620692039
Step = 363; E = -984.4467032; F_norm = 5.601157954
Step = 364; E = -984.4357902; F_norm = 5.581690297
Step = 365; E = -984.4249146; F_norm = 5.562288851
Step = 366; E = -984.4140762; F_norm = 5.542953401
Step = 367; E = -984.403275; F_norm = 5.523683733
Step = 368; E = -984.3925108; F_norm = 5.504479633
Step = 369; E = -984.3817835; F_norm = 5.485340887
Step = 370; E = -984.371093; F_norm = 5.466267283
Step = 371; E = -984.3604392; F_norm = 5.447258609
Step = 372; E = -984.3498218; F_norm = 5.428314654
Step = 373; E = -984.3392409; F_norm = 5.409435206
Step = 374; E = -984.3286963; F_norm = 5.390620056
Step = 375; E = -984.3181878; F_norm = 5.371868993
Step = 376; E = -984.3077154; F_norm = 5.35318181
Step = 377; E = -984.2972789; F_norm = 5.334558298
Step = 378; E = -984.2868782; F_norm = 5.315998248
Step = 379; E = -984.2765133; F_norm = 5.297501455
Step = 380; E = -984.2661839; F_norm = 5.279067711
Step = 381; E = -984.2558899; F_norm = 5.260696811
Step = 382; E = -984.2456313; F_norm = 5.24238855
Step = 383; E = -984.235408; F_norm = 5.224142722
Step = 384; E = -984.2252197; F_norm = 5.205959124
Step = 385; E = -984.2150664; F_norm = 5.187837553
Step = 386; E = -984.204948; F_norm = 5.169777805
Step = 387; E = -984.1948643; F_norm = 5.151779679
Step = 388; E = -984.1848153; F_norm = 5.133842972
Step = 389; E = -984.1748008; F_norm = 5.115967484
Step = 390; E = -984.1648208; F_norm = 5.098153014
Step = 391; E = -984.154875; F_norm = 5.080399363
Step = 392; E = -984.1449634; F_norm = 5.062706332
Step = 393; E = -984.1350859; F_norm = 5.04507372
Step = 394; E = -984.1252423; F_norm = 5.027501332
Step = 395; E = -984.1154326; F_norm = 5.009988968
Step = 396; E = -984.1056567; F_norm = 4.992536433
Step = 397; E = -984.0959143; F_norm = 4.975143531
Step = 398; E = -984.0862054; F_norm = 4.957810064
Step = 399; E = -984.07653; F_norm = 4.940535839
Step = 400; E = -984.0668878; F_norm = 4.92332066
Step = 401; E = -984.0572788; F_norm = 4.906164335
Step = 402; E = -984.0477029; F_norm = 4.889066669
Step = 403; E = -984.0381599; F_norm = 4.872027469
Step = 404; E = -984.0286498; F_norm = 4.855046545
Step = 405; E = -984.0191724; F_norm = 4.838123703
Step = 406; E = -984.0097276; F_norm = 4.821258753
Step = 407; E = -984.0003154; F_norm = 4.804451505
Step = 408; E = -983.9909355; F_norm = 4.787701769
Step = 409; E = -983.981588; F_norm = 4.771009355
Step = 410; E = -983.9722726; F_norm = 4.754374074
Step = 411; E = -983.9629894; F_norm = 4.737795739
Step = 412; E = -983.9537381; F_norm = 4.721274162
Step = 413; E = -983.9445187; F_norm = 4.704809155
Step = 414; E = -983.935331; F_norm = 4.688400533
Step = 415; E = -983.926175; F_norm = 4.67204811
Step = 416; E = -983.9170506; F_norm = 4.655751699
Step = 417; E = -983.9079576; F_norm = 4.639511117
Step = 418; E = -983.898896; F_norm = 4.623326179
Step = 419; E = -983.8898656; F_norm = 4.607196702
Step = 420; E = -983.8808663; F_norm = 4.591122501
Step = 421; E = -983.871898; F_norm = 4.575103396
Step = 422; E = -983.8629607; F_norm = 4.559139204
Step = 423; E = -983.8540542; F_norm = 4.543229743
Step = 424; E = -983.8451784; F_norm = 4.527374833
Step = 425; E = -983.8363333; F_norm = 4.511574293
Step = 426; E = -983.8275186; F_norm = 4.495827943
Step = 427; E = -983.8187344; F_norm = 4.480135605
Step = 428; E = -983.8099805; F_norm = 4.464497099
Step = 429; E = -983.8012568; F_norm = 4.448912248
Step = 430; E = -983.7925631; F_norm = 4.433380873
Step = 431; E = -983.7838995; F_norm = 4.417902798
Step = 432; E = -983.7752658; F_norm = 4.402477847
Step = 433; E = -983.7666619; F_norm = 4.387105843
Step = 434; E = -983.7580878; F_norm = 4.37178661
Step = 435; E = -983.7495432; F_norm = 4.356519975
Step = 436; E = -983.7410281; F_norm = 4.341305762
Step = 437; E = -983.7325424; F_norm = 4.326143798
Step = 438; E = -983.7240861; F_norm = 4.31103391
Step = 439; E = -983.7156589; F_norm = 4.295975924
Step = 440; E = -983.7072609; F_norm = 4.280969669
Step = 441; E = -983.6988919; F_norm = 4.266014972
Step = 442; E = -983.6905517; F_norm = 4.251111664
Step = 443; E = -983.6822405; F_norm = 4.236259572
Step = 444; E = -983.6739579; F_norm = 4.221458527
Step = 445; E = -983.665704; F_norm = 4.20670836
Step = 446; E = -983.6574786; F_norm = 4.1920089
Step = 447; E = -983.6492816; F_norm = 4.177359981
Step = 448; E = -983.6411129; F_norm = 4.162761433
Step = 449; E = -983.6329726; F_norm = 4.148213089
Step = 450; E = -983.6248603; F_norm = 4.133714782
Step = 451; E = -983.6167761; F_norm = 4.119266346
Step = 452; E = -983.6087199; F_norm = 4.104867615
Step = 453; E = -983.6006915; F_norm = 4.090518423
Step = 454; E = -983.5926909; F_norm = 4.076218605
Step = 455; E = -983.584718; F_norm = 4.061967998
Step = 456; E = -983.5767727; F_norm = 4.047766436
Step = 457; E = -983.5688549; F_norm = 4.033613757
Step = 458; E = -983.5609644; F_norm = 4.019509797
Step = 459; E = -983.5531013; F_norm = 4.005454395
Step = 460; E = -983.5452654; F_norm = 3.991447388
Step = 461; E = -983.5374566; F_norm = 3.977488616
Step = 462; E = -983.5296748; F_norm = 3.963577916
Step = 463; E = -983.52192; F_norm = 3.949715129
Step = 464; E = -983.514192; F_norm = 3.935900095
Step = 465; E = -983.5064908; F_norm = 3.922132654
Step = 466; E = -983.4988163; F_norm = 3.908412648
Step = 467; E = -983.4911683; F_norm = 3.894739919
Step = 468; E = -983.4835468; F_norm = 3.881114307
Step = 469; E = -983.4759517; F_norm = 3.867535656
Step = 470; E = -983.468383; F_norm = 3.85400381
Step = 471; E = -983.4608404; F_norm = 3.840518611
Step = 472; E = -983.453324; F_norm = 3.827079903
Step = 473; E = -983.4458336; F_norm = 3.813687531
Step = 474; E = -983.4383692; F_norm = 3.800341341
Step = 475; E = -983.4309307; F_norm = 3.787041178
Step = 476; E = -983.4235179; F_norm = 3.773786887
Step = 477; E = -983.4161309; F_norm = 3.760578315
Step = 478; E = -983.4087694; F_norm = 3.747415309
Step = 479; E = -983.4014335; F_norm = 3.734297717
Step = 480; E = -983.394123; F_norm = 3.721225387
Step = 481; E = -983.3868378; F_norm = 3.708198166
Step = 482; E = -983.3795779; F_norm = 3.695215904
Step = 483; E = -983.3723432; F_norm = 3.68227845
Step = 484; E = -983.3651336; F_norm = 3.669385654
Step = 485; E = -983.357949; F_norm = 3.656537367
Step = 486; E = -983.3507893; F_norm = 3.643733438
Step = 487; E = -983.3436544; F_norm = 3.63097372
Step = 488; E = -983.3365443; F_norm = 3.618258064
Step = 489; E = -983.3294589; F_norm = 3.605586321
Step = 490; E = -983.322398; F_norm = 3.592958346
Step = 491; E = -983.3153617; F_norm = 3.58037399
Step = 492; E = -983.3083498; F_norm = 3.567833108
Step = 493; E = -983.3013622; F_norm = 3.555335554
Step = 494; E = -983.2943988; F_norm = 3.542881181
Step = 495; E = -983.2874597; F_norm = 3.530469845
Step = 496; E = -983.2805446; F_norm = 3.518101402
Step = 497; E = -983.2736535; F_norm = 3.505775706
Step = 498; E = -983.2667864; F_norm = 3.493492616
Step = 499; E = -983.2599431; F_norm = 3.481251986
Step = 500; E = -983.2531236; F_norm = 3.469053675
Step = 501; E = -983.2463278; F_norm = 3.45689754
Step = 502; E = -983.2395555; F_norm = 3.444783439
Step = 503; E = -983.2328068; F_norm = 3.432711232
Step = 504; E = -983.2260816; F_norm = 3.420680776
Step = 505; E = -983.2193796; F_norm = 3.408691932
Step = 506; E = -983.212701; F_norm = 3.396744559
Step = 507; E = -983.2060456; F_norm = 3.384838517
Step = 508; E = -983.1994133; F_norm = 3.372973668
Step = 509; E = -983.1928041; F_norm = 3.361149873
Step = 510; E = -983.1862178; F_norm = 3.349366993
Step = 511; E = -983.1796545; F_norm = 3.337624891
Step = 512; E = -983.1731139; F_norm = 3.325923429
Step = 513; E = -983.1665961; F_norm = 3.31426247
Step = 514; E = -983.1601009; F_norm = 3.302641878
Step = 515; E = -983.1536283; F_norm = 3.291061516
Step = 516; E = -983.1471783; F_norm = 3.279521249
Step = 517; E = -983.1407506; F_norm = 3.268020941
Step = 518; E = -983.1343453; F_norm = 3.256560459
Step = 519; E = -983.1279623; F_norm = 3.245139666
Step = 520; E = -983.1216015; F_norm = 3.23375843
Step = 521; E = -983.1152628; F_norm = 3.222416617
Step = 522; E = -983.1089461; F_norm = 3.211114093
Step = 523; E = -983.1026515; F_norm = 3.199850726
Step = 524; E = -983.0963787; F_norm = 3.188626385
Step = 525; E = -983.0901277; F_norm = 3.177440936
Step = 526; E = -983.0838985; F_norm = 3.166294248
Step = 527; E = -983.077691; F_norm = 3.155186191
Step = 528; E = -983.0715051; F_norm = 3.144116634
Step = 529; E = -983.0653407; F_norm = 3.133085447
Step = 530; E = -983.0591978; F_norm = 3.1220925
Step = 531; E = -983.0530762; F_norm = 3.111137664
Step = 532; E = -983.046976; F_norm = 3.100220809
Step = 533; E = -983.040897; F_norm = 3.089341808
Step = 534; E = -983.0348391; F_norm = 3.078500532
Step = 535; E = -983.0288024; F_norm = 3.067696853
Step = 536; E = -983.0227867; F_norm = 3.056930645
Step = 537; E = -983.0167919; F_norm = 3.046201781
Step = 538; E = -983.010818; F_norm = 3.035510133
Step = 539; E = -983.0048649; F_norm = 3.024855576
Step = 540; E = -982.9989325; F_norm = 3.014237985
Step = 541; E = -982.9930208; F_norm = 3.003657234
Step = 542; E = -982.9871297; F_norm = 2.993113198
Step = 543; E = -982.9812591; F_norm = 2.982605753
Step = 544; E = -982.975409; F_norm = 2.972134774
Step = 545; E = -982.9695792; F_norm = 2.961700139
Step = 546; E = -982.9637698; F_norm = 2.951301724
Step = 547; E = -982.9579806; F_norm = 2.940939407
Step = 548; E = -982.9522116; F_norm = 2.930613063
Step = 549; E = -982.9464627; F_norm = 2.920322573
Step = 550; E = -982.9407338; F_norm = 2.910067814
Step = 551; E = -982.9350249; F_norm = 2.899848664
Step = 552; E = -982.9293359; F_norm = 2.889665003
Step = 553; E = -982.9236667; F_norm = 2.879516711
Step = 554; E = -982.9180173; F_norm = 2.869403668
Step = 555; E = -982.9123875; F_norm = 2.859325753
Step = 556; E = -982.9067775; F_norm = 2.849282847
Step = 557; E = -982.9011869; F_norm = 2.839274832
Step = 558; E = -982.8956159; F_norm = 2.829301589
Step = 559; E = -982.8900643; F_norm = 2.819363
Step = 560; E = -982.884532; F_norm = 2.809458947
Step = 561; E = -982.8790191; F_norm = 2.799589312
Step = 562; E = -982.8735254; F_norm = 2.789753979
Step = 563; E = -982.8680508; F_norm = 2.779952832
Step = 564; E = -982.8625954; F_norm = 2.770185753
Step = 565; E = -982.8571589; F_norm = 2.760452627
Step = 566; E = -982.8517415; F_norm = 2.750753338
Step = 567; E = -982.8463429; F_norm = 2.741087772
Step = 568; E = -982.8409632; F_norm = 2.731455814
Step = 569; E = -982.8356022; F_norm = 2.721857348
Step = 570; E = -982.83026; F_norm = 2.712292262
Step = 571; E = -982.8249364; F_norm = 2.702760442
Step = 572; E = -982.8196314; F_norm = 2.693261774
Step = 573; E = -982.8143449; F_norm = 2.683796145
Step = 574; E = -982.8090769; F_norm = 2.674363444
Step = 575; E = -982.8038272; F_norm = 2.664963557
Step = 576; E = -982.7985959; F_norm = 2.655596373
Step = 577; E = -982.7933828; F_norm = 2.646261781
Step = 578; E = -982.7881879; F_norm = 2.636959669
Step = 579; E = -982.7830112; F_norm = 2.627689928
Step = 580; E = -982.7778526; F_norm = 2.618452445
Step = 581; E = -982.7727119; F_norm = 2.609247112
Step = 582; E = -982.7675892; F_norm = 2.60007382
Step = 583; E = -982.7624844; F_norm = 2.590932457
Step = 584; E = -982.7573975; F_norm = 2.581822917
Step = 585; E = -982.7523283; F_norm = 2.572745089
Step = 586; E = -982.7472768; F_norm = 2.563698867
Step = 587; E = -982.7422429; F_norm = 2.554684142
Step = 588; E = -982.7372267; F_norm = 2.545700806
Step = 589; E = -982.732228; F_norm = 2.536748753
Step = 590; E = -982.7272467; F_norm = 2.527827876
Step = 591; E = -982.7222828; F_norm = 2.518938068
Step = 592; E = -982.7173363; F_norm = 2.510079223
Step = 593; E = -982.7124071; F_norm = 2.501251236
Step = 594; E = -982.7074951; F_norm = 2.492454001
Step = 595; E = -982.7026002; F_norm = 2.483687413
Step = 596; E = -982.6977225; F_norm = 2.474951367
Step = 597; E = -982.6928618; F_norm = 2.466245759
Step = 598; E = -982.6880181; F_norm = 2.457570485
Step = 599; E = -982.6831914; F_norm = 2.448925442
Step = 600; E = -982.6783815; F_norm = 2.440310525
Step = 601; E = -982.6735884; F_norm = 2.431725633
Step = 602; E = -982.6688121; F_norm = 2.423170661
Step = 603; E = -982.6640525; F_norm = 2.414645509
Step = 604; E = -982.6593095; F_norm = 2.406150073
Step = 605; E = -982.6545831; F_norm = 2.397684253
Step = 606; E = -982.6498733; F_norm = 2.389247947
Step = 607; E = -982.6451799; F_norm = 2.380841054
Step = 608; E = -982.6405029; F_norm = 2.372463473
Step = 609; E = -982.6358423; F_norm = 2.364115104
Step = 610; E = -982.631198; F_norm = 2.355795848
Step = 611; E = -982.6265699; F_norm = 2.347505603
Step = 612; E = -982.621958; F_norm = 2.339244272
Step = 613; E = -982.6173623; F_norm = 2.331011755
Step = 614; E = -982.6127826; F_norm = 2.322807953
Step = 615; E = -982.608219; F_norm = 2.314632769
Step = 616; E = -982.6036713; F_norm = 2.306486103
Step = 617; E = -982.5991395; F_norm = 2.298367859
Step = 618; E = -982.5946236; F_norm = 2.290277938
Step = 619; E = -982.5901235; F_norm = 2.282216244
Step = 620; E = -982.5856392; F_norm = 2.274182681
Step = 621; E = -982.5811705; F_norm = 2.266177151
Step = 622; E = -982.5767175; F_norm = 2.258199558
Step = 623; E = -982.57228; F_norm = 2.250249808
Step = 624; E = -982.5678581; F_norm = 2.242327804
Step = 625; E = -982.5634517; F_norm = 2.23443345
Step = 626; E = -982.5590607; F_norm = 2.226566654
Step = 627; E = -982.5546851; F_norm = 2.218727319
Step = 628; E = -982.5503248; F_norm = 2.210915351
Step = 629; E = -982.5459797; F_norm = 2.203130657
Step = 630; E = -982.5416499; F_norm = 2.195373143
Step = 631; E = -982.5373352; F_norm = 2.187642716
Step = 632; E = -982.5330357; F_norm = 2.179939283
Step = 633; E = -982.5287512; F_norm = 2.172262751
Step = 634; E = -982.5244817; F_norm = 2.164613028
Step = 635; E = -982.5202271; F_norm = 2.156990021
Step = 636; E = -982.5159875; F_norm = 2.14939364
Step = 637; E = -982.5117627; F_norm = 2.141823792
Step = 638; E = -982.5075527; F_norm = 2.134280386
Step = 639; E = -982.5033574; F_norm = 2.126763332
Step = 640; E = -982.4991769; F_norm = 2.119272539
Step = 641; E = -982.495011; F_norm = 2.111807917
Step = 642; E = -982.4908596; F_norm = 2.104369375
Step = 643; E = -982.4867229; F_norm = 2.096956825
Step = 644; E = -982.4826006; F_norm = 2.089570177
Step = 645; E = -982.4784928; F_norm = 2.082209341
Step = 646; E = -982.4743993; F_norm = 2.07487423
Step = 647; E = -982.4703202; F_norm = 2.067564754
Step = 648; E = -982.4662554; F_norm = 2.060280825
Step = 649; E = -982.4622049; F_norm = 2.053022357
Step = 650; E = -982.4581685; F_norm = 2.04578926
Step = 651; E = -982.4541463; F_norm = 2.038581448
Step = 652; E = -982.4501382; F_norm = 2.031398833
Step = 653; E = -982.4461441; F_norm = 2.02424133
Step = 654; E = -982.4421641; F_norm = 2.017108851
Step = 655; E = -982.438198; F_norm = 2.010001311
Step = 656; E = -982.4342457; F_norm = 2.002918623
Step = 657; E = -982.4303074; F_norm = 1.995860703
Step = 658; E = -982.4263828; F_norm = 1.988827464
Step = 659; E = -982.4224721; F_norm = 1.981818822
Step = 660; E = -982.418575; F_norm = 1.974834692
Step = 661; E = -982.4146916; F_norm = 1.96787499
Step = 662; E = -982.4108218; F_norm = 1.960939632
Step = 663; E = -982.4069656; F_norm = 1.954028533
Step = 664; E = -982.4031229; F_norm = 1.947141611
Step = 665; E = -982.3992937; F_norm = 1.940278781
Step = 666; E = -982.3954779; F_norm = 1.933439961
Step = 667; E = -982.3916755; F_norm = 1.926625068
Step = 668; E = -982.3878864; F_norm = 1.91983402
Step = 669; E = -982.3841106; F_norm = 1.913066734
Step = 670; E = -982.3803481; F_norm = 1.906323129
Step = 671; E = -982.3765987; F_norm = 1.899603122
Step = 672; E = -982.3728626; F_norm = 1.892906633
Step = 673; E = -982.3691395; F_norm = 1.886233581
Step = 674; E = -982.3654295; F_norm = 1.879583884
Step = 675; E = -982.3617325; F_norm = 1.872957462
Step = 676; E = -982.3580484; F_norm = 1.866354235
Step = 677; E = -982.3543773; F_norm = 1.859774122
Step = 678; E = -982.3507191; F_norm = 1.853217045
Step = 679; E = -982.3470738; F_norm = 1.846682922
Step = 680; E = -982.3434412; F_norm = 1.840171677
Step = 681; E = -982.3398213; F_norm = 1.833683228
Step = 682; E = -982.3362142; F_norm = 1.827217498
Step = 683; E = -982.3326197; F_norm = 1.820774408
Step = 684; E = -982.3290379; F_norm = 1.814353881
Step = 685; E = -982.3254686; F_norm = 1.807955837
Step = 686; E = -982.3219118; F_norm = 1.8015802
Step = 687; E = -982.3183676; F_norm = 1.795226892
Step = 688; E = -982.3148357; F_norm = 1.788895836
Step = 689; E = -982.3113163; F_norm = 1.782586955
Step = 690; E = -982.3078092; F_norm = 1.776300173
Step = 691; E = -982.3043145; F_norm = 1.770035412
Step = 692; E = -982.300832; F_norm = 1.763792598
Step = 693; E = -982.2973617; F_norm = 1.757571655
Step = 694; E = -982.2939036; F_norm = 1.751372506
Step = 695; E = -982.2904577; F_norm = 1.745195076
Step = 696; E = -982.2870239; F_norm = 1.73903929
Step = 697; E = -982.2836021; F_norm = 1.732905074
Step = 698; E = -982.2801923; F_norm = 1.726792353
Step = 699; E = -982.2767945; F_norm = 1.720701053
Step = 700; E = -982.2734087; F_norm = 1.714631099
Step = 701; E = -982.2700347; F_norm = 1.708582418
Step = 702; E = -982.2666726; F_norm = 1.702554936
Step = 703; E = -982.2633223; F_norm = 1.696548579
Step = 704; E = -982.2599838; F_norm = 1.690563276
Step = 705; E = -982.256657; F_norm = 1.684598952
Step = 706; E = -982.2533419; F_norm = 1.678655536
Step = 707; E = -982.2500384; F_norm = 1.672732955
Step = 708; E = -982.2467466; F_norm = 1.666831136
Step = 709; E = -982.2434663; F_norm = 1.660950009
Step = 710; E = -982.2401975; F_norm = 1.655089501
Step = 711; E = -982.2369402; F_norm = 1.649249541
Step = 712; E = -982.2336944; F_norm = 1.643430058
Step = 713; E = -982.2304599; F_norm = 1.637630981
Step = 714; E = -982.2272368; F_norm = 1.63185224
Step = 715; E = -982.2240251; F_norm = 1.626093763
Step = 716; E = -982.2208246; F_norm = 1.620355482
Step = 717; E = -982.2176354; F_norm = 1.614637325
Step = 718; E = -982.2144574; F_norm = 1.608939223
Step = 719; E = -982.2112906; F_norm = 1.603261107
Step = 720; E = -982.2081349; F_norm = 1.597602907
Step = 721; E = -982.2049903; F_norm = 1.591964555
Step = 722; E = -982.2018567; F_norm = 1.586345982
Step = 723; E = -982.1987342; F_norm = 1.580747119
Step = 724; E = -982.1956226; F_norm = 1.575167897
Step = 725; E = -982.192522; F_norm = 1.56960825
Step = 726; E = -982.1894323; F_norm = 1.564068108
Step = 727; E = -982.1863534; F_norm = 1.558547405
Step = 728; E = -982.1832854; F_norm = 1.553046073
Step = 729; E = -982.1802281; F_norm = 1.547564044
Step = 730; E = -982.1771816; F_norm = 1.542101253
Step = 731; E = -982.1741458; F_norm = 1.536657631
Step = 732; E = -982.1711207; F_norm = 1.531233113
Step = 733; E = -982.1681062; F_norm = 1.525827633
Step = 734; E = -982.1651024; F_norm = 1.520441124
Step = 735; E = -982.162109; F_norm = 1.515073521
Step = 736; E = -982.1591262; F_norm = 1.509724758
Step = 737; E = -982.1561539; F_norm = 1.504394769
Step = 738; E = -982.1531921; F_norm = 1.49908349
Step = 739; E = -982.1502407; F_norm = 1.493790856
Step = 740; E = -982.1472996; F_norm = 1.488516801
Step = 741; E = -982.1443689; F_norm = 1.483261262
Step = 742; E = -982.1414485; F_norm = 1.478024175
Step = 743; E = -982.1385384; F_norm = 1.472805474
Step = 744; E = -982.1356385; F_norm = 1.467605096
Step = 745; E = -982.1327488; F_norm = 1.462422979
Step = 746; E = -982.1298693; F_norm = 1.457259057
Step = 747; E = -982.1269999; F_norm = 1.452113269
Step = 748; E = -982.1241406; F_norm = 1.446985551
Step = 749; E = -982.1212914; F_norm = 1.441875841
Step = 750; E = -982.1184522; F_norm = 1.436784075
Step = 751; E = -982.115623; F_norm = 1.431710192
Step = 752; E = -982.1128037; F_norm = 1.426654129
Step = 753; E = -982.1099944; F_norm = 1.421615825
Step = 754; E = -982.1071949; F_norm = 1.416595218
Step = 755; E = -982.1044053; F_norm = 1.411592246
Step = 756; E = -982.1016255; F_norm = 1.406606848
Step = 757; E = -982.0988555; F_norm = 1.401638964
Step = 758; E = -982.0960953; F_norm = 1.396688531
Step = 759; E = -982.0933447; F_norm = 1.39175549
Step = 760; E = -982.0906038; F_norm = 1.38683978
Step = 761; E = -982.0878726; F_norm = 1.381941341
Step = 762; E = -982.085151; F_norm = 1.377060113
Step = 763; E = -982.082439; F_norm = 1.372196036
Step = 764; E = -982.0797365; F_norm = 1.36734905
Step = 765; E = -982.0770436; F_norm = 1.362519096
Step = 766; E = -982.0743601; F_norm = 1.357706115
Step = 767; E = -982.071686; F_norm = 1.352910047
Step = 768; E = -982.0690214; F_norm = 1.348130835
Step = 769; E = -982.0663662; F_norm = 1.343368418
Step = 770; E = -982.0637203; F_norm = 1.33862274
Step = 771; E = -982.0610837; F_norm = 1.333893741
Step = 772; E = -982.0584564; F_norm = 1.329181363
Step = 773; E = -982.0558383; F_norm = 1.32448555
Step = 774; E = -982.0532295; F_norm = 1.319806242
Step = 775; E = -982.0506299; F_norm = 1.315143384
Step = 776; E = -982.0480394; F_norm = 1.310496916
Step = 777; E = -982.045458; F_norm = 1.305866784
Step = 778; E = -982.0428857; F_norm = 1.301252928
Step = 779; E = -982.0403225; F_norm = 1.296655294
Step = 780; E = -982.0377683; F_norm = 1.292073824
Step = 781; E = -982.0352231; F_norm = 1.287508463
Step = 782; E = -982.0326869; F_norm = 1.282959153
Step = 783; E = -982.0301596; F_norm = 1.27842584
Step = 784; E = -982.0276412; F_norm = 1.273908467
Step = 785; E = -982.0251316; F_norm = 1.269406979
Step = 786; E = -982.022631; F_norm = 1.264921321
Step = 787; E = -982.0201391; F_norm = 1.260451438
Step = 788; E = -982.017656; F_norm = 1.255997274
Step = 789; E = -982.0151816; F_norm = 1.251558776
Step = 790; E = -982.012716; F_norm = 1.247135887
Step = 791; E = -982.010259; F_norm = 1.242728555
Step = 792; E = -982.0078107; F_norm = 1.238336724
Step = 793; E = -982.005371; F_norm = 1.233960341
Step = 794; E = -982.00294; F_norm = 1.229599353
Step = 795; E = -982.0005174; F_norm = 1.225253704
Step = 796; E = -981.9981035; F_norm = 1.220923342
Step = 797; E = -981.995698; F_norm = 1.216608214
Step = 798; E = -981.993301; F_norm = 1.212308267
Step = 799; E = -981.9909124; F_norm = 1.208023447
Step = 800; E = -981.9885323; F_norm = 1.203753702
Step = 801; E = -981.9861605; F_norm = 1.199498979
Step = 802; E = -981.9837971; F_norm = 1.195259227
Step = 803; E = -981.9814421; F_norm = 1.191034392
Step = 804; E = -981.9790953; F_norm = 1.186824422
Step = 805; E = -981.9767568; F_norm = 1.182629267
Step = 806; E = -981.9744266; F_norm = 1.178448874
Step = 807; E = -981.9721045; F_norm = 1.174283192
Step = 808; E = -981.9697907; F_norm = 1.170132169
Step = 809; E = -981.967485; F_norm = 1.165995755
Step = 810; E = -981.9651874; F_norm = 1.161873898
Step = 811; E = -981.9628979; F_norm = 1.157766548
Step = 812; E = -981.9606165; F_norm = 1.153673654
Step = 813; E = -981.9583431; F_norm = 1.149595166
Step = 814; E = -981.9560778; F_norm = 1.145531033
Step = 815; E = -981.9538204; F_norm = 1.141481205
Step = 816; E = -981.951571; F_norm = 1.137445632
Step = 817; E = -981.9493295; F_norm = 1.133424266
Step = 818; E = -981.9470959; F_norm = 1.129417055
Step = 819; E = -981.9448702; F_norm = 1.125423951
Step = 820; E = -981.9426524; F_norm = 1.121444904
Step = 821; E = -981.9404423; F_norm = 1.117479866
Step = 822; E = -981.9382401; F_norm = 1.113528787
Step = 823; E = -981.9360456; F_norm = 1.109591619
Step = 824; E = -981.9338589; F_norm = 1.105668313
Step = 825; E = -981.9316798; F_norm = 1.101758821
Step = 826; E = -981.9295085; F_norm = 1.097863095
Step = 827; E = -981.9273448; F_norm = 1.093981086
Step = 828; E = -981.9251887; F_norm = 1.090112746
Step = 829; E = -981.9230403; F_norm = 1.086258029
Step = 830; E = -981.9208994; F_norm = 1.082416886
Step = 831; E = -981.918766; F_norm = 1.07858927
Step = 832; E = -981.9166402; F_norm = 1.074775133
Step = 833; E = -981.9145219; F_norm = 1.070974429
Step = 834; E = -981.9124111; F_norm = 1.067187111
Step = 835; E = -981.9103077; F_norm = 1.063413131
Step = 836; E = -981.9082117; F_norm = 1.059652444
Step = 837; E = -981.9061231; F_norm = 1.055905003
Step = 838; E = -981.9040419; F_norm = 1.052170761
Step = 839; E = -981.901968; F_norm = 1.048449673
Step = 840; E = -981.8999014; F_norm = 1.044741693
Step = 841; E = -981.8978421; F_norm = 1.041046774
Step = 842; E = -981.8957901; F_norm = 1.037364871
Step = 843; E = -981.8937453; F_norm = 1.033695939
Step = 844; E = -981.8917078; F_norm = 1.030039932
Step = 845; E = -981.8896774; F_norm = 1.026396805
Step = 846; E = -981.8876542; F_norm = 1.022766513
Step = 847; E = -981.8856381; F_norm = 1.019149012
Step = 848; E = -981.8836291; F_norm = 1.015544256
Step = 849; E = -981.8816273; F_norm = 1.011952201
Step = 850; E = -981.8796324; F_norm = 1.008372802
Step = 851; E = -981.8776447; F_norm = 1.004806016
Step = 852; E = -981.8756639; F_norm = 1.001251797
Step = 853; E = -981.8736901; F_norm = 0.9977101035
Step = 854; E = -981.8717233; F_norm = 0.99418089
Step = 855; E = -981.8697635; F_norm = 0.9906641133
Step = 856; E = -981.8678105; F_norm = 0.98715973
Step = 857; E = -981.8658644; F_norm = 0.9836676966
Step = 858; E = -981.8639252; F_norm = 0.9801879699
Step = 859; E = -981.8619929; F_norm = 0.976720507
Step = 860; E = -981.8600673; F_norm = 0.9732652649
Step = 861; E = -981.8581486; F_norm = 0.9698222008
Step = 862; E = -981.8562366; F_norm = 0.9663912723
Step = 863; E = -981.8543314; F_norm = 0.9629724367
Step = 864; E = -981.8524329; F_norm = 0.9595656519
Step = 865; E = -981.8505411; F_norm = 0.9561708755
Step = 866; E = -981.848656; F_norm = 0.9527880657
Step = 867; E = -981.8467775; F_norm = 0.9494171806
Step = 868; E = -981.8449057; F_norm = 0.9460581783
Step = 869; E = -981.8430405; F_norm = 0.9427110174
Step = 870; E = -981.8411818; F_norm = 0.9393756564
Step = 871; E = -981.8393297; F_norm = 0.936052054
Step = 872; E = -981.8374842; F_norm = 0.932740169
Step = 873; E = -981.8356451; F_norm = 0.9294399604
Step = 874; E = -981.8338126; F_norm = 0.9261513873
Step = 875; E = -981.8319865; F_norm = 0.9228744091
Step = 876; E = -981.8301669; F_norm = 0.9196089851
Step = 877; E = -981.8283537; F_norm = 0.9163550748
Step = 878; E = -981.8265469; F_norm = 0.913112638
Step = 879; E = -981.8247465; F_norm = 0.9098816345
Step = 880; E = -981.8229524; F_norm = 0.9066620243
Step = 881; E = -981.8211646; F_norm = 0.9034537673
Step = 882; E = -981.8193832; F_norm = 0.900256824
Step = 883; E = -981.8176081; F_norm = 0.8970711546
Step = 884; E = -981.8158392; F_norm = 0.8938967198
Step = 885; E = -981.8140766; F_norm = 0.89073348
Step = 886; E = -981.8123202; F_norm = 0.8875813962
Step = 887; E = -981.81057; F_norm = 0.8844404293
Step = 888; E = -981.808826; F_norm = 0.8813105402
Step = 889; E = -981.8070881; F_norm = 0.8781916903
Step = 890; E = -981.8053564; F_norm = 0.8750838407
Step = 891; E = -981.8036308; F_norm = 0.8719869531
Step = 892; E = -981.8019113; F_norm = 0.8689009889
Step = 893; E = -981.8001978; F_norm = 0.86582591
Step = 894; E = -981.7984904; F_norm = 0.8627616781
Step = 895; E = -981.7967891; F_norm = 0.8597082553
Step = 896; E = -981.7950937; F_norm = 0.8566656036
Step = 897; E = -981.7934043; F_norm = 0.8536336854
Step = 898; E = -981.7917209; F_norm = 0.850612463
Step = 899; E = -981.7900435; F_norm = 0.8476018989
Step = 900; E = -981.7883719; F_norm = 0.8446019558
Step = 901; E = -981.7867063; F_norm = 0.8416125965
Step = 902; E = -981.7850466; F_norm = 0.8386337837
Step = 903; E = -981.7833927; F_norm = 0.8356654807
Step = 904; E = -981.7817446; F_norm = 0.8327076505
Step = 905; E = -981.7801024; F_norm = 0.8297602564
Step = 906; E = -981.778466; F_norm = 0.8268232618
Step = 907; E = -981.7768354; F_norm = 0.8238966304
Step = 908; E = -981.7752105; F_norm = 0.8209803256
Step = 909; E = -981.7735913; F_norm = 0.8180743114
Step = 910; E = -981.7719779; F_norm = 0.8151785516
Step = 911; E = -981.7703702; F_norm = 0.8122930102
Step = 912; E = -981.7687681; F_norm = 0.8094176516
Step = 913; E = -981.7671718; F_norm = 0.8065524398
Step = 914; E = -981.765581; F_norm = 0.8036973394
Step = 915; E = -981.7639959; F_norm = 0.8008523149
Step = 916; E = -981.7624164; F_norm = 0.798017331
Step = 917; E = -981.7608424; F_norm = 0.7951923523
Step = 918; E = -981.759274; F_norm = 0.7923773439
Step = 919; E = -981.7577112; F_norm = 0.7895722708
Step = 920; E = -981.7561539; F_norm = 0.786777098
Step = 921; E = -981.754602; F_norm = 0.7839917909
Step = 922; E = -981.7530557; F_norm = 0.7812163149
Step = 923; E = -981.7515148; F_norm = 0.7784506354
Step = 924; E = -981.7499794; F_norm = 0.7756947182
Step = 925; E = -981.7484494; F_norm = 0.7729485288
Step = 926; E = -981.7469248; F_norm = 0.7702120333
Step = 927; E = -981.7454056; F_norm = 0.7674851975
Step = 928; E = -981.7438917; F_norm = 0.7647679876
Step = 929; E = -981.7423832; F_norm = 0.7620603699
Step = 930; E = -981.7408801; F_norm = 0.7593623105
Step = 931; E = -981.7393822; F_norm = 0.7566737761
Step = 932; E = -981.7378897; F_norm = 0.7539947331
Step = 933; E = -981.7364024; F_norm = 0.7513251483
Step = 934; E = -981.7349203; F_norm = 0.7486649884
Step = 935; E = -981.7334436; F_norm = 0.7460142204
Step = 936; E = -981.731972; F_norm = 0.7433728113
Step = 937; E = -981.7305056; F_norm = 0.7407407282
Step = 938; E = -981.7290444; F_norm = 0.7381179384
Step = 939; E = -981.7275884; F_norm = 0.7355044092
Step = 940; E = -981.7261375; F_norm = 0.7329001083
Step = 941; E = -981.7246918; F_norm = 0.7303050031
Step = 942; E = -981.7232511; F_norm = 0.7277190613
Step = 943; E = -981.7218156; F_norm = 0.7251422509
Step = 944; E = -981.7203851; F_norm = 0.7225745396
Step = 945; E = -981.7189597; F_norm = 0.7200158956
Step = 946; E = -981.7175393; F_norm = 0.7174662871
Step = 947; E = -981.7161239; F_norm = 0.7149256823
Step = 948; E = -981.7147136; F_norm = 0.7123940495
Step = 949; E = -981.7133082; F_norm = 0.7098713573
Step = 950; E = -981.7119078; F_norm = 0.7073575742
Step = 951; E = -981.7105123; F_norm = 0.704852669
Step = 952; E = -981.7091218; F_norm = 0.7023566105
Step = 953; E = -981.7077362; F_norm = 0.6998693676
Step = 954; E = -981.7063555; F_norm = 0.6973909094
Step = 955; E = -981.7049797; F_norm = 0.6949212049
Step = 956; E = -981.7036087; F_norm = 0.6924602234
Step = 957; E = -981.7022426; F_norm = 0.6900079343
Step = 958; E = -981.7008813; F_norm = 0.687564307
Step = 959; E = -981.6995248; F_norm = 0.6851293111
Step = 960; E = -981.6981731; F_norm = 0.6827029163
Step = 961; E = -981.6968262; F_norm = 0.6802850924
Step = 962; E = -981.6954841; F_norm = 0.6778758092
Step = 963; E = -981.6941467; F_norm = 0.6754750366
Step = 964; E = -981.692814; F_norm = 0.6730827449
Step = 965; E = -981.6914861; F_norm = 0.6706989043
Step = 966; E = -981.6901628; F_norm = 0.6683234849
Step = 967; E = -981.6888442; F_norm = 0.6659564572
Step = 968; E = -981.6875303; F_norm = 0.6635977917
Step = 969; E = -981.686221; F_norm = 0.661247459
Step = 970; E = -981.6849164; F_norm = 0.6589054299
Step = 971; E = -981.6836164; F_norm = 0.6565716751
Step = 972; E = -981.6823209; F_norm = 0.6542461656
Step = 973; E = -981.6810301; F_norm = 0.6519288723
Step = 974; E = -981.6797438; F_norm = 0.6496197664
Step = 975; E = -981.678462; F_norm = 0.6473188191
Step = 976; E = -981.6771848; F_norm = 0.6450260018
Step = 977; E = -981.6759121; F_norm = 0.6427412857
Step = 978; E = -981.674644; F_norm = 0.6404646425
Step = 979; E = -981.6733803; F_norm = 0.6381960438
Step = 980; E = -981.672121; F_norm = 0.6359354612
Step = 981; E = -981.6708662; F_norm = 0.6336828667
Step = 982; E = -981.6696159; F_norm = 0.631438232
Step = 983; E = -981.66837; F_norm = 0.6292015292
Step = 984; E = -981.6671284; F_norm = 0.6269727305
Step = 985; E = -981.6658913; F_norm = 0.624751808
Step = 986; E = -981.6646586; F_norm = 0.622538734
Step = 987; E = -981.6634302; F_norm = 0.6203334808
Step = 988; E = -981.6622061; F_norm = 0.6181360211
Step = 989; E = -981.6609864; F_norm = 0.6159463274
Step = 990; E = -981.659771; F_norm = 0.6137643724
Step = 991; E = -981.6585599; F_norm = 0.6115901288
Step = 992; E = -981.6573531; F_norm = 0.6094235695
Step = 993; E = -981.6561505; F_norm = 0.6072646676
Step = 994; E = -981.6549522; F_norm = 0.605113396
Step = 995; E = -981.6537582; F_norm = 0.6029697279
Step = 996; E = -981.6525683; F_norm = 0.6008336365
Step = 997; E = -981.6513827; F_norm = 0.5987050953
Step = 998; E = -981.6502013; F_norm = 0.5965840776
Step = 999; E = -981.649024; F_norm = 0.594470557
----Optimized Positions----
0.02737621401, 1.288207062e-16, -4.633662077e-32
2.25541278, -1.288207062e-16, 4.633662077e-32
Optimized Grad
  -2.9724e-01   2.9724e-01
  -2.7510e-14   2.7510e-14
   9.8954e-30  -9.8954e-30

Beginning Vibrational Analysis.
Hessian
   4.3314e+01   5.8649e-11  -1.2196e-09  -4.3314e+01   1.1610e-09  -8.1308e-10
   5.8649e-11   1.5113e+00   5.1102e-10  -2.7104e-10  -1.5113e+00  -4.2967e-10
  -1.2196e-09   5.1102e-10   1.5113e+00   1.2196e-09  -5.1102e-10  -1.5113e+00
  -4.3314e+01  -2.7104e-10   1.2196e-09   4.3314e+01  -1.3551e-09   8.1308e-10
   1.1610e-09  -1.5113e+00  -5.1102e-10  -1.3551e-09   1.5113e+00   4.2967e-10
  -8.1308e-10  -4.2967e-10  -1.5113e+00   8.1308e-10   4.2967e-10   1.5113e+00
Mass Weighted
   2.7073e+00   3.6658e-12  -7.6231e-11  -2.7073e+00   7.2565e-11  -5.0821e-11
   3.6658e-12   9.4461e-02   3.1941e-11  -1.6941e-11  -9.4461e-02  -2.6856e-11
  -7.6231e-11   3.1941e-11   9.4461e-02   7.6231e-11  -3.1941e-11  -9.4461e-02
  -2.7073e+00  -1.6941e-11   7.6231e-11   2.7073e+00  -8.4701e-11   5.0821e-11
   7.2565e-11  -9.4461e-02  -3.1941e-11  -8.4701e-11   9.4461e-02   2.6856e-11
  -5.0821e-11  -2.6856e-11  -9.4461e-02   5.0821e-11   2.6856e-11   9.4461e-02
Force constants
  -3.0674e-11
  -1.7555e-15
   5.2624e-12
   1.8892e-01
   1.8892e-01
   5.4146e+00
Modes
   6.5328e-01   1.2580e-06  -2.7059e-01  -1.2735e-12  -7.7971e-12  -7.0711e-01
   2.7059e-01  -2.5158e-06   6.5328e-01   2.0110e-01  -6.7791e-01  -2.3685e-12
  -1.9949e-07   7.0711e-01   2.8056e-06  -6.7791e-01  -2.0110e-01   2.0030e-11
   6.5328e-01   1.2579e-06  -2.7059e-01   6.0285e-14   1.1887e-11   7.0711e-01
   2.7059e-01  -2.5157e-06   6.5328e-01  -2.0110e-01   6.7791e-01  -2.0860e-11
  -1.9949e-07   7.0711e-01   2.8056e-06   6.7791e-01   2.0110e-01   1.3154e-11
Frequencies (cm^-1)
            0
            0
            0
   5.6626e+02
   5.6626e+02
   3.0315e+03

